[2024-08-06T21:17:00.484] [INFO] request - Request: [GET] url: https://www.baidu.com/sugrec?&prod=pc_his&from=pc_web&json=1&sid=&hisdata=&_t=1722950220423&req=2&csor=0
[2024-08-06T21:17:54.598] [INFO] request - Request: [GET] url: https://apm-fe.zhipin.com/wapi/zpApm/httpMetrics/getConfig?appKey=ObsSRskiryhn60pf
[2024-08-06T21:17:54.735] [INFO] request - Request: [POST] url: https://www.zhipin.com/wapi/zppassport/set/zpToken
[2024-08-06T21:17:54.774] [INFO] request - Request: [POST] url: https://logapi.zhipin.com/dap/api/json
[2024-08-06T21:17:55.026] [INFO] request - Request: [GET] url: https://www.zhipin.com/wapi/zpuser/wap/getUserInfo.json
[2024-08-06T21:17:55.122] [INFO] request - Request: [POST] url: https://logapi.zhipin.com/dap/api/json
[2024-08-06T21:17:58.063] [INFO] request - Request: [POST] url: https://apm-fe.zhipin.com/wapi/zpApm/actionLog/fe/common.json
[2024-08-06T21:17:58.063] [INFO] request - Request: [POST] url: https://apm-fe.zhipin.com/wapi/zpApm/actionLog/fe/common.json
[2024-08-06T21:19:54.347] [INFO] request - Request: [GET] url: https://apm-fe.zhipin.com/wapi/zpApm/httpMetrics/getConfig?appKey=ObsSRskiryhn60pf
[2024-08-06T21:19:54.660] [INFO] request - Request: [POST] url: https://www.zhipin.com/wapi/zppassport/set/zpToken
[2024-08-06T21:19:54.755] [INFO] request - Request: [POST] url: https://logapi.zhipin.com/dap/api/json
[2024-08-06T21:19:54.863] [INFO] request - Request: [GET] url: https://www.zhipin.com/wapi/zpuser/wap/getUserInfo.json
[2024-08-06T21:19:55.143] [INFO] request - Request: [POST] url: https://logapi.zhipin.com/dap/api/json
[2024-08-06T21:19:58.643] [INFO] request - Request: [POST] url: https://apm-fe.zhipin.com/wapi/zpApm/actionLog/fe/common.json
[2024-08-06T21:19:58.644] [INFO] request - Request: [POST] url: https://apm-fe.zhipin.com/wapi/zpApm/actionLog/fe/common.json
[2024-08-06T21:23:59.711] [INFO] request - Request: [GET] url: https://apm-fe.zhipin.com/wapi/zpApm/httpMetrics/getConfig?appKey=ObsSRskiryhn60pf
[2024-08-06T21:24:00.206] [INFO] request - Request: [POST] url: https://www.zhipin.com/wapi/zppassport/set/zpToken
[2024-08-06T21:24:00.225] [INFO] request - Request: [POST] url: https://logapi.zhipin.com/dap/api/json
[2024-08-06T21:24:01.273] [INFO] request - Request: [GET] url: https://www.zhipin.com/wapi/zpuser/wap/getUserInfo.json
[2024-08-06T21:24:01.758] [INFO] request - Request: [POST] url: https://logapi.zhipin.com/dap/api/json
[2024-08-06T21:24:04.302] [INFO] request - Request: [POST] url: https://apm-fe.zhipin.com/wapi/zpApm/actionLog/fe/common.json
[2024-08-06T21:24:04.303] [INFO] request - Request: [POST] url: https://apm-fe.zhipin.com/wapi/zpApm/actionLog/fe/common.json
[2024-08-06T21:24:39.614] [INFO] request - Request: [POST] url: https://www.zhipin.com/wapi/zppassport/captcha/randkey
[2024-08-06T21:24:39.711] [INFO] request - Request: [GET] url: https://www.zhipin.com/wapi/zppassport/qrcode/scan?uuid=bosszp-ff0ed244-f950-420b-9593-51a8dfc12384
[2024-08-06T21:25:04.219] [INFO] request - Request: [GET] url: https://www.zhipin.com/wapi/zppassport/qrcode/scan?uuid=bosszp-ff0ed244-f950-420b-9593-51a8dfc12384
[2024-08-06T21:25:04.485] [INFO] request - Request: [GET] url: https://www.zhipin.com/wapi/zppassport/captcha/getSecondKey?uuid=bosszp-ff0ed244-f950-420b-9593-51a8dfc12384
[2024-08-06T21:25:04.532] [INFO] request - Request: [GET] url: https://www.zhipin.com/wapi/zppassport/qrcode/scanSecond?uuid=bosszp-83836067-cb4b-47ae-8cdd-eca2f4b4d5e6
[2024-08-06T21:25:05.536] [INFO] request - Request: [GET] url: https://www.zhipin.com/wapi/zppassport/qrcode/getHeadImg?qrId=bosszp-ff0ed244-f950-420b-9593-51a8dfc12384
[2024-08-06T21:25:05.537] [INFO] request - Request: [GET] url: https://www.zhipin.com/wapi/zppassport/qrcode/scanLogin?qrId=bosszp-ff0ed244-f950-420b-9593-51a8dfc12384
[2024-08-06T21:25:05.915] [INFO] request - Request: [GET] url: https://www.zhipin.com/wapi/zppassport/qrcode/dispatcher?qrId=bosszp-ff0ed244-f950-420b-9593-51a8dfc12384&pk=cpc_user_sign_up&fp=yYHCuM%2FPr%2BVBlU7k45338%2BTIYZjzUWBPRjpwoqnJgzaEIjuJwIbFrL3OhPCNz9gARpxw0fW1K2Zfz0BHVjxNol%2FzoWrL85D3H1MykKmgSblEPVEpgaKZII4IKRZkfBiF8ZxfJb66wPJa7or%2FhTzjyv%2BC9LOBaIm1mJWoLYWUVx238UCoY%2BEXX1PTuEOlhhtkJ1x7%2F6UK0Ky1QD4mcR4Fyw%3D%3D
[2024-08-06T21:25:06.141] [INFO] request - Request: [POST] url: https://www.zhipin.com/wapi/zpCommon/actionLog/common.json
[2024-08-06T21:25:06.624] [INFO] request - Request: [GET] url: https://apm-fe.zhipin.com/wapi/zpApm/httpMetrics/getConfig?appKey=ObsSRskiryhn60pf
[2024-08-06T21:25:07.060] [INFO] request - Request: [POST] url: https://logapi.zhipin.com/dap/api/json
[2024-08-06T21:25:07.392] [INFO] request - Request: [POST] url: https://www.zhipin.com/wapi/zppassport/set/zpToken
[2024-08-06T21:25:07.394] [INFO] request - Request: [GET] url: https://www.zhipin.com/wapi/zpchat/group/gravityGroupInfoList?page=1&scene=0
[2024-08-06T21:25:07.395] [INFO] request - Request: [GET] url: https://www.zhipin.com/wapi/zprelation/friend/geekFilterByLabel?labelId=0
[2024-08-06T21:25:07.395] [INFO] request - Request: [GET] url: https://www.zhipin.com/wapi/zpchat/config/get
[2024-08-06T21:25:07.396] [INFO] request - Request: [GET] url: https://www.zhipin.com/wapi/zpitem/web/item/config/get
[2024-08-06T21:25:07.640] [INFO] request - Request: [GET] url: https://www.zhipin.com/wapi/zpuser/wap/getUserInfo.json
[2024-08-06T21:25:07.642] [INFO] request - Request: [GET] url: https://www.zhipin.com/wapi/zpchat/notify/setting/get
[2024-08-06T21:25:07.647] [INFO] request - Request: [GET] url: https://www.zhipin.com/wapi/zpchat/group/groupInfoList
[2024-08-06T21:25:07.648] [INFO] request - Request: [GET] url: https://www.zhipin.com/wapi/zpchat/group/gravityGroupInfoList?page=1&scene=0
[2024-08-06T21:25:07.649] [INFO] request - Request: [GET] url: https://www.zhipin.com/wapi/zprelation/friend/geekFilterByLabel?labelId=-1
[2024-08-06T21:25:07.730] [INFO] request - Request: [GET] url: https://www.zhipin.com/wapi/zpgeek/common/data/header.json
[2024-08-06T21:25:07.871] [INFO] request - Request: [POST] url: https://logapi.zhipin.com/dap/api/json
[2024-08-06T21:25:07.876] [INFO] request - Request: [GET] url: https://www.zhipin.com/wapi/zppassport/get/wt
[2024-08-06T21:25:07.877] [INFO] request - Request: [GET] url: https://www.zhipin.com/wapi/zpgeek/resume/complete/step.json?version=2
[2024-08-06T21:25:07.878] [INFO] request - Request: [GET] url: https://www.zhipin.com/wapi/zpCommon/data/cityGroup.json
[2024-08-06T21:25:07.879] [INFO] request - Request: [GET] url: https://www.zhipin.com/wapi/zpgeek/pc/recommend/expect/list.json
[2024-08-06T21:25:07.880] [INFO] request - Request: [GET] url: https://www.zhipin.com/wapi/zpCommon/data/industryFilterExemption
[2024-08-06T21:25:07.881] [INFO] request - Request: [GET] url: https://www.zhipin.com/wapi/zpgeek/common/data/footer.json
[2024-08-06T21:25:07.892] [INFO] request - Request: [GET] url: https://www.zhipin.com/wapi/zpgeek/resume/restrict/list.json
[2024-08-06T21:25:08.038] [INFO] request - Request: [GET] url: https://www.zhipin.com/wapi/zpgeek/pc/recommend/conditions.json
[2024-08-06T21:25:08.039] [INFO] request - Request: [GET] url: https://www.zhipin.com/wapi/zpgeek/common/data/defaultcity.json
[2024-08-06T21:25:08.111] [INFO] request - Request: [GET] url: https://www.zhipin.com/wapi/zpgeek/agreement/update/tip.json
[2024-08-06T21:25:08.112] [INFO] request - Request: [GET] url: https://www.zhipin.com/wapi/zpgeek/resume/parser/querybar.json
[2024-08-06T21:25:08.114] [INFO] request - Request: [GET] url: https://www.zhipin.com/wapi/zpgeek/common/data/city/site.json
[2024-08-06T21:25:08.119] [INFO] request - Request: [GET] url: https://www.zhipin.com/wapi/zpgeek/webtopbanner/query.json
[2024-08-06T21:25:08.121] [INFO] request - Request: [GET] url: https://www.zhipin.com/wapi/zpuser/wap/getSecurityGuideV1
[2024-08-06T21:25:08.189] [INFO] request - Request: [GET] url: https://www.zhipin.com/wapi/zpgeek/pc/recommend/job/list.json?city=101020100&experience=&payType=&partTime=&degree=&industry=&scale=&salary=&jobType=&encryptExpectId=&mixExpectType=&page=1&pageSize=15
[2024-08-06T21:25:08.238] [INFO] request - Request: [GET] url: https://www.zhipin.com/wapi/zpitem/geek/vip/info?
[2024-08-06T21:25:08.240] [INFO] request - Request: [GET] url: https://www.zhipin.com/wapi/zpuser/h5/account/getStatus?
[2024-08-06T21:25:08.241] [INFO] request - Request: [GET] url: https://www.zhipin.com/wapi/zpwukong/web/employer/task/showGeekEntry?
[2024-08-06T21:25:08.242] [INFO] request - Request: [GET] url: https://www.zhipin.com/wapi/zpke/geek/course/pc/entry?
[2024-08-06T21:25:08.381] [INFO] request - Request: [GET] url: https://www.zhipin.com/wapi/zpgeek/job/detail.json?securityId=1Ni6fM0HZPlCy-r1cd0T9y_6uOkVt8aOAqbAnpjZ5tO63YrjDusdT5d_VJf1AfXLWvC9XdIYh1d8V2umXHgyw5w7eX_vI7BMqmuOPEjDHbJJMg5VSoPCxncxaw~~&lid=5YzSJJ7paRe.search.1
[2024-08-06T21:25:09.303] [INFO] request - Request: [POST] url: https://www.zhipin.com/wapi/zpApm/actionLog/fe/ie/common.json
[2024-08-06T21:25:10.637] [INFO] request - Request: [POST] url: https://apm-fe.zhipin.com/wapi/zpApm/actionLog/fe/common.json
[2024-08-06T21:25:10.637] [INFO] request - Request: [POST] url: https://apm-fe.zhipin.com/wapi/zpApm/actionLog/fe/common.json
[2024-08-06T21:25:26.929] [INFO] request - Request: [GET] url: https://www.zhipin.com/wapi/zpuser/wap/choseShowSecurity
[2024-08-06T21:25:38.409] [INFO] request - Request: [GET] url: https://www.zhipin.com/wapi/zpgeek/job/detail.json?securityId=eS_6IQRN9u8z0-g17LAAGb7Dzbh7cHl-iUSq0C8t_Zixd9MXQJ9_4pzVWIg44WsiSyy4UHOyWnSP11SRCxUQGxJlZD0kmwsWxvjzDvqCf3dkVH2M2FUmu80a&lid=5YzSJJ7paRe.search.2
[2024-08-06T21:25:42.637] [INFO] request - Request: [GET] url: https://www.zhipin.com/wapi/zpgeek/job/detail.json?securityId=hj_kPXMIPtbwR-M18LWxGJfIzFQTW8HzG73eUVXvs0-JKQfXWcub_BHimI-Vz0SkowPPWXLsAIlcRD_0ZMu9DMN0DKnJQrwVdxxsc-AXf6Pj3-peIIJ93w7W&lid=5YzSJJ7paRe.search.3
[2024-08-06T21:25:48.995] [INFO] request - Request: [GET] url: https://apm-fe.zhipin.com/wapi/zpApm/httpMetrics/getConfig?appKey=ObsSRskiryhn60pf
[2024-08-06T21:25:49.150] [INFO] request - Request: [POST] url: https://www.zhipin.com/wapi/zppassport/set/zpToken
[2024-08-06T21:25:49.174] [INFO] request - Request: [GET] url: https://www.zhipin.com/wapi/zpgeek/webtopbanner/query.json
[2024-08-06T21:25:49.175] [INFO] request - Request: [GET] url: https://www.zhipin.com/wapi/zpchat/notify/setting/get
[2024-08-06T21:25:49.176] [INFO] request - Request: [GET] url: https://www.zhipin.com/wapi/zpgeek/recommend/conditions.json
[2024-08-06T21:25:49.177] [INFO] request - Request: [GET] url: https://www.zhipin.com/wapi/zpuser/wap/getSecurityGuideV1
[2024-08-06T21:25:49.178] [INFO] request - Request: [GET] url: https://www.zhipin.com/wapi/zpgeek/collection/popup/window
[2024-08-06T21:25:49.184] [INFO] request - Request: [GET] url: https://www.zhipin.com/wapi/certification/violate/rule/prompt/dialog
[2024-08-06T21:25:49.270] [INFO] request - Request: [GET] url: https://www.zhipin.com/wapi/zpuser/wap/ad/getPcActivity
[2024-08-06T21:25:49.271] [INFO] request - Request: [GET] url: https://www.zhipin.com/wapi/zpgeek/common/data/city/site.json
[2024-08-06T21:25:49.276] [INFO] request - Request: [GET] url: https://www.zhipin.com/wapi/zpCommon/data/industry.json
[2024-08-06T21:25:49.280] [INFO] request - Request: [GET] url: https://www.zhipin.com/wapi/zpCommon/data/city.json
[2024-08-06T21:25:49.281] [INFO] request - Request: [GET] url: https://www.zhipin.com/wapi/zpCommon/data/getCityShowPosition?cityCode=101020100
[2024-08-06T21:25:49.304] [INFO] request - Request: [GET] url: https://www.zhipin.com/wapi/zpgeek/agreement/update/tip.json
[2024-08-06T21:25:49.304] [INFO] request - Request: [GET] url: https://www.zhipin.com/wapi/zpgeek/resume/parser/querybar.json
[2024-08-06T21:25:49.308] [INFO] request - Request: [GET] url: https://www.zhipin.com/wapi/zpgeek/recommend/job/list.json?expectId=31989474ec8d79001nR73N-4FFFSwg~~&pk=cpc_job_index_shanghai&sortType=1&page=1&salary=&payType=&degree=&experience=&stage=&scale=&districtCode=&businessCode=
[2024-08-06T21:25:49.967] [INFO] request - Request: [GET] url: https://www.zhipin.com/wapi/zpgeek/recommend/job/list.json?expectId=31989474ec8d79001nR73N-4FFFSwg~~&pk=cpc_job_index_shanghai&sortType=2&page=1&salary=&payType=&degree=&experience=&stage=&scale=&districtCode=&businessCode=
[2024-08-06T21:25:50.584] [INFO] request - Request: [GET] url: https://www.zhipin.com/wapi/zpgeek/home/top/joblist.json?expectId=31989474ec8d79001nR73N-4FFFSwg~~
[2024-08-06T21:25:50.720] [INFO] request - Request: [GET] url: https://www.zhipin.com/wapi/zpitem/geek/vip/info?
[2024-08-06T21:25:50.720] [INFO] request - Request: [GET] url: https://www.zhipin.com/wapi/zpuser/h5/account/getStatus?
[2024-08-06T21:25:50.720] [INFO] request - Request: [GET] url: https://www.zhipin.com/wapi/zpwukong/web/employer/task/showGeekEntry?
[2024-08-06T21:25:50.721] [INFO] request - Request: [GET] url: https://www.zhipin.com/wapi/zpke/geek/course/pc/entry?
[2024-08-06T21:25:50.837] [INFO] request - Request: [POST] url: https://logapi.zhipin.com/dap/api/json
[2024-08-06T21:25:50.842] [INFO] request - Request: [GET] url: https://www.zhipin.com/wapi/zppassport/get/wt
[2024-08-06T21:25:54.341] [INFO] request - Request: [POST] url: https://apm-fe.zhipin.com/wapi/zpApm/actionLog/fe/common.json
[2024-08-06T21:26:02.296] [INFO] request - Request: [GET] url: https://www.zhipin.com/wapi/zpgeek/autocomplete/query.json?query=web&_=1722950749068
[2024-08-06T21:26:03.231] [INFO] request - Request: [GET] url: https://www.zhipin.com/wapi/zpgeek/autocomplete/query.json?query=webgl&_=1722950749069
[2024-08-06T21:26:03.527] [INFO] request - Request: [GET] url: https://www.zhipin.com/wapi/zpgeek/autocomplete/query.json?query=webgl&_=1722950749070
[2024-08-06T21:26:09.516] [INFO] request - Request: [GET] url: https://apm-fe.zhipin.com/wapi/zpApm/httpMetrics/getConfig?appKey=ObsSRskiryhn60pf
[2024-08-06T21:26:10.369] [INFO] request - Request: [GET] url: https://apm-fe.zhipin.com/wapi/zpApm/httpMetrics/getConfig?appKey=ObsSRskiryhn60pf
[2024-08-06T21:26:10.717] [INFO] request - Request: [POST] url: https://logapi.zhipin.com/dap/api/json
[2024-08-06T21:26:11.109] [INFO] request - Request: [POST] url: https://www.zhipin.com/wapi/zppassport/set/zpToken
[2024-08-06T21:26:11.110] [INFO] request - Request: [GET] url: https://www.zhipin.com/wapi/zpchat/group/gravityGroupInfoList?page=1&scene=0
[2024-08-06T21:26:11.112] [INFO] request - Request: [GET] url: https://www.zhipin.com/wapi/zprelation/friend/geekFilterByLabel?labelId=0
[2024-08-06T21:26:11.114] [INFO] request - Request: [GET] url: https://www.zhipin.com/wapi/zpchat/config/get
[2024-08-06T21:26:11.116] [INFO] request - Request: [GET] url: https://www.zhipin.com/wapi/zpitem/web/item/config/get
[2024-08-06T21:26:11.189] [INFO] request - Request: [GET] url: https://www.zhipin.com/wapi/zpchat/group/groupInfoList
[2024-08-06T21:26:11.190] [INFO] request - Request: [GET] url: https://www.zhipin.com/wapi/zpchat/group/gravityGroupInfoList?page=1&scene=0
[2024-08-06T21:26:11.191] [INFO] request - Request: [GET] url: https://www.zhipin.com/wapi/zprelation/friend/geekFilterByLabel?labelId=-1
[2024-08-06T21:26:11.209] [INFO] request - Request: [GET] url: https://www.zhipin.com/wapi/zpuser/wap/getUserInfo.json
[2024-08-06T21:26:11.210] [INFO] request - Request: [GET] url: https://www.zhipin.com/wapi/zpchat/notify/setting/get
[2024-08-06T21:26:11.213] [INFO] request - Request: [GET] url: https://www.zhipin.com/wapi/zpgeek/common/data/footer.json
[2024-08-06T21:26:12.557] [INFO] request - Request: [GET] url: https://www.zhipin.com/wapi/zpgeek/common/data/header.json
[2024-08-06T21:26:12.638] [INFO] request - Request: [GET] url: https://www.zhipin.com/wapi/zpgeek/resume/restrict/list.json
[2024-08-06T21:26:12.730] [INFO] request - Request: [GET] url: https://img.bosszhipin.com/static/file/2022/slv5z2t59n1655432972265.json
[2024-08-06T21:26:12.732] [INFO] request - Request: [GET] url: https://img.bosszhipin.com/static/file/2022/yq4s2zwazm1655433298817.json
[2024-08-06T21:26:12.734] [INFO] request - Request: [GET] url: https://img.bosszhipin.com/static/file/2022/coyoauheri1655433298743.json
[2024-08-06T21:26:12.735] [INFO] request - Request: [POST] url: https://logapi.zhipin.com/dap/api/json
[2024-08-06T21:26:12.744] [INFO] request - Request: [GET] url: https://www.zhipin.com/wapi/zppassport/get/wt
[2024-08-06T21:26:12.745] [INFO] request - Request: [GET] url: https://www.zhipin.com/wapi/zpgeek/common/data/friendlylinks.json?uri=%2Fweb%2Fgeek%2Fjob
[2024-08-06T21:26:12.746] [INFO] request - Request: [GET] url: https://www.zhipin.com/wapi/zpgeek/search/job/sidebar.json
[2024-08-06T21:26:12.747] [INFO] request - Request: [GET] url: https://www.zhipin.com/wapi/zpitem/geek/vip/info
[2024-08-06T21:26:12.747] [INFO] request - Request: [GET] url: https://www.zhipin.com/wapi/zpgeek/search/job/condition.json
[2024-08-06T21:26:12.748] [INFO] request - Request: [GET] url: https://www.zhipin.com/wapi/zpCommon/data/cityGroup.json
[2024-08-06T21:26:12.750] [INFO] request - Request: [GET] url: https://www.zhipin.com/wapi/zpgeek/search/joblist.json?scene=1&query=webgl%E5%89%8D%E7%AB%AF%E5%BC%80%E5%8F%91&city=101020100&experience=&payType=&partTime=&degree=&industry=&scale=&stage=&position=&jobType=&salary=&multiBusinessDistrict=&multiSubway=&page=1&pageSize=30
[2024-08-06T21:26:12.751] [INFO] request - Request: [GET] url: https://www.zhipin.com/wapi/zpgeek/search/job/subinfo.json?query=webgl%E5%89%8D%E7%AB%AF%E5%BC%80%E5%8F%91&city=101020100&experience=&payType=&partTime=&degree=&industry=&scale=&stage=&position=&jobType=&salary=&multiBusinessDistrict=&multiSubway=&page=1
[2024-08-06T21:26:12.751] [INFO] request - Request: [GET] url: https://www.zhipin.com/wapi/zpgeek/search/job/related/word.json?query=webgl%E5%89%8D%E7%AB%AF%E5%BC%80%E5%8F%91
[2024-08-06T21:26:12.752] [INFO] request - Request: [GET] url: https://www.zhipin.com/wapi/zpgeek/search/job/tdk.json?city=101020100&experience=&payType=&partTime=&degree=&industry=&scale=&stage=&position=&jobType=&salary=&multiBusinessDistrict=&multiSubway=
[2024-08-06T21:26:12.753] [INFO] request - Request: [GET] url: https://www.zhipin.com/wapi/zpgeek/businessDistrict.json?cityCode=101020100
[2024-08-06T21:26:12.754] [INFO] request - Request: [GET] url: https://www.zhipin.com/wapi/zpCommon/data/getSubwayByCity?cityCode=101020100
[2024-08-06T21:26:12.756] [INFO] request - Request: [GET] url: https://www.zhipin.com/wapi/zpCommon/data/industryFilterExemption
[2024-08-06T21:26:12.757] [INFO] request - Request: [GET] url: https://www.zhipin.com/wapi/zpCommon/data/getCityShowPosition
[2024-08-06T21:26:12.814] [INFO] request - Request: [GET] url: https://www.zhipin.com/wapi/zpgeek/agreement/update/tip.json
[2024-08-06T21:26:12.814] [INFO] request - Request: [GET] url: https://www.zhipin.com/wapi/zpgeek/resume/parser/querybar.json
[2024-08-06T21:26:12.815] [INFO] request - Request: [GET] url: https://www.zhipin.com/wapi/zpgeek/common/data/city/site.json
[2024-08-06T21:26:12.818] [INFO] request - Request: [GET] url: https://www.zhipin.com/wapi/zpgeek/webtopbanner/query.json
[2024-08-06T21:26:12.819] [INFO] request - Request: [GET] url: https://www.zhipin.com/wapi/zpuser/wap/getSecurityGuideV1
[2024-08-06T21:26:12.824] [INFO] request - Request: [GET] url: https://www.zhipin.com/wapi/zpgeek/collection/popup/window
[2024-08-06T21:26:13.103] [INFO] request - Request: [POST] url: https://www.zhipin.com/wapi/zpApm/actionLog/fe/ie/common.json
[2024-08-06T21:26:13.105] [INFO] request - Request: [GET] url: https://www.zhipin.com/wapi/zpitem/geek/vip/info?
[2024-08-06T21:26:13.106] [INFO] request - Request: [GET] url: https://www.zhipin.com/wapi/zpuser/h5/account/getStatus?
[2024-08-06T21:26:13.107] [INFO] request - Request: [GET] url: https://www.zhipin.com/wapi/zpwukong/web/employer/task/showGeekEntry?
[2024-08-06T21:26:13.107] [INFO] request - Request: [GET] url: https://www.zhipin.com/wapi/zpke/geek/course/pc/entry?
[2024-08-06T21:26:13.403] [INFO] request - Request: [GET] url: https://www.zhipin.com/wapi/zpgeek/search/job/seo/data.json?city=101020100&position=&industry=&multiBusinessDistrict=&jobCity=101020100
[2024-08-06T21:26:13.407] [INFO] request - Request: [POST] url: https://www.zhipin.com/wapi/zpgeek/job/subscribe/qr.json
[2024-08-06T21:26:14.182] [INFO] request - Request: [POST] url: https://apm-fe.zhipin.com/wapi/zpApm/actionLog/fe/common.json
[2024-08-06T21:26:17.832] [INFO] request - Request: [GET] url: https://www.zhipin.com/wapi/zpgeek/job/card.json?securityId=uZkN54AymjRHO-H1CCX7WADiuQlyzQRJw1x13SxT49C3J9e947rVGlfzNzL3W4w7oORfq6Zny1k8XdFq1lAxEqklxUC_S4k6GGJeekz9_OAdn65a7l3Vu9WK9sW8Jx7E43-NM-v71uMovLKyKU5dZTQ2FT_ZHJDksnnyMaDZORFakG5S&lid=5YyCdsmfitO.search.1&sessionId=
[2024-08-06T21:26:38.532] [INFO] request - Request: [POST] url: https://www.zhipin.com/wapi/zpCommon/actionLog/common.json
[2024-08-06T21:26:44.304] [INFO] request - Request: [GET] url: https://www.zhipin.com/wapi/zpgeek/job/card.json?securityId=xQQkPPqHysrqD-m1Lp1eYT5hGDOOcjBd1iiPWtuSoDL66UUx6LCZlDzbGhniMTdUZY5TzD9pZlx_QHgxARl9T6TNhvsDWXv5gm91Lnn2-kaeZx9nUn2qxfzqSj-6NU_pLhaJGqIajdGGeQ~~&lid=5YyCdsmfitO.search.3&sessionId=
[2024-08-06T21:27:08.927] [INFO] request - Request: [GET] url: https://www.zhipin.com/wapi/zpgeek/job/card.json?securityId=it-Hpq1mAbdJ7-E1Vy6W8nwgrRQRWgT9RdTXNMDxN0eifBZaxlEtITL1huA29WEh2J-dKDYFCJNuXfuZjYSG9BOaU_TvkhbOjI6Nt1BbvyEJ5LksBjGLXM9Z48gK34wZNPthyAYLDixc4g~~&lid=5YyCdsmfitO.search.4&sessionId=
[2024-08-06T21:27:20.990] [INFO] request - Request: [GET] url: https://www.zhipin.com/wapi/zpgeek/job/card.json?securityId=T695dbFtmnCox-n1BhHrr3mUGqz0T24A7Xs_mDBl_fUTWsIZ_llhnNXB51rBJAqAqtAvWhfpbiptBHb21Sm7yL80ztO_FdRntosymjLD-Sr7MS-a1O1HhYL1XVpdfhxXerxH1HJESDGc0w~~&lid=5YyCdsmfitO.search.6&sessionId=
