[2024-08-12T22:54:29.505] [INFO] request - Request: [GET] url: https://apm-fe.zhipin.com/wapi/zpApm/httpMetrics/getConfig?appKey=ObsSRskiryhn60pf
[2024-08-12T22:54:29.603] [INFO] request - Request: [POST] url: https://www.zhipin.com/wapi/zppassport/set/zpToken
[2024-08-12T22:54:29.653] [INFO] request - Request: [POST] url: https://logapi.zhipin.com/dap/api/json
[2024-08-12T22:54:29.840] [INFO] request - Request: [GET] url: https://www.zhipin.com/wapi/zpuser/wap/getUserInfo.json
[2024-08-12T22:54:30.037] [INFO] request - Request: [POST] url: https://logapi.zhipin.com/dap/api/json
[2024-08-12T22:54:32.978] [INFO] request - Request: [POST] url: https://apm-fe.zhipin.com/wapi/zpApm/actionLog/fe/common.json
[2024-08-12T22:54:32.979] [INFO] request - Request: [POST] url: https://apm-fe.zhipin.com/wapi/zpApm/actionLog/fe/common.json
[2024-08-12T22:54:33.670] [INFO] request - Request: [POST] url: https://www.zhipin.com/wapi/zppassport/captcha/randkey
[2024-08-12T22:54:33.722] [INFO] request - Request: [GET] url: https://www.zhipin.com/wapi/zppassport/qrcode/scan?uuid=bosszp-3d2c6d76-d738-4b3a-bfb8-c964d3f540af
[2024-08-12T22:54:58.245] [INFO] request - Request: [GET] url: https://www.zhipin.com/wapi/zppassport/qrcode/scan?uuid=bosszp-3d2c6d76-d738-4b3a-bfb8-c964d3f540af
[2024-08-12T22:55:10.039] [INFO] request - Request: [POST] url: https://www.zhipin.com/wapi/zppassport/captcha/randkey
[2024-08-12T22:55:10.351] [INFO] request - Request: [GET] url: https://www.zhipin.com/wapi/zppassport/qrcode/scan?uuid=bosszp-9a93c23a-7972-44a6-879e-0f7e648c9760
[2024-08-12T22:55:10.717] [INFO] request - Request: [GET] url: https://www.zhipin.com/wapi/zppassport/captcha/getSecondKey?uuid=bosszp-9a93c23a-7972-44a6-879e-0f7e648c9760
[2024-08-12T22:55:10.832] [INFO] request - Request: [GET] url: https://www.zhipin.com/wapi/zppassport/qrcode/scanSecond?uuid=bosszp-2cfa4380-ec52-4b12-bbd6-380b01ee3e89
[2024-08-12T22:55:11.100] [INFO] request - Request: [GET] url: https://www.zhipin.com/wapi/zppassport/qrcode/getHeadImg?qrId=bosszp-9a93c23a-7972-44a6-879e-0f7e648c9760
[2024-08-12T22:55:11.101] [INFO] request - Request: [GET] url: https://www.zhipin.com/wapi/zppassport/qrcode/scanLogin?qrId=bosszp-9a93c23a-7972-44a6-879e-0f7e648c9760
[2024-08-12T22:55:12.919] [INFO] request - Request: [GET] url: https://www.zhipin.com/wapi/zppassport/qrcode/dispatcher?qrId=bosszp-9a93c23a-7972-44a6-879e-0f7e648c9760&pk=cpc_user_sign_up&fp=xBzCT4kxD9Gn%2FTJgUbGqTJbFvNPIOxN0sxmp3rK2hLUyzfYGnHi5u0QAxNecdFs6xrqIaq7UKxOo57103GOG%2FbtkJbNa6wLpxmIjzbbeP6zB3Y%2BQ%2B0zb0Wx%2FdVfCp2%2BzbN06JvQmcb%2B5r5Gznt17HV%2FHuq8KFRB%2FqUsHf05m42FDH%2BvZBpBIEDT52tyE4ROUNyHBG6wf6O54fUaJ19A3iQ%3D%3D
[2024-08-12T22:55:13.063] [INFO] request - Request: [POST] url: https://www.zhipin.com/wapi/zpCommon/actionLog/common.json
[2024-08-12T22:55:13.607] [INFO] request - Request: [GET] url: https://apm-fe.zhipin.com/wapi/zpApm/httpMetrics/getConfig?appKey=ObsSRskiryhn60pf
[2024-08-12T22:55:13.901] [INFO] request - Request: [POST] url: https://logapi.zhipin.com/dap/api/json
[2024-08-12T22:55:14.326] [INFO] request - Request: [POST] url: https://www.zhipin.com/wapi/zppassport/set/zpToken
[2024-08-12T22:55:14.328] [INFO] request - Request: [GET] url: https://www.zhipin.com/wapi/zpchat/group/gravityGroupInfoList?page=1&scene=0
[2024-08-12T22:55:14.330] [INFO] request - Request: [GET] url: https://www.zhipin.com/wapi/zprelation/friend/geekFilterByLabel?labelId=0
[2024-08-12T22:55:14.331] [INFO] request - Request: [GET] url: https://www.zhipin.com/wapi/zpchat/config/get
[2024-08-12T22:55:14.332] [INFO] request - Request: [GET] url: https://www.zhipin.com/wapi/zpitem/web/item/config/get
[2024-08-12T22:55:14.567] [INFO] request - Request: [GET] url: https://www.zhipin.com/wapi/zpuser/wap/getUserInfo.json
[2024-08-12T22:55:14.569] [INFO] request - Request: [GET] url: https://www.zhipin.com/wapi/zpchat/notify/setting/get
[2024-08-12T22:55:14.578] [INFO] request - Request: [GET] url: https://www.zhipin.com/wapi/zpchat/group/groupInfoList
[2024-08-12T22:55:14.579] [INFO] request - Request: [GET] url: https://www.zhipin.com/wapi/zpchat/group/gravityGroupInfoList?page=1&scene=0
[2024-08-12T22:55:14.583] [INFO] request - Request: [GET] url: https://www.zhipin.com/wapi/zprelation/friend/geekFilterByLabel?labelId=-1
[2024-08-12T22:55:14.659] [INFO] request - Request: [GET] url: https://www.zhipin.com/wapi/zpgeek/common/data/header.json
[2024-08-12T22:55:14.732] [INFO] request - Request: [GET] url: https://www.zhipin.com/wapi/zpgeek/resume/restrict/list.json
[2024-08-12T22:55:14.885] [INFO] request - Request: [POST] url: https://logapi.zhipin.com/dap/api/json
[2024-08-12T22:55:14.889] [INFO] request - Request: [GET] url: https://www.zhipin.com/wapi/zppassport/get/wt
[2024-08-12T22:55:14.891] [INFO] request - Request: [GET] url: https://www.zhipin.com/wapi/zpgeek/resume/complete/step.json?version=2
[2024-08-12T22:55:14.892] [INFO] request - Request: [GET] url: https://www.zhipin.com/wapi/zpCommon/data/cityGroup.json
[2024-08-12T22:55:14.893] [INFO] request - Request: [GET] url: https://www.zhipin.com/wapi/zpgeek/pc/recommend/expect/list.json
[2024-08-12T22:55:14.896] [INFO] request - Request: [GET] url: https://www.zhipin.com/wapi/zpCommon/data/industryFilterExemption
[2024-08-12T22:55:14.897] [INFO] request - Request: [GET] url: https://www.zhipin.com/wapi/zpgeek/common/data/footer.json
[2024-08-12T22:55:14.949] [INFO] request - Request: [GET] url: https://www.zhipin.com/wapi/zpgeek/agreement/update/tip.json
[2024-08-12T22:55:14.950] [INFO] request - Request: [GET] url: https://www.zhipin.com/wapi/zpgeek/resume/parser/querybar.json
[2024-08-12T22:55:14.951] [INFO] request - Request: [GET] url: https://www.zhipin.com/wapi/zpgeek/common/data/city/site.json
[2024-08-12T22:55:14.952] [INFO] request - Request: [GET] url: https://www.zhipin.com/wapi/zpgeek/webtopbanner/query.json
[2024-08-12T22:55:14.952] [INFO] request - Request: [GET] url: https://www.zhipin.com/wapi/zpuser/wap/getSecurityGuideV1
[2024-08-12T22:55:15.074] [INFO] request - Request: [GET] url: https://www.zhipin.com/wapi/zpgeek/pc/recommend/conditions.json
[2024-08-12T22:55:15.076] [INFO] request - Request: [GET] url: https://www.zhipin.com/wapi/zpgeek/common/data/defaultcity.json
[2024-08-12T22:55:15.192] [INFO] request - Request: [GET] url: https://www.zhipin.com/wapi/zpgeek/pc/recommend/job/list.json?city=101020100&experience=&payType=&partTime=&degree=&industry=&scale=&salary=&jobType=&encryptExpectId=&mixExpectType=&page=1&pageSize=15
[2024-08-12T22:55:15.224] [INFO] request - Request: [GET] url: https://www.zhipin.com/wapi/zpitem/geek/vip/info?
[2024-08-12T22:55:15.225] [INFO] request - Request: [GET] url: https://www.zhipin.com/wapi/zpuser/h5/account/getStatus?
[2024-08-12T22:55:15.227] [INFO] request - Request: [GET] url: https://www.zhipin.com/wapi/zpwukong/web/employer/task/showGeekEntry?
[2024-08-12T22:55:15.229] [INFO] request - Request: [GET] url: https://www.zhipin.com/wapi/zpke/geek/course/pc/entry?
[2024-08-12T22:55:15.359] [INFO] request - Request: [GET] url: https://www.zhipin.com/wapi/zpgeek/job/detail.json?securityId=we2vnXdAKEwxc-x18cZ-JvD6gLmkMtZRTxPoQBBw7YM87ncgXIIoxzQLFqx4dH-8tH9Uk2_IGhxJlz_cR2vG2dnwXSkiHJrocaLQx-Q1dTSHBS04WY1tseEC&lid=3io2J7wx7VQ.search.1
[2024-08-12T22:55:15.448] [INFO] request - Request: [GET] url: https://www.zhipin.com/wapi/zpuser/wap/choseShowSecurity
[2024-08-12T22:55:15.682] [INFO] request - Request: [GET] url: https://www.zhipin.com/wapi/zpmsg/history/pull?type=0&lastId=112706436142080&secretId=wbDrEIVMdnfF_2yHKprDbn4qNc_6xFMp--BWrjEda9_v9hNCd-wpjMhRRRxqhwJcR01elNOnKZuAQs55UuLBo_BHRHyW8BkkiRMIOn4~
[2024-08-12T22:55:15.793] [INFO] request - Request: [GET] url: https://www.zhipin.com/wapi/zpmsg/history/pull?type=0&lastId=115163290805250&secretId=3pr9Y5Icd3CE5S7-WcvFNG54ZM2r3lpsv_NH1RRHMMTt81ZFZYw6iN1ZV0V6gANVQkVchoLGWfKTV8N4FbzF9fcTFirC
[2024-08-12T22:55:16.215] [INFO] request - Request: [POST] url: https://www.zhipin.com/wapi/zpApm/actionLog/fe/ie/common.json
[2024-08-12T22:55:17.614] [INFO] request - Request: [POST] url: https://apm-fe.zhipin.com/wapi/zpApm/actionLog/fe/common.json
[2024-08-12T22:56:11.718] [INFO] request - Request: [GET] url: https://apm-fe.zhipin.com/wapi/zpApm/httpMetrics/getConfig?appKey=ObsSRskiryhn60pf
[2024-08-12T22:56:11.835] [INFO] request - Request: [POST] url: https://www.zhipin.com/wapi/zppassport/set/zpToken
[2024-08-12T22:56:11.846] [INFO] request - Request: [GET] url: https://www.zhipin.com/wapi/zpgeek/webtopbanner/query.json
[2024-08-12T22:56:11.850] [INFO] request - Request: [GET] url: https://www.zhipin.com/wapi/zpchat/notify/setting/get
[2024-08-12T22:56:11.851] [INFO] request - Request: [GET] url: https://www.zhipin.com/wapi/zpgeek/recommend/conditions.json
[2024-08-12T22:56:11.852] [INFO] request - Request: [GET] url: https://www.zhipin.com/wapi/zpuser/wap/getSecurityGuideV1
[2024-08-12T22:56:11.853] [INFO] request - Request: [GET] url: https://www.zhipin.com/wapi/zpgeek/collection/popup/window
[2024-08-12T22:56:11.855] [INFO] request - Request: [GET] url: https://www.zhipin.com/wapi/certification/violate/rule/prompt/dialog
[2024-08-12T22:56:11.987] [INFO] request - Request: [GET] url: https://www.zhipin.com/wapi/zpuser/wap/ad/getPcActivity
[2024-08-12T22:56:11.988] [INFO] request - Request: [GET] url: https://www.zhipin.com/wapi/zpgeek/common/data/city/site.json
[2024-08-12T22:56:11.989] [INFO] request - Request: [GET] url: https://www.zhipin.com/wapi/zpCommon/data/industry.json
[2024-08-12T22:56:11.989] [INFO] request - Request: [GET] url: https://www.zhipin.com/wapi/zpCommon/data/city.json
[2024-08-12T22:56:11.990] [INFO] request - Request: [GET] url: https://www.zhipin.com/wapi/zpCommon/data/getCityShowPosition?cityCode=101020100
[2024-08-12T22:56:12.028] [INFO] request - Request: [POST] url: https://logapi.zhipin.com/dap/api/json
[2024-08-12T22:56:12.042] [INFO] request - Request: [GET] url: https://www.zhipin.com/wapi/zpgeek/agreement/update/tip.json
[2024-08-12T22:56:12.044] [INFO] request - Request: [GET] url: https://www.zhipin.com/wapi/zpgeek/resume/parser/querybar.json
[2024-08-12T22:56:12.062] [INFO] request - Request: [GET] url: https://www.zhipin.com/wapi/zpgeek/recommend/job/list.json?expectId=31989474ec8d79001nR73N-4FFFSwg~~&pk=cpc_job_index_shanghai&sortType=1&page=1&salary=&payType=&degree=&experience=&stage=&scale=&districtCode=&businessCode=
[2024-08-12T22:56:12.631] [INFO] request - Request: [GET] url: https://www.zhipin.com/wapi/zpgeek/recommend/job/list.json?expectId=31989474ec8d79001nR73N-4FFFSwg~~&pk=cpc_job_index_shanghai&sortType=2&page=1&salary=&payType=&degree=&experience=&stage=&scale=&districtCode=&businessCode=
[2024-08-12T22:56:13.136] [INFO] request - Request: [GET] url: https://www.zhipin.com/wapi/zpgeek/home/top/joblist.json?expectId=31989474ec8d79001nR73N-4FFFSwg~~
[2024-08-12T22:56:13.406] [INFO] request - Request: [GET] url: https://www.zhipin.com/wapi/zpitem/geek/vip/info?
[2024-08-12T22:56:13.408] [INFO] request - Request: [GET] url: https://www.zhipin.com/wapi/zpuser/h5/account/getStatus?
[2024-08-12T22:56:13.410] [INFO] request - Request: [GET] url: https://www.zhipin.com/wapi/zpwukong/web/employer/task/showGeekEntry?
[2024-08-12T22:56:13.411] [INFO] request - Request: [GET] url: https://www.zhipin.com/wapi/zpke/geek/course/pc/entry?
[2024-08-12T22:56:13.610] [INFO] request - Request: [GET] url: https://www.zhipin.com/wapi/zppassport/get/wt
[2024-08-12T22:56:16.661] [INFO] request - Request: [POST] url: https://apm-fe.zhipin.com/wapi/zpApm/actionLog/fe/common.json
[2024-08-12T22:56:29.200] [INFO] request - Request: [GET] url: https://www.zhipin.com/wapi/zpgeek/autocomplete/query.json?query=web&_=1723474571741
[2024-08-12T22:56:29.449] [INFO] request - Request: [GET] url: https://www.zhipin.com/wapi/zpgeek/autocomplete/query.json?query=web&_=1723474571742
[2024-08-12T22:56:30.585] [INFO] request - Request: [GET] url: https://www.zhipin.com/wapi/zpgeek/autocomplete/query.json?query=webgl&_=1723474571743
[2024-08-12T22:56:30.824] [INFO] request - Request: [GET] url: https://www.zhipin.com/wapi/zpgeek/autocomplete/query.json?query=webgl&_=1723474571744
[2024-08-12T22:56:34.277] [INFO] request - Request: [GET] url: https://apm-fe.zhipin.com/wapi/zpApm/httpMetrics/getConfig?appKey=ObsSRskiryhn60pf
[2024-08-12T22:56:35.095] [INFO] request - Request: [GET] url: https://apm-fe.zhipin.com/wapi/zpApm/httpMetrics/getConfig?appKey=ObsSRskiryhn60pf
[2024-08-12T22:56:35.227] [INFO] request - Request: [POST] url: https://logapi.zhipin.com/dap/api/json
[2024-08-12T22:56:35.699] [INFO] request - Request: [POST] url: https://www.zhipin.com/wapi/zppassport/set/zpToken
[2024-08-12T22:56:35.701] [INFO] request - Request: [GET] url: https://www.zhipin.com/wapi/zpchat/group/gravityGroupInfoList?page=1&scene=0
[2024-08-12T22:56:35.708] [INFO] request - Request: [GET] url: https://www.zhipin.com/wapi/zprelation/friend/geekFilterByLabel?labelId=0
[2024-08-12T22:56:35.710] [INFO] request - Request: [GET] url: https://www.zhipin.com/wapi/zpchat/config/get
[2024-08-12T22:56:35.711] [INFO] request - Request: [GET] url: https://www.zhipin.com/wapi/zpitem/web/item/config/get
[2024-08-12T22:56:35.776] [INFO] request - Request: [GET] url: https://www.zhipin.com/wapi/zpuser/wap/getUserInfo.json
[2024-08-12T22:56:35.782] [INFO] request - Request: [GET] url: https://www.zhipin.com/wapi/zpchat/notify/setting/get
[2024-08-12T22:56:35.833] [INFO] request - Request: [GET] url: https://www.zhipin.com/wapi/zpgeek/common/data/footer.json
[2024-08-12T22:56:35.839] [INFO] request - Request: [GET] url: https://www.zhipin.com/wapi/zpchat/group/groupInfoList
[2024-08-12T22:56:35.841] [INFO] request - Request: [GET] url: https://www.zhipin.com/wapi/zpchat/group/gravityGroupInfoList?page=1&scene=0
[2024-08-12T22:56:35.846] [INFO] request - Request: [GET] url: https://www.zhipin.com/wapi/zprelation/friend/geekFilterByLabel?labelId=-1
[2024-08-12T22:56:37.132] [INFO] request - Request: [GET] url: https://www.zhipin.com/wapi/zpgeek/common/data/header.json
[2024-08-12T22:56:37.307] [INFO] request - Request: [GET] url: https://img.bosszhipin.com/static/file/2022/slv5z2t59n1655432972265.json
[2024-08-12T22:56:37.309] [INFO] request - Request: [GET] url: https://img.bosszhipin.com/static/file/2022/yq4s2zwazm1655433298817.json
[2024-08-12T22:56:37.310] [INFO] request - Request: [GET] url: https://img.bosszhipin.com/static/file/2022/coyoauheri1655433298743.json
[2024-08-12T22:56:37.354] [INFO] request - Request: [POST] url: https://logapi.zhipin.com/dap/api/json
[2024-08-12T22:56:37.371] [INFO] request - Request: [GET] url: https://www.zhipin.com/wapi/zppassport/get/wt
[2024-08-12T22:56:37.415] [INFO] request - Request: [GET] url: https://www.zhipin.com/wapi/zpgeek/common/data/friendlylinks.json?uri=%2Fweb%2Fgeek%2Fjob
[2024-08-12T22:56:37.418] [INFO] request - Request: [GET] url: https://www.zhipin.com/wapi/zpgeek/search/job/sidebar.json
[2024-08-12T22:56:37.419] [INFO] request - Request: [GET] url: https://www.zhipin.com/wapi/zpitem/geek/vip/info
[2024-08-12T22:56:37.421] [INFO] request - Request: [GET] url: https://www.zhipin.com/wapi/zpgeek/search/job/condition.json
[2024-08-12T22:56:37.423] [INFO] request - Request: [GET] url: https://www.zhipin.com/wapi/zpCommon/data/cityGroup.json
[2024-08-12T22:56:37.427] [INFO] request - Request: [GET] url: https://www.zhipin.com/wapi/zpgeek/search/joblist.json?scene=1&query=webgl%E5%BC%80%E5%8F%91%E5%B7%A5%E7%A8%8B%E5%B8%88&city=101020100&experience=&payType=&partTime=&degree=&industry=&scale=&stage=&position=&jobType=&salary=&multiBusinessDistrict=&multiSubway=&page=1&pageSize=30
[2024-08-12T22:56:37.430] [INFO] request - Request: [GET] url: https://www.zhipin.com/wapi/zpgeek/search/job/subinfo.json?query=webgl%E5%BC%80%E5%8F%91%E5%B7%A5%E7%A8%8B%E5%B8%88&city=101020100&experience=&payType=&partTime=&degree=&industry=&scale=&stage=&position=&jobType=&salary=&multiBusinessDistrict=&multiSubway=&page=1
[2024-08-12T22:56:37.432] [INFO] request - Request: [GET] url: https://www.zhipin.com/wapi/zpgeek/search/job/related/word.json?query=webgl%E5%BC%80%E5%8F%91%E5%B7%A5%E7%A8%8B%E5%B8%88
[2024-08-12T22:56:37.434] [INFO] request - Request: [GET] url: https://www.zhipin.com/wapi/zpgeek/search/job/tdk.json?city=101020100&experience=&payType=&partTime=&degree=&industry=&scale=&stage=&position=&jobType=&salary=&multiBusinessDistrict=&multiSubway=
[2024-08-12T22:56:37.439] [INFO] request - Request: [GET] url: https://www.zhipin.com/wapi/zpgeek/businessDistrict.json?cityCode=101020100
[2024-08-12T22:56:37.442] [INFO] request - Request: [GET] url: https://www.zhipin.com/wapi/zpCommon/data/getSubwayByCity?cityCode=101020100
[2024-08-12T22:56:37.445] [INFO] request - Request: [GET] url: https://www.zhipin.com/wapi/zpCommon/data/industryFilterExemption
[2024-08-12T22:56:37.446] [INFO] request - Request: [GET] url: https://www.zhipin.com/wapi/zpCommon/data/getCityShowPosition
[2024-08-12T22:56:37.488] [INFO] request - Request: [GET] url: https://www.zhipin.com/wapi/zpgeek/resume/restrict/list.json
[2024-08-12T22:56:37.506] [INFO] request - Request: [POST] url: https://www.zhipin.com/wapi/zpCommon/actionLog/common.json
[2024-08-12T22:56:37.701] [INFO] request - Request: [GET] url: https://www.zhipin.com/wapi/zpgeek/agreement/update/tip.json
[2024-08-12T22:56:37.701] [INFO] request - Request: [GET] url: https://www.zhipin.com/wapi/zpgeek/resume/parser/querybar.json
[2024-08-12T22:56:37.702] [INFO] request - Request: [GET] url: https://www.zhipin.com/wapi/zpgeek/common/data/city/site.json
[2024-08-12T22:56:37.703] [INFO] request - Request: [GET] url: https://www.zhipin.com/wapi/zpgeek/webtopbanner/query.json
[2024-08-12T22:56:37.703] [INFO] request - Request: [GET] url: https://www.zhipin.com/wapi/zpuser/wap/getSecurityGuideV1
[2024-08-12T22:56:37.704] [INFO] request - Request: [GET] url: https://www.zhipin.com/wapi/zpgeek/collection/popup/window
[2024-08-12T22:56:37.926] [INFO] request - Request: [POST] url: https://www.zhipin.com/wapi/zpApm/actionLog/fe/ie/common.json
[2024-08-12T22:56:38.154] [INFO] request - Request: [GET] url: https://www.zhipin.com/wapi/zpgeek/search/job/seo/data.json?city=101020100&position=&industry=&multiBusinessDistrict=&jobCity=101020100
[2024-08-12T22:56:38.155] [INFO] request - Request: [POST] url: https://www.zhipin.com/wapi/zpgeek/job/subscribe/qr.json
[2024-08-12T22:56:38.185] [INFO] request - Request: [GET] url: https://www.zhipin.com/wapi/zpitem/geek/vip/info?
[2024-08-12T22:56:38.186] [INFO] request - Request: [GET] url: https://www.zhipin.com/wapi/zpuser/h5/account/getStatus?
[2024-08-12T22:56:38.186] [INFO] request - Request: [GET] url: https://www.zhipin.com/wapi/zpwukong/web/employer/task/showGeekEntry?
[2024-08-12T22:56:38.186] [INFO] request - Request: [GET] url: https://www.zhipin.com/wapi/zpke/geek/course/pc/entry?
[2024-08-12T22:56:38.207] [INFO] request - Request: [GET] url: https://www.zhipin.com/wapi/zpmsg/history/pull?type=0&lastId=112706436142080&secretId=zqjiDPVBMSbDuX_sCq6kYSVaJc-oyQ4svuZW0lEUd82ziVZHcbIuj9NRVF55kn0mEFZbk9ynJZiBVsouQbSErLVHRHyW8BkkiRdeanpmuVsb
[2024-08-12T22:56:38.339] [INFO] request - Request: [GET] url: https://www.zhipin.com/wapi/zpmsg/history/pull?type=0&lastId=115163290805250&secretId=8JDdY5Icd3CE6F6CF92BaH4qNcj-mV0q--FWmBsKIs7qp0JEfuQrndtCNAwrhlJRB1Zbk9ynJZiBVsouQbWEjqdKUznGrh0m1xMIbS5kvVE~
[2024-08-12T22:56:38.789] [INFO] request - Request: [POST] url: https://apm-fe.zhipin.com/wapi/zpApm/actionLog/fe/common.json
[2024-08-12T23:02:05.106] [INFO] request - Request: [POST] url: https://logapi.zhipin.com/dap/api/json
[2024-08-12T23:02:05.111] [INFO] request - Request: [GET] url: https://www.zhipin.com/wapi/zpgeek/search/joblist.json?scene=1&query=webgl%E5%BC%80%E5%8F%91%E5%B7%A5%E7%A8%8B%E5%B8%88&city=101020100&experience=&payType=&partTime=&degree=&industry=&scale=&stage=&position=&jobType=&salary=&multiBusinessDistrict=&multiSubway=&page=2&pageSize=30
[2024-08-12T23:02:05.113] [INFO] request - Request: [GET] url: https://www.zhipin.com/wapi/zpgeek/search/job/subinfo.json?query=webgl%E5%BC%80%E5%8F%91%E5%B7%A5%E7%A8%8B%E5%B8%88&city=101020100&experience=&payType=&partTime=&degree=&industry=&scale=&stage=&position=&jobType=&salary=&multiBusinessDistrict=&multiSubway=&page=2
[2024-08-12T23:02:05.114] [INFO] request - Request: [GET] url: https://www.zhipin.com/wapi/zpgeek/search/job/related/word.json?query=webgl%E5%BC%80%E5%8F%91%E5%B7%A5%E7%A8%8B%E5%B8%88
[2024-08-12T23:02:05.123] [INFO] request - Request: [GET] url: https://www.zhipin.com/wapi/zpgeek/search/job/tdk.json?city=101020100&experience=&payType=&partTime=&degree=&industry=&scale=&stage=&position=&jobType=&salary=&multiBusinessDistrict=&multiSubway=
[2024-08-12T23:02:05.654] [INFO] request - Request: [GET] url: https://www.zhipin.com/wapi/zpgeek/search/job/seo/data.json?city=101020100&position=&industry=&multiBusinessDistrict=&jobCity=101020100
[2024-08-12T23:08:30.894] [INFO] request - Request: [GET] url: https://www.zhipin.com/wapi/zpgeek/job/card.json?securityId=fJLAbPNQpsZ4--n1jVdlwxUYsI9AxPsgaORUFm0iq20SLpz14J9PHzLNW1_qI4dTHOHmVRj5eLVnRzJrr2CbvOTuY-8zOXsvdz9L6ufhcPZpmbgNxNoJ1hzus0lfGuzNCmPQ2PoaYA5ilw~~&lid=3imrfIeLbzN.search.53&sessionId=
[2024-08-12T23:08:38.662] [INFO] request - Request: [GET] url: https://www.zhipin.com/wapi/zpgeek/job/card.json?securityId=uUu0O0J6JD_WE-s1z--1oeaBPRY13aXJoP9lDS3WFUtKPSDQtlMDzZlBjvSEGrDl4eBI22LbFwFE1Q_Lp6plqnUEXZOTBzriHB_1ykewCGliyAQm8O7UjwmNoqLYqaoqiyAfVfonFCVb&lid=3imrfIeLbzN.search.32&sessionId=
[2024-08-12T23:08:46.900] [INFO] request - Request: [GET] url: https://www.zhipin.com/wapi/zpgeek/job/card.json?securityId=givVE5kYyQNJ9-v1ruV7zeIbik4BNpC7U4Z39j1MUNwwaNBUWG9sv2LGXfOEjcTMlCl1f4RHWkvRxWgMd2NrTA2vvccF3Bybsi-GgmIWE82VuVEZEMa4BfK7Jldn7Q4QMhdhB9yYsXMaJg~~&lid=3imrfIeLbzN.search.31&sessionId=
[2024-08-12T23:09:24.164] [INFO] request - Request: [GET] url: https://www.zhipin.com/wapi/zpmsg/history/pull?type=0&lastId=112706436142080&secretId=__z6OPBbJnbCvj73MLvVNGkpP5iozEh_--ZW0EUWNs3l8UdWdvd8y5opRUt_iQVcRURalNCmLYiDGdh8F-LBo_BHRHyW8Bkj2EBc
[2024-08-12T23:09:24.271] [INFO] request - Request: [GET] url: https://www.zhipin.com/wapi/zpmsg/history/pull?type=0&lastId=115163290805250&secretId=96_IcYVMdnfF_1K2Nq7OVn4qMsyimVIq--FWuhY8Vsz-80ITceUhjtlCVl4u2kBHQENVlNylLJyBVcsrUrLAltVJASzI9Bt6jUFZPihgvw~~
[2024-08-12T23:10:29.615] [INFO] request - Request: [GET] url: https://www.zhipin.com/wapi/zpmsg/history/pull?type=0&lastId=112706436142080&secretId=y6f8Y5Icd3CEhj78VNnPZGp9Jcy4zkh977ZC00pAM9_t4jJWcOIhj9NSV0p4hQRUVRMg4cfwe83WB518F-LBo_AZFiyV
[2024-08-12T23:10:29.767] [INFO] request - Request: [GET] url: https://www.zhipin.com/wapi/zpmsg/history/pull?type=0&lastId=115163290805250&secretId=3pz4B54UMSbDuX_sJ5zVNGkoP5ivy0h---cmpApTM8u79kRNduY6jsgsKl5_hwxVTkZcktWiLZqTBag5R7zFoa5DEnvCok9w
