[2024-08-18T18:44:00.374] [INFO] request - Request document: [GET] url: https://www.zhipin.com/web/user/
[2024-08-18T18:44:00.643] [INFO] request - Request: [GET] url: https://apm-fe.zhipin.com/wapi/zpApm/httpMetrics/getConfig?appKey=ObsSRskiryhn60pf
[2024-08-18T18:44:00.858] [INFO] request - Request: [POST] url: https://www.zhipin.com/wapi/zppassport/set/zpToken
[2024-08-18T18:44:00.889] [INFO] request - Request: [POST] url: https://logapi.zhipin.com/dap/api/json
[2024-08-18T18:44:01.019] [INFO] request - Request: [GET] url: https://www.zhipin.com/wapi/zpuser/wap/getUserInfo.json
[2024-08-18T18:44:01.163] [INFO] request - Request: [POST] url: https://logapi.zhipin.com/dap/api/json
[2024-08-18T18:44:01.759] [INFO] request - Request document: [GET] url: https://www.zhipin.com/
[2024-08-18T18:44:02.003] [INFO] request - Request: [GET] url: https://apm-fe.zhipin.com/wapi/zpApm/httpMetrics/getConfig?appKey=ObsSRskiryhn60pf
[2024-08-18T18:44:02.433] [INFO] request - Request: [POST] url: https://www.zhipin.com/wapi/zppassport/set/zpToken
[2024-08-18T18:44:02.434] [INFO] request - Request: [GET] url: https://www.zhipin.com/wapi/zpgeek/webtopbanner/query.json
[2024-08-18T18:44:02.434] [INFO] request - Request: [GET] url: https://www.zhipin.com/wapi/zpuser/wap/getSecurityGuideV1
[2024-08-18T18:44:02.435] [INFO] request - Request: [GET] url: https://www.zhipin.com/wapi/zpgeek/collection/popup/window
[2024-08-18T18:44:02.443] [INFO] request - Request document: [GET] url: https://www.zhipin.com/shanghai/?seoRefer=index
[2024-08-18T18:44:02.498] [INFO] request - Request: [GET] url: https://www.zhipin.com/wapi/zpke/geek/course/pc/entry?
[2024-08-18T18:44:02.653] [INFO] request - Request: [GET] url: https://apm-fe.zhipin.com/wapi/zpApm/httpMetrics/getConfig?appKey=ObsSRskiryhn60pf
[2024-08-18T18:44:02.936] [INFO] request - Request: [POST] url: https://www.zhipin.com/wapi/zppassport/set/zpToken
[2024-08-18T18:44:02.938] [INFO] request - Request: [GET] url: https://www.zhipin.com/wapi/zpgeek/webtopbanner/query.json
[2024-08-18T18:44:02.940] [INFO] request - Request: [GET] url: https://www.zhipin.com/wapi/zpuser/wap/getSecurityGuideV1
[2024-08-18T18:44:02.942] [INFO] request - Request: [GET] url: https://www.zhipin.com/wapi/zpgeek/collection/popup/window
[2024-08-18T18:44:02.964] [INFO] request - Request: [POST] url: https://logapi.zhipin.com/dap/api/json
[2024-08-18T18:44:03.042] [INFO] request - Request: [GET] url: https://www.zhipin.com/wapi/zpgeek/common/data/city/site.json
[2024-08-18T18:44:03.042] [INFO] request - Request: [GET] url: https://www.zhipin.com/wapi/zpCommon/data/industry.json
[2024-08-18T18:44:03.043] [INFO] request - Request: [GET] url: https://www.zhipin.com/wapi/zpCommon/data/city.json
[2024-08-18T18:44:03.043] [INFO] request - Request: [GET] url: https://www.zhipin.com/wapi/zpCommon/data/getCityShowPosition?cityCode=101020100
[2024-08-18T18:44:03.061] [INFO] request - Request: [GET] url: https://www.zhipin.com/wapi/zpgeek/agreement/update/tip.json
[2024-08-18T18:44:03.062] [INFO] request - Request: [GET] url: https://www.zhipin.com/wapi/zpgeek/resume/parser/querybar.json
[2024-08-18T18:44:03.082] [INFO] request - Request: [GET] url: https://www.zhipin.com/wapi/zpke/geek/course/pc/entry?
[2024-08-18T18:44:03.271] [INFO] request - Request document: [GET] url: https://www.zhipin.com/job_detail/?query=SAP%E4%B8%9A%E5%8A%A1%E9%A1%BE%E9%97%AE&city=101020100&industry=&position=
[2024-08-18T18:44:03.314] [INFO] request - Request document: [GET] url: https://www.zhipin.com/web/common/security-check.html?seed=t5jmdpi%2BwMcjMaL3M8VwxUNNtSuE7KfAPEgLYQdqo%2FM%3D&name=37321aeb&ts=1723977843375&callbackUrl=%2Fjob_detail%2F%3Fquery%3DSAP%25E4%25B8%259A%25E5%258A%25A1%25E9%25A1%25BE%25E9%2597%25AE%26city%3D101020100%26industry%3D%26position%3D&srcReferer=https%3A%2F%2Fwww.zhipin.com%2Fshanghai%2F%3FseoRefer%3Dindex
[2024-08-18T18:44:03.408] [INFO] request - Request: [GET] url: https://apm-fe.zhipin.com/wapi/zpApm/httpMetrics/getConfig?appKey=ObsSRskiryhn60pf
[2024-08-18T18:44:03.953] [INFO] request - Request document: [GET] url: https://www.zhipin.com/job_detail/?query=SAP%E4%B8%9A%E5%8A%A1%E9%A1%BE%E9%97%AE&city=101020100&industry=&position=
[2024-08-18T18:44:04.014] [INFO] request - Request document: [GET] url: https://www.zhipin.com/web/geek/job?query=SAP%E4%B8%9A%E5%8A%A1%E9%A1%BE%E9%97%AE&city=101020100
[2024-08-18T18:44:04.164] [INFO] request - Request: [GET] url: https://apm-fe.zhipin.com/wapi/zpApm/httpMetrics/getConfig?appKey=ObsSRskiryhn60pf
[2024-08-18T18:44:04.270] [INFO] request - Request: [POST] url: https://logapi.zhipin.com/dap/api/json
[2024-08-18T18:44:04.866] [INFO] request - Request: [POST] url: https://www.zhipin.com/wapi/zppassport/set/zpToken
[2024-08-18T18:44:04.867] [INFO] request - Request: [GET] url: https://www.zhipin.com/wapi/zpchat/group/gravityGroupInfoList?page=1&scene=0
[2024-08-18T18:44:04.867] [INFO] request - Request: [GET] url: https://www.zhipin.com/wapi/zprelation/friend/geekFilterByLabel?labelId=0
[2024-08-18T18:44:04.868] [INFO] request - Request: [GET] url: https://www.zhipin.com/wapi/zpchat/config/get
[2024-08-18T18:44:04.868] [INFO] request - Request: [GET] url: https://www.zhipin.com/wapi/zpitem/web/item/config/get
[2024-08-18T18:44:04.918] [INFO] request - Request: [GET] url: https://www.zhipin.com/wapi/zpchat/group/groupInfoList
[2024-08-18T18:44:04.919] [INFO] request - Request: [GET] url: https://www.zhipin.com/wapi/zpchat/group/gravityGroupInfoList?page=1&scene=0
[2024-08-18T18:44:04.920] [INFO] request - Request: [GET] url: https://www.zhipin.com/wapi/zprelation/friend/geekFilterByLabel?labelId=-1
[2024-08-18T18:44:04.942] [INFO] request - Request: [GET] url: https://www.zhipin.com/wapi/zpuser/wap/getUserInfo.json
[2024-08-18T18:44:04.943] [INFO] request - Request: [GET] url: https://www.zhipin.com/wapi/zpchat/notify/setting/get
[2024-08-18T18:44:04.944] [INFO] request - Request: [GET] url: https://www.zhipin.com/wapi/zpgeek/common/data/footer.json
[2024-08-18T18:44:06.315] [INFO] request - Request: [GET] url: https://www.zhipin.com/wapi/zpgeek/common/data/header.json
[2024-08-18T18:44:06.390] [INFO] request - Request: [GET] url: https://www.zhipin.com/wapi/zpgeek/resume/restrict/list.json
[2024-08-18T18:44:06.502] [INFO] request - Request: [GET] url: https://www.zhipin.com/wapi/zpgeek/agreement/update/tip.json
[2024-08-18T18:44:06.503] [INFO] request - Request: [GET] url: https://www.zhipin.com/wapi/zpgeek/resume/parser/querybar.json
[2024-08-18T18:44:06.504] [INFO] request - Request: [GET] url: https://www.zhipin.com/wapi/zpgeek/common/data/city/site.json
[2024-08-18T18:44:06.505] [INFO] request - Request: [GET] url: https://www.zhipin.com/wapi/zpgeek/webtopbanner/query.json
[2024-08-18T18:44:06.506] [INFO] request - Request: [GET] url: https://www.zhipin.com/wapi/zpuser/wap/getSecurityGuideV1
[2024-08-18T18:44:06.623] [INFO] request - Request: [GET] url: https://img.bosszhipin.com/static/file/2022/slv5z2t59n1655432972265.json
[2024-08-18T18:44:06.626] [INFO] request - Request: [GET] url: https://img.bosszhipin.com/static/file/2022/yq4s2zwazm1655433298817.json
[2024-08-18T18:44:06.627] [INFO] request - Request: [GET] url: https://img.bosszhipin.com/static/file/2022/coyoauheri1655433298743.json
[2024-08-18T18:44:06.628] [INFO] request - Request: [POST] url: https://logapi.zhipin.com/dap/api/json
[2024-08-18T18:44:06.635] [INFO] request - Request: [GET] url: https://www.zhipin.com/wapi/zpgeek/common/data/friendlylinks.json?uri=%2Fweb%2Fgeek%2Fjob
[2024-08-18T18:44:06.636] [INFO] request - Request: [GET] url: https://www.zhipin.com/wapi/zpgeek/search/job/sidebar.json
[2024-08-18T18:44:06.637] [INFO] request - Request: [GET] url: https://www.zhipin.com/wapi/zpgeek/search/job/condition.json
[2024-08-18T18:44:06.639] [INFO] request - Request: [GET] url: https://www.zhipin.com/wapi/zpCommon/data/cityGroup.json
[2024-08-18T18:44:06.640] [INFO] request - Request: [GET] url: https://www.zhipin.com/wapi/zpgeek/search/joblist.json?scene=1&query=SAP%E4%B8%9A%E5%8A%A1%E9%A1%BE%E9%97%AE&city=101020100&experience=&payType=&partTime=&degree=&industry=&scale=&stage=&position=&jobType=&salary=&multiBusinessDistrict=&multiSubway=&page=1&pageSize=30
[2024-08-18T18:44:06.645] [INFO] request - Request: [GET] url: https://www.zhipin.com/wapi/zpgeek/search/job/subinfo.json?query=SAP%E4%B8%9A%E5%8A%A1%E9%A1%BE%E9%97%AE&city=101020100&experience=&payType=&partTime=&degree=&industry=&scale=&stage=&position=&jobType=&salary=&multiBusinessDistrict=&multiSubway=&page=1
[2024-08-18T18:44:06.647] [INFO] request - Request: [GET] url: https://www.zhipin.com/wapi/zpgeek/search/job/related/word.json?query=SAP%E4%B8%9A%E5%8A%A1%E9%A1%BE%E9%97%AE
[2024-08-18T18:44:06.648] [INFO] request - Request: [GET] url: https://www.zhipin.com/wapi/zpgeek/search/job/tdk.json?city=101020100&experience=&payType=&partTime=&degree=&industry=&scale=&stage=&position=&jobType=&salary=&multiBusinessDistrict=&multiSubway=
[2024-08-18T18:44:06.649] [INFO] request - Request: [GET] url: https://www.zhipin.com/wapi/zpgeek/businessDistrict.json?cityCode=101020100
[2024-08-18T18:44:06.650] [INFO] request - Request: [GET] url: https://www.zhipin.com/wapi/zpCommon/data/getSubwayByCity?cityCode=101020100
[2024-08-18T18:44:06.655] [INFO] request - Request: [GET] url: https://www.zhipin.com/wapi/zpCommon/data/industryFilterExemption
[2024-08-18T18:44:06.658] [INFO] request - Request: [GET] url: https://www.zhipin.com/wapi/zpCommon/data/getCityShowPosition
[2024-08-18T18:44:06.702] [INFO] request - Request: [GET] url: https://www.zhipin.com/wapi/zpke/geek/course/pc/entry?
[2024-08-18T18:44:06.803] [INFO] request - Request: [POST] url: https://www.zhipin.com/wapi/zpApm/actionLog/fe/ie/common.json
[2024-08-18T18:44:07.223] [INFO] request - Request: [GET] url: https://www.zhipin.com/wapi/zpgeek/search/job/seo/data.json?city=101020100&position=&industry=&multiBusinessDistrict=&jobCity=101020100
[2024-08-18T18:44:07.231] [INFO] request - Request: [POST] url: https://www.zhipin.com/wapi/zpgeek/job/subscribe/qr.json
[2024-08-18T18:44:07.918] [INFO] request - Request: [POST] url: https://apm-fe.zhipin.com/wapi/zpApm/actionLog/fe/common.json
[2024-08-18T18:44:07.919] [INFO] request - Request: [POST] url: https://apm-fe.zhipin.com/wapi/zpApm/actionLog/fe/common.json
[2024-08-18T18:44:09.560] [INFO] request - Request: [GET] url: https://www.zhipin.com/wapi/zpgeek/strategy/login.json?source=2
[2024-08-18T18:44:12.288] [INFO] request - Request: [GET] url: https://www.zhipin.com/wapi/zpuser/wap/getUserInfo.json
[2024-08-18T18:44:12.354] [INFO] request - Request: [POST] url: https://logapi.zhipin.com/dap/api/json
[2024-08-18T18:44:12.355] [INFO] request - Request: [GET] url: https://www.zhipin.com/wapi/zpgeek/search/joblist.json?scene=1&query=SAP%E4%B8%9A%E5%8A%A1%E9%A1%BE%E9%97%AE&city=101020100&experience=&payType=&partTime=&degree=&industry=&scale=&stage=&position=&jobType=&salary=&multiBusinessDistrict=&multiSubway=&page=2&pageSize=30
[2024-08-18T18:44:12.356] [INFO] request - Request: [GET] url: https://www.zhipin.com/wapi/zpgeek/search/job/subinfo.json?query=SAP%E4%B8%9A%E5%8A%A1%E9%A1%BE%E9%97%AE&city=101020100&experience=&payType=&partTime=&degree=&industry=&scale=&stage=&position=&jobType=&salary=&multiBusinessDistrict=&multiSubway=&page=2
[2024-08-18T18:44:12.357] [INFO] request - Request: [GET] url: https://www.zhipin.com/wapi/zpgeek/search/job/related/word.json?query=SAP%E4%B8%9A%E5%8A%A1%E9%A1%BE%E9%97%AE
[2024-08-18T18:44:12.358] [INFO] request - Request: [GET] url: https://www.zhipin.com/wapi/zpgeek/search/job/tdk.json?city=101020100&experience=&payType=&partTime=&degree=&industry=&scale=&stage=&position=&jobType=&salary=&multiBusinessDistrict=&multiSubway=
[2024-08-18T18:44:12.695] [INFO] request - Request: [GET] url: https://www.zhipin.com/wapi/zpgeek/search/job/seo/data.json?city=101020100&position=&industry=&multiBusinessDistrict=&jobCity=101020100
[2024-08-18T18:44:14.280] [INFO] request - Request: [POST] url: https://www.zhipin.com/wapi/zpApm/actionLog/fe/ie/common.json
[2024-08-18T18:45:37.728] [INFO] request - Request: [GET] url: https://www.zhipin.com/wapi/zpgeek/job/card.json?securityId=gWy48IlgVKOFt-C1uCoISNhmMG4EAEQ5B9ylPQy06QfgUm0P7ySFJRS7T5-QbtHSvhflytxNa8pLIMVPY3TyedIemBtDmP0WZECSBZeH5cKKypKC&lid=IH3SLpgtOP.search.31&sessionId=
[2024-08-18T19:06:25.933] [INFO] request - Request document: [GET] url: https://www.zhipin.com/web/user/
[2024-08-18T19:06:26.229] [INFO] request - Request: [GET] url: https://apm-fe.zhipin.com/wapi/zpApm/httpMetrics/getConfig?appKey=ObsSRskiryhn60pf
[2024-08-18T19:06:26.319] [INFO] request - Request: [POST] url: https://www.zhipin.com/wapi/zppassport/set/zpToken
[2024-08-18T19:06:26.350] [INFO] request - Request: [POST] url: https://logapi.zhipin.com/dap/api/json
[2024-08-18T19:06:26.533] [INFO] request - Request: [GET] url: https://www.zhipin.com/wapi/zpuser/wap/getUserInfo.json
[2024-08-18T19:06:26.613] [INFO] request - Request: [POST] url: https://logapi.zhipin.com/dap/api/json
[2024-08-18T19:06:27.201] [INFO] request - Request document: [GET] url: https://www.zhipin.com/
[2024-08-18T19:06:27.497] [INFO] request - Request: [GET] url: https://apm-fe.zhipin.com/wapi/zpApm/httpMetrics/getConfig?appKey=ObsSRskiryhn60pf
[2024-08-18T19:06:27.915] [INFO] request - Request: [POST] url: https://www.zhipin.com/wapi/zppassport/set/zpToken
[2024-08-18T19:06:27.916] [INFO] request - Request: [GET] url: https://www.zhipin.com/wapi/zpgeek/webtopbanner/query.json
[2024-08-18T19:06:27.917] [INFO] request - Request: [GET] url: https://www.zhipin.com/wapi/zpuser/wap/getSecurityGuideV1
[2024-08-18T19:06:27.918] [INFO] request - Request: [GET] url: https://www.zhipin.com/wapi/zpgeek/collection/popup/window
[2024-08-18T19:06:27.929] [INFO] request - Request document: [GET] url: https://www.zhipin.com/shanghai/?seoRefer=index
[2024-08-18T19:06:27.979] [INFO] request - Request: [GET] url: https://www.zhipin.com/wapi/zpke/geek/course/pc/entry?
[2024-08-18T19:06:28.141] [INFO] request - Request: [GET] url: https://apm-fe.zhipin.com/wapi/zpApm/httpMetrics/getConfig?appKey=ObsSRskiryhn60pf
[2024-08-18T19:06:28.448] [INFO] request - Request: [POST] url: https://www.zhipin.com/wapi/zppassport/set/zpToken
[2024-08-18T19:06:28.450] [INFO] request - Request: [GET] url: https://www.zhipin.com/wapi/zpgeek/webtopbanner/query.json
[2024-08-18T19:06:28.451] [INFO] request - Request: [GET] url: https://www.zhipin.com/wapi/zpuser/wap/getSecurityGuideV1
[2024-08-18T19:06:28.455] [INFO] request - Request: [GET] url: https://www.zhipin.com/wapi/zpgeek/collection/popup/window
[2024-08-18T19:06:28.545] [INFO] request - Request: [GET] url: https://www.zhipin.com/wapi/zpgeek/common/data/city/site.json
[2024-08-18T19:06:28.547] [INFO] request - Request: [GET] url: https://www.zhipin.com/wapi/zpCommon/data/industry.json
[2024-08-18T19:06:28.549] [INFO] request - Request: [GET] url: https://www.zhipin.com/wapi/zpCommon/data/city.json
[2024-08-18T19:06:28.550] [INFO] request - Request: [GET] url: https://www.zhipin.com/wapi/zpCommon/data/getCityShowPosition?cityCode=101020100
[2024-08-18T19:06:28.568] [INFO] request - Request: [POST] url: https://logapi.zhipin.com/dap/api/json
[2024-08-18T19:06:28.579] [INFO] request - Request: [GET] url: https://www.zhipin.com/wapi/zpgeek/agreement/update/tip.json
[2024-08-18T19:06:28.587] [INFO] request - Request: [GET] url: https://www.zhipin.com/wapi/zpgeek/resume/parser/querybar.json
[2024-08-18T19:06:28.608] [INFO] request - Request: [GET] url: https://www.zhipin.com/wapi/zpke/geek/course/pc/entry?
[2024-08-18T19:06:28.859] [INFO] request - Request document: [GET] url: https://www.zhipin.com/job_detail/?query=SAP%E4%B8%9A%E5%8A%A1%E9%A1%BE%E9%97%AE&city=101020100&industry=&position=
[2024-08-18T19:06:28.904] [INFO] request - Request document: [GET] url: https://www.zhipin.com/web/common/security-check.html?seed=t5jmdpi%2BwMcjMaL3M8VwxRJIXbflMX0CuLXvSPbrE0A%3D&name=37321aeb&ts=1723979188944&callbackUrl=%2Fjob_detail%2F%3Fquery%3DSAP%25E4%25B8%259A%25E5%258A%25A1%25E9%25A1%25BE%25E9%2597%25AE%26city%3D101020100%26industry%3D%26position%3D&srcReferer=https%3A%2F%2Fwww.zhipin.com%2Fshanghai%2F%3FseoRefer%3Dindex
[2024-08-18T19:06:29.038] [INFO] request - Request: [GET] url: https://apm-fe.zhipin.com/wapi/zpApm/httpMetrics/getConfig?appKey=ObsSRskiryhn60pf
[2024-08-18T19:06:29.602] [INFO] request - Request document: [GET] url: https://www.zhipin.com/job_detail/?query=SAP%E4%B8%9A%E5%8A%A1%E9%A1%BE%E9%97%AE&city=101020100&industry=&position=
[2024-08-18T19:06:29.652] [INFO] request - Request document: [GET] url: https://www.zhipin.com/web/geek/job?query=SAP%E4%B8%9A%E5%8A%A1%E9%A1%BE%E9%97%AE&city=101020100
[2024-08-18T19:06:29.847] [INFO] request - Request: [GET] url: https://apm-fe.zhipin.com/wapi/zpApm/httpMetrics/getConfig?appKey=ObsSRskiryhn60pf
[2024-08-18T19:06:30.123] [INFO] request - Request: [POST] url: https://logapi.zhipin.com/dap/api/json
[2024-08-18T19:06:30.573] [INFO] request - Request: [POST] url: https://www.zhipin.com/wapi/zppassport/set/zpToken
[2024-08-18T19:06:30.574] [INFO] request - Request: [GET] url: https://www.zhipin.com/wapi/zpchat/group/gravityGroupInfoList?page=1&scene=0
[2024-08-18T19:06:30.575] [INFO] request - Request: [GET] url: https://www.zhipin.com/wapi/zprelation/friend/geekFilterByLabel?labelId=0
[2024-08-18T19:06:30.575] [INFO] request - Request: [GET] url: https://www.zhipin.com/wapi/zpchat/config/get
[2024-08-18T19:06:30.576] [INFO] request - Request: [GET] url: https://www.zhipin.com/wapi/zpitem/web/item/config/get
[2024-08-18T19:06:30.638] [INFO] request - Request: [GET] url: https://www.zhipin.com/wapi/zpuser/wap/getUserInfo.json
[2024-08-18T19:06:30.640] [INFO] request - Request: [GET] url: https://www.zhipin.com/wapi/zpchat/notify/setting/get
[2024-08-18T19:06:30.640] [INFO] request - Request: [GET] url: https://www.zhipin.com/wapi/zpgeek/common/data/footer.json
[2024-08-18T19:06:30.657] [INFO] request - Request: [GET] url: https://www.zhipin.com/wapi/zpchat/group/groupInfoList
[2024-08-18T19:06:30.659] [INFO] request - Request: [GET] url: https://www.zhipin.com/wapi/zpchat/group/gravityGroupInfoList?page=1&scene=0
[2024-08-18T19:06:30.660] [INFO] request - Request: [GET] url: https://www.zhipin.com/wapi/zprelation/friend/geekFilterByLabel?labelId=-1
[2024-08-18T19:06:32.058] [INFO] request - Request: [GET] url: https://www.zhipin.com/wapi/zpgeek/common/data/header.json
[2024-08-18T19:06:32.130] [INFO] request - Request: [GET] url: https://www.zhipin.com/wapi/zpgeek/resume/restrict/list.json
[2024-08-18T19:06:32.270] [INFO] request - Request: [GET] url: https://img.bosszhipin.com/static/file/2022/slv5z2t59n1655432972265.json
[2024-08-18T19:06:32.271] [INFO] request - Request: [GET] url: https://img.bosszhipin.com/static/file/2022/yq4s2zwazm1655433298817.json
[2024-08-18T19:06:32.272] [INFO] request - Request: [GET] url: https://img.bosszhipin.com/static/file/2022/coyoauheri1655433298743.json
[2024-08-18T19:06:32.273] [INFO] request - Request: [POST] url: https://logapi.zhipin.com/dap/api/json
[2024-08-18T19:06:32.281] [INFO] request - Request: [GET] url: https://www.zhipin.com/wapi/zpgeek/common/data/friendlylinks.json?uri=%2Fweb%2Fgeek%2Fjob
[2024-08-18T19:06:32.284] [INFO] request - Request: [GET] url: https://www.zhipin.com/wapi/zpgeek/search/job/sidebar.json
[2024-08-18T19:06:32.285] [INFO] request - Request: [GET] url: https://www.zhipin.com/wapi/zpgeek/search/job/condition.json
[2024-08-18T19:06:32.287] [INFO] request - Request: [GET] url: https://www.zhipin.com/wapi/zpCommon/data/cityGroup.json
[2024-08-18T19:06:32.289] [INFO] request - Request: [GET] url: https://www.zhipin.com/wapi/zpgeek/search/joblist.json?scene=1&query=SAP%E4%B8%9A%E5%8A%A1%E9%A1%BE%E9%97%AE&city=101020100&experience=&payType=&partTime=&degree=&industry=&scale=&stage=&position=&jobType=&salary=&multiBusinessDistrict=&multiSubway=&page=1&pageSize=30
[2024-08-18T19:06:32.291] [INFO] request - Request: [GET] url: https://www.zhipin.com/wapi/zpgeek/search/job/subinfo.json?query=SAP%E4%B8%9A%E5%8A%A1%E9%A1%BE%E9%97%AE&city=101020100&experience=&payType=&partTime=&degree=&industry=&scale=&stage=&position=&jobType=&salary=&multiBusinessDistrict=&multiSubway=&page=1
[2024-08-18T19:06:32.296] [INFO] request - Request: [GET] url: https://www.zhipin.com/wapi/zpgeek/search/job/related/word.json?query=SAP%E4%B8%9A%E5%8A%A1%E9%A1%BE%E9%97%AE
[2024-08-18T19:06:32.297] [INFO] request - Request: [GET] url: https://www.zhipin.com/wapi/zpgeek/search/job/tdk.json?city=101020100&experience=&payType=&partTime=&degree=&industry=&scale=&stage=&position=&jobType=&salary=&multiBusinessDistrict=&multiSubway=
[2024-08-18T19:06:32.303] [INFO] request - Request: [GET] url: https://www.zhipin.com/wapi/zpgeek/businessDistrict.json?cityCode=101020100
[2024-08-18T19:06:32.307] [INFO] request - Request: [GET] url: https://www.zhipin.com/wapi/zpCommon/data/getSubwayByCity?cityCode=101020100
[2024-08-18T19:06:32.308] [INFO] request - Request: [GET] url: https://www.zhipin.com/wapi/zpCommon/data/industryFilterExemption
[2024-08-18T19:06:32.310] [INFO] request - Request: [GET] url: https://www.zhipin.com/wapi/zpCommon/data/getCityShowPosition
[2024-08-18T19:06:32.392] [INFO] request - Request: [GET] url: https://www.zhipin.com/wapi/zpgeek/agreement/update/tip.json
[2024-08-18T19:06:32.393] [INFO] request - Request: [GET] url: https://www.zhipin.com/wapi/zpgeek/resume/parser/querybar.json
[2024-08-18T19:06:32.394] [INFO] request - Request: [GET] url: https://www.zhipin.com/wapi/zpgeek/common/data/city/site.json
[2024-08-18T19:06:32.396] [INFO] request - Request: [GET] url: https://www.zhipin.com/wapi/zpgeek/webtopbanner/query.json
[2024-08-18T19:06:32.397] [INFO] request - Request: [GET] url: https://www.zhipin.com/wapi/zpuser/wap/getSecurityGuideV1
[2024-08-18T19:06:32.398] [INFO] request - Request: [GET] url: https://www.zhipin.com/wapi/zpgeek/collection/popup/window
[2024-08-18T19:06:32.537] [INFO] request - Request: [POST] url: https://www.zhipin.com/wapi/zpApm/actionLog/fe/ie/common.json
[2024-08-18T19:06:32.576] [INFO] request - Request: [GET] url: https://www.zhipin.com/wapi/zpke/geek/course/pc/entry?
[2024-08-18T19:06:32.865] [INFO] request - Request: [GET] url: https://www.zhipin.com/wapi/zpgeek/search/job/seo/data.json?city=101020100&position=&industry=&multiBusinessDistrict=&jobCity=101020100
[2024-08-18T19:06:32.867] [INFO] request - Request: [POST] url: https://www.zhipin.com/wapi/zpgeek/job/subscribe/qr.json
[2024-08-18T19:06:33.623] [INFO] request - Request: [POST] url: https://apm-fe.zhipin.com/wapi/zpApm/actionLog/fe/common.json
[2024-08-18T19:06:33.624] [INFO] request - Request: [POST] url: https://apm-fe.zhipin.com/wapi/zpApm/actionLog/fe/common.json
[2024-08-18T19:06:35.186] [INFO] request - Request: [GET] url: https://www.zhipin.com/wapi/zpgeek/strategy/login.json?source=2
[2024-08-18T19:06:37.425] [INFO] request - Request: [GET] url: https://www.zhipin.com/wapi/zpuser/wap/getUserInfo.json
[2024-08-18T19:06:37.495] [INFO] request - Request: [POST] url: https://logapi.zhipin.com/dap/api/json
[2024-08-18T19:06:37.497] [INFO] request - Request: [GET] url: https://www.zhipin.com/wapi/zpgeek/search/joblist.json?scene=1&query=SAP%E4%B8%9A%E5%8A%A1%E9%A1%BE%E9%97%AE&city=101020100&experience=&payType=&partTime=&degree=&industry=&scale=&stage=&position=&jobType=&salary=&multiBusinessDistrict=&multiSubway=&page=2&pageSize=30
[2024-08-18T19:06:37.499] [INFO] request - Request: [GET] url: https://www.zhipin.com/wapi/zpgeek/search/job/subinfo.json?query=SAP%E4%B8%9A%E5%8A%A1%E9%A1%BE%E9%97%AE&city=101020100&experience=&payType=&partTime=&degree=&industry=&scale=&stage=&position=&jobType=&salary=&multiBusinessDistrict=&multiSubway=&page=2
[2024-08-18T19:06:37.500] [INFO] request - Request: [GET] url: https://www.zhipin.com/wapi/zpgeek/search/job/related/word.json?query=SAP%E4%B8%9A%E5%8A%A1%E9%A1%BE%E9%97%AE
[2024-08-18T19:06:37.501] [INFO] request - Request: [GET] url: https://www.zhipin.com/wapi/zpgeek/search/job/tdk.json?city=101020100&experience=&payType=&partTime=&degree=&industry=&scale=&stage=&position=&jobType=&salary=&multiBusinessDistrict=&multiSubway=
[2024-08-18T19:06:37.846] [INFO] request - Request: [GET] url: https://www.zhipin.com/wapi/zpgeek/search/job/seo/data.json?city=101020100&position=&industry=&multiBusinessDistrict=&jobCity=101020100
[2024-08-18T19:06:39.419] [INFO] request - Request: [POST] url: https://www.zhipin.com/wapi/zpApm/actionLog/fe/ie/common.json
[2024-08-18T19:08:40.715] [INFO] request - Request document: [GET] url: https://www.zhipin.com/web/user/
[2024-08-18T19:08:40.966] [INFO] request - Request: [GET] url: https://apm-fe.zhipin.com/wapi/zpApm/httpMetrics/getConfig?appKey=ObsSRskiryhn60pf
[2024-08-18T19:08:41.057] [INFO] request - Request: [POST] url: https://www.zhipin.com/wapi/zppassport/set/zpToken
[2024-08-18T19:08:41.093] [INFO] request - Request: [POST] url: https://logapi.zhipin.com/dap/api/json
[2024-08-18T19:08:41.191] [INFO] request - Request: [GET] url: https://www.zhipin.com/wapi/zpuser/wap/getUserInfo.json
[2024-08-18T19:08:41.377] [INFO] request - Request: [POST] url: https://logapi.zhipin.com/dap/api/json
[2024-08-18T19:08:44.505] [INFO] request - Request: [POST] url: https://apm-fe.zhipin.com/wapi/zpApm/actionLog/fe/common.json
[2024-08-18T19:08:44.506] [INFO] request - Request: [POST] url: https://apm-fe.zhipin.com/wapi/zpApm/actionLog/fe/common.json
[2024-08-18T19:10:51.531] [INFO] request - Request document: [GET] url: https://www.baidu.com/
[2024-08-18T19:10:52.474] [INFO] request - Request: [GET] url: https://www.baidu.com/sugrec?&prod=pc_his&from=pc_web&json=1&sid=&hisdata=&_t=1723979452433&req=2&csor=0
[2024-08-18T19:14:10.804] [INFO] request - Request document: [GET] url: https://www.zhipin.com/web/user/
[2024-08-18T19:14:11.049] [INFO] request - Request: [GET] url: https://apm-fe.zhipin.com/wapi/zpApm/httpMetrics/getConfig?appKey=ObsSRskiryhn60pf
[2024-08-18T19:14:11.148] [INFO] request - Request: [POST] url: https://www.zhipin.com/wapi/zppassport/set/zpToken
[2024-08-18T19:14:11.177] [INFO] request - Request: [POST] url: https://logapi.zhipin.com/dap/api/json
[2024-08-18T19:14:11.274] [INFO] request - Request: [GET] url: https://www.zhipin.com/wapi/zpuser/wap/getUserInfo.json
[2024-08-18T19:14:11.457] [INFO] request - Request: [POST] url: https://logapi.zhipin.com/dap/api/json
[2024-08-18T19:24:05.884] [INFO] request - Request document: [GET] url: https://www.zhipin.com/web/user/
[2024-08-18T19:24:06.237] [INFO] request - Request: [GET] url: https://apm-fe.zhipin.com/wapi/zpApm/httpMetrics/getConfig?appKey=ObsSRskiryhn60pf
[2024-08-18T19:24:06.327] [INFO] request - Request: [POST] url: https://www.zhipin.com/wapi/zppassport/set/zpToken
[2024-08-18T19:24:06.483] [INFO] request - Request: [POST] url: https://logapi.zhipin.com/dap/api/json
[2024-08-18T19:24:06.531] [INFO] request - Request: [GET] url: https://www.zhipin.com/wapi/zpuser/wap/getUserInfo.json
[2024-08-18T19:24:06.614] [INFO] request - Request: [POST] url: https://logapi.zhipin.com/dap/api/json
[2024-08-18T19:24:07.186] [INFO] request - Request document: [GET] url: https://www.zhipin.com/
[2024-08-18T19:24:07.435] [INFO] request - Request: [GET] url: https://apm-fe.zhipin.com/wapi/zpApm/httpMetrics/getConfig?appKey=ObsSRskiryhn60pf
[2024-08-18T19:24:07.837] [INFO] request - Request: [POST] url: https://www.zhipin.com/wapi/zppassport/set/zpToken
[2024-08-18T19:24:07.838] [INFO] request - Request: [GET] url: https://www.zhipin.com/wapi/zpgeek/webtopbanner/query.json
[2024-08-18T19:24:07.839] [INFO] request - Request: [GET] url: https://www.zhipin.com/wapi/zpuser/wap/getSecurityGuideV1
[2024-08-18T19:24:07.840] [INFO] request - Request: [GET] url: https://www.zhipin.com/wapi/zpgeek/collection/popup/window
[2024-08-18T19:24:07.846] [INFO] request - Request document: [GET] url: https://www.zhipin.com/shanghai/?seoRefer=index
[2024-08-18T19:24:07.896] [INFO] request - Request: [GET] url: https://www.zhipin.com/wapi/zpke/geek/course/pc/entry?
[2024-08-18T19:24:08.040] [INFO] request - Request: [GET] url: https://apm-fe.zhipin.com/wapi/zpApm/httpMetrics/getConfig?appKey=ObsSRskiryhn60pf
[2024-08-18T19:24:08.305] [INFO] request - Request: [POST] url: https://www.zhipin.com/wapi/zppassport/set/zpToken
[2024-08-18T19:24:08.307] [INFO] request - Request: [GET] url: https://www.zhipin.com/wapi/zpgeek/webtopbanner/query.json
[2024-08-18T19:24:08.308] [INFO] request - Request: [GET] url: https://www.zhipin.com/wapi/zpuser/wap/getSecurityGuideV1
[2024-08-18T19:24:08.308] [INFO] request - Request: [GET] url: https://www.zhipin.com/wapi/zpgeek/collection/popup/window
[2024-08-18T19:24:08.414] [INFO] request - Request: [GET] url: https://www.zhipin.com/wapi/zpgeek/common/data/city/site.json
[2024-08-18T19:24:08.417] [INFO] request - Request: [GET] url: https://www.zhipin.com/wapi/zpCommon/data/industry.json
[2024-08-18T19:24:08.418] [INFO] request - Request: [GET] url: https://www.zhipin.com/wapi/zpCommon/data/city.json
[2024-08-18T19:24:08.422] [INFO] request - Request: [GET] url: https://www.zhipin.com/wapi/zpCommon/data/getCityShowPosition?cityCode=101020100
[2024-08-18T19:24:08.439] [INFO] request - Request: [POST] url: https://logapi.zhipin.com/dap/api/json
[2024-08-18T19:24:08.446] [INFO] request - Request: [GET] url: https://www.zhipin.com/wapi/zpgeek/agreement/update/tip.json
[2024-08-18T19:24:08.446] [INFO] request - Request: [GET] url: https://www.zhipin.com/wapi/zpgeek/resume/parser/querybar.json
[2024-08-18T19:24:08.468] [INFO] request - Request: [GET] url: https://www.zhipin.com/wapi/zpke/geek/course/pc/entry?
[2024-08-18T19:24:08.686] [INFO] request - Request document: [GET] url: https://www.zhipin.com/job_detail/?query=SAP%E4%B8%9A%E5%8A%A1%E9%A1%BE%E9%97%AE&city=101020100&industry=&position=
[2024-08-18T19:24:08.729] [INFO] request - Request document: [GET] url: https://www.zhipin.com/web/common/security-check.html?seed=t5jmdpi%2BwMcjMaL3M8VwxaccMc4KiHwgjkhj7hCoaeY%3D&name=37321aeb&ts=1723980248781&callbackUrl=%2Fjob_detail%2F%3Fquery%3DSAP%25E4%25B8%259A%25E5%258A%25A1%25E9%25A1%25BE%25E9%2597%25AE%26city%3D101020100%26industry%3D%26position%3D&srcReferer=https%3A%2F%2Fwww.zhipin.com%2Fshanghai%2F%3FseoRefer%3Dindex
[2024-08-18T19:24:08.859] [INFO] request - Request: [GET] url: https://apm-fe.zhipin.com/wapi/zpApm/httpMetrics/getConfig?appKey=ObsSRskiryhn60pf
[2024-08-18T19:24:09.355] [INFO] request - Request document: [GET] url: https://www.zhipin.com/job_detail/?query=SAP%E4%B8%9A%E5%8A%A1%E9%A1%BE%E9%97%AE&city=101020100&industry=&position=
[2024-08-18T19:24:09.409] [INFO] request - Request document: [GET] url: https://www.zhipin.com/web/geek/job?query=SAP%E4%B8%9A%E5%8A%A1%E9%A1%BE%E9%97%AE&city=101020100
[2024-08-18T19:24:09.561] [INFO] request - Request: [GET] url: https://apm-fe.zhipin.com/wapi/zpApm/httpMetrics/getConfig?appKey=ObsSRskiryhn60pf
[2024-08-18T19:24:09.900] [INFO] request - Request: [POST] url: https://logapi.zhipin.com/dap/api/json
[2024-08-18T19:24:10.266] [INFO] request - Request: [POST] url: https://www.zhipin.com/wapi/zppassport/set/zpToken
[2024-08-18T19:24:10.267] [INFO] request - Request: [GET] url: https://www.zhipin.com/wapi/zpchat/group/gravityGroupInfoList?page=1&scene=0
[2024-08-18T19:24:10.268] [INFO] request - Request: [GET] url: https://www.zhipin.com/wapi/zprelation/friend/geekFilterByLabel?labelId=0
[2024-08-18T19:24:10.268] [INFO] request - Request: [GET] url: https://www.zhipin.com/wapi/zpchat/config/get
[2024-08-18T19:24:10.268] [INFO] request - Request: [GET] url: https://www.zhipin.com/wapi/zpitem/web/item/config/get
[2024-08-18T19:24:10.326] [INFO] request - Request: [GET] url: https://www.zhipin.com/wapi/zpuser/wap/getUserInfo.json
[2024-08-18T19:24:10.327] [INFO] request - Request: [GET] url: https://www.zhipin.com/wapi/zpchat/notify/setting/get
[2024-08-18T19:24:10.328] [INFO] request - Request: [GET] url: https://www.zhipin.com/wapi/zpgeek/common/data/footer.json
[2024-08-18T19:24:10.334] [INFO] request - Request: [GET] url: https://www.zhipin.com/wapi/zpchat/group/groupInfoList
[2024-08-18T19:24:10.335] [INFO] request - Request: [GET] url: https://www.zhipin.com/wapi/zpchat/group/gravityGroupInfoList?page=1&scene=0
[2024-08-18T19:24:10.335] [INFO] request - Request: [GET] url: https://www.zhipin.com/wapi/zprelation/friend/geekFilterByLabel?labelId=-1
[2024-08-18T19:24:11.717] [INFO] request - Request: [GET] url: https://www.zhipin.com/wapi/zpgeek/common/data/header.json
[2024-08-18T19:24:11.799] [INFO] request - Request: [GET] url: https://www.zhipin.com/wapi/zpgeek/resume/restrict/list.json
[2024-08-18T19:24:11.914] [INFO] request - Request: [GET] url: https://img.bosszhipin.com/static/file/2022/slv5z2t59n1655432972265.json
[2024-08-18T19:24:11.917] [INFO] request - Request: [GET] url: https://img.bosszhipin.com/static/file/2022/yq4s2zwazm1655433298817.json
[2024-08-18T19:24:11.919] [INFO] request - Request: [GET] url: https://img.bosszhipin.com/static/file/2022/coyoauheri1655433298743.json
[2024-08-18T19:24:11.921] [INFO] request - Request: [POST] url: https://logapi.zhipin.com/dap/api/json
[2024-08-18T19:24:11.938] [INFO] request - Request: [GET] url: https://www.zhipin.com/wapi/zpgeek/common/data/friendlylinks.json?uri=%2Fweb%2Fgeek%2Fjob
[2024-08-18T19:24:11.939] [INFO] request - Request: [GET] url: https://www.zhipin.com/wapi/zpgeek/search/job/sidebar.json
[2024-08-18T19:24:11.940] [INFO] request - Request: [GET] url: https://www.zhipin.com/wapi/zpgeek/search/job/condition.json
[2024-08-18T19:24:11.941] [INFO] request - Request: [GET] url: https://www.zhipin.com/wapi/zpCommon/data/cityGroup.json
[2024-08-18T19:24:11.942] [INFO] request - Request: [GET] url: https://www.zhipin.com/wapi/zpgeek/search/joblist.json?scene=1&query=SAP%E4%B8%9A%E5%8A%A1%E9%A1%BE%E9%97%AE&city=101020100&experience=&payType=&partTime=&degree=&industry=&scale=&stage=&position=&jobType=&salary=&multiBusinessDistrict=&multiSubway=&page=1&pageSize=30
[2024-08-18T19:24:11.943] [INFO] request - Request: [GET] url: https://www.zhipin.com/wapi/zpgeek/search/job/subinfo.json?query=SAP%E4%B8%9A%E5%8A%A1%E9%A1%BE%E9%97%AE&city=101020100&experience=&payType=&partTime=&degree=&industry=&scale=&stage=&position=&jobType=&salary=&multiBusinessDistrict=&multiSubway=&page=1
[2024-08-18T19:24:11.948] [INFO] request - Request: [GET] url: https://www.zhipin.com/wapi/zpgeek/search/job/related/word.json?query=SAP%E4%B8%9A%E5%8A%A1%E9%A1%BE%E9%97%AE
[2024-08-18T19:24:11.949] [INFO] request - Request: [GET] url: https://www.zhipin.com/wapi/zpgeek/search/job/tdk.json?city=101020100&experience=&payType=&partTime=&degree=&industry=&scale=&stage=&position=&jobType=&salary=&multiBusinessDistrict=&multiSubway=
[2024-08-18T19:24:11.950] [INFO] request - Request: [GET] url: https://www.zhipin.com/wapi/zpgeek/businessDistrict.json?cityCode=101020100
[2024-08-18T19:24:11.952] [INFO] request - Request: [GET] url: https://www.zhipin.com/wapi/zpCommon/data/getSubwayByCity?cityCode=101020100
[2024-08-18T19:24:11.954] [INFO] request - Request: [GET] url: https://www.zhipin.com/wapi/zpCommon/data/industryFilterExemption
[2024-08-18T19:24:11.962] [INFO] request - Request: [GET] url: https://www.zhipin.com/wapi/zpCommon/data/getCityShowPosition
[2024-08-18T19:24:12.011] [INFO] request - Request: [GET] url: https://www.zhipin.com/wapi/zpgeek/agreement/update/tip.json
[2024-08-18T19:24:12.012] [INFO] request - Request: [GET] url: https://www.zhipin.com/wapi/zpgeek/resume/parser/querybar.json
[2024-08-18T19:24:12.014] [INFO] request - Request: [GET] url: https://www.zhipin.com/wapi/zpgeek/common/data/city/site.json
[2024-08-18T19:24:12.018] [INFO] request - Request: [GET] url: https://www.zhipin.com/wapi/zpgeek/webtopbanner/query.json
[2024-08-18T19:24:12.019] [INFO] request - Request: [GET] url: https://www.zhipin.com/wapi/zpuser/wap/getSecurityGuideV1
[2024-08-18T19:24:12.019] [INFO] request - Request: [GET] url: https://www.zhipin.com/wapi/zpgeek/collection/popup/window
[2024-08-18T19:24:12.507] [INFO] request - Request: [GET] url: https://www.zhipin.com/wapi/zpgeek/search/job/seo/data.json?city=101020100&position=&industry=&multiBusinessDistrict=&jobCity=101020100
[2024-08-18T19:24:12.510] [INFO] request - Request: [POST] url: https://www.zhipin.com/wapi/zpgeek/job/subscribe/qr.json
[2024-08-18T19:24:12.534] [INFO] request - Request: [POST] url: https://www.zhipin.com/wapi/zpApm/actionLog/fe/ie/common.json
[2024-08-18T19:24:12.578] [INFO] request - Request: [GET] url: https://www.zhipin.com/wapi/zpke/geek/course/pc/entry?
[2024-08-18T19:24:13.352] [INFO] request - Request: [POST] url: https://apm-fe.zhipin.com/wapi/zpApm/actionLog/fe/common.json
[2024-08-18T19:24:13.352] [INFO] request - Request: [POST] url: https://apm-fe.zhipin.com/wapi/zpApm/actionLog/fe/common.json
[2024-08-18T19:24:14.849] [INFO] request - Request: [GET] url: https://www.zhipin.com/wapi/zpgeek/strategy/login.json?source=2
[2024-08-18T19:24:17.839] [INFO] request - Request: [GET] url: https://www.zhipin.com/wapi/zpuser/wap/getUserInfo.json
[2024-08-18T19:24:17.914] [INFO] request - Request: [POST] url: https://logapi.zhipin.com/dap/api/json
[2024-08-18T19:24:17.915] [INFO] request - Request: [GET] url: https://www.zhipin.com/wapi/zpgeek/search/joblist.json?scene=1&query=SAP%E4%B8%9A%E5%8A%A1%E9%A1%BE%E9%97%AE&city=101020100&experience=&payType=&partTime=&degree=&industry=&scale=&stage=&position=&jobType=&salary=&multiBusinessDistrict=&multiSubway=&page=2&pageSize=30
[2024-08-18T19:24:17.916] [INFO] request - Request: [GET] url: https://www.zhipin.com/wapi/zpgeek/search/job/subinfo.json?query=SAP%E4%B8%9A%E5%8A%A1%E9%A1%BE%E9%97%AE&city=101020100&experience=&payType=&partTime=&degree=&industry=&scale=&stage=&position=&jobType=&salary=&multiBusinessDistrict=&multiSubway=&page=2
[2024-08-18T19:24:17.917] [INFO] request - Request: [GET] url: https://www.zhipin.com/wapi/zpgeek/search/job/related/word.json?query=SAP%E4%B8%9A%E5%8A%A1%E9%A1%BE%E9%97%AE
[2024-08-18T19:24:17.918] [INFO] request - Request: [GET] url: https://www.zhipin.com/wapi/zpgeek/search/job/tdk.json?city=101020100&experience=&payType=&partTime=&degree=&industry=&scale=&stage=&position=&jobType=&salary=&multiBusinessDistrict=&multiSubway=
[2024-08-18T19:24:18.235] [INFO] request - Request: [GET] url: https://www.zhipin.com/wapi/zpgeek/search/job/seo/data.json?city=101020100&position=&industry=&multiBusinessDistrict=&jobCity=101020100
[2024-08-18T19:24:19.833] [INFO] request - Request: [POST] url: https://www.zhipin.com/wapi/zpApm/actionLog/fe/ie/common.json
