[2024-08-07T00:55:08.520] [INFO] request - Request: [GET] url: https://apm-fe.zhipin.com/wapi/zpApm/httpMetrics/getConfig?appKey=ObsSRskiryhn60pf
[2024-08-07T00:55:08.725] [INFO] request - Request: [POST] url: https://www.zhipin.com/wapi/zppassport/set/zpToken
[2024-08-07T00:55:08.798] [INFO] request - Request: [POST] url: https://logapi.zhipin.com/dap/api/json
[2024-08-07T00:55:08.890] [INFO] request - Request: [GET] url: https://www.zhipin.com/wapi/zpuser/wap/getUserInfo.json
[2024-08-07T00:55:08.971] [INFO] request - Request: [POST] url: https://logapi.zhipin.com/dap/api/json
[2024-08-07T00:55:12.237] [INFO] request - Request: [POST] url: https://apm-fe.zhipin.com/wapi/zpApm/actionLog/fe/common.json
[2024-08-07T00:55:12.238] [INFO] request - Request: [POST] url: https://apm-fe.zhipin.com/wapi/zpApm/actionLog/fe/common.json
[2024-08-07T00:56:17.914] [INFO] request - Request: [GET] url: https://apm-fe.zhipin.com/wapi/zpApm/httpMetrics/getConfig?appKey=ObsSRskiryhn60pf
[2024-08-07T00:56:18.058] [INFO] request - Request: [POST] url: https://www.zhipin.com/wapi/zppassport/set/zpToken
[2024-08-07T00:56:18.060] [INFO] request - Request: [POST] url: https://logapi.zhipin.com/dap/api/json
[2024-08-07T00:56:18.191] [INFO] request - Request: [GET] url: https://www.zhipin.com/wapi/zpuser/wap/getUserInfo.json
[2024-08-07T00:56:18.372] [INFO] request - Request: [POST] url: https://logapi.zhipin.com/dap/api/json
[2024-08-07T00:56:21.668] [INFO] request - Request: [POST] url: https://apm-fe.zhipin.com/wapi/zpApm/actionLog/fe/common.json
[2024-08-07T00:56:21.669] [INFO] request - Request: [POST] url: https://apm-fe.zhipin.com/wapi/zpApm/actionLog/fe/common.json
[2024-08-07T00:56:31.821] [INFO] request - Request: [POST] url: https://www.zhipin.com/wapi/zppassport/captcha/randkey
[2024-08-07T00:56:32.055] [INFO] request - Request: [GET] url: https://www.zhipin.com/wapi/zppassport/qrcode/scan?uuid=bosszp-d24def94-d874-493c-a271-3a701d76a1dd
[2024-08-07T00:56:39.922] [INFO] request - Request: [GET] url: https://www.zhipin.com/wapi/zppassport/captcha/getSecondKey?uuid=bosszp-d24def94-d874-493c-a271-3a701d76a1dd
[2024-08-07T00:56:39.972] [INFO] request - Request: [GET] url: https://www.zhipin.com/wapi/zppassport/qrcode/scanSecond?uuid=bosszp-15d70c27-3ad7-4b35-9af8-2420ea165aef
[2024-08-07T00:56:40.333] [INFO] request - Request: [GET] url: https://www.zhipin.com/wapi/zppassport/qrcode/getHeadImg?qrId=bosszp-d24def94-d874-493c-a271-3a701d76a1dd
[2024-08-07T00:56:40.334] [INFO] request - Request: [GET] url: https://www.zhipin.com/wapi/zppassport/qrcode/scanLogin?qrId=bosszp-d24def94-d874-493c-a271-3a701d76a1dd
[2024-08-07T00:56:42.110] [INFO] request - Request: [GET] url: https://www.zhipin.com/wapi/zppassport/qrcode/dispatcher?qrId=bosszp-d24def94-d874-493c-a271-3a701d76a1dd&pk=cpc_user_sign_up&fp=vXzb4tihcM6nV55ykA9z6JPuIYBkcCSpWfYeZQ%2Bfz2wLdEq0QqWs4GeAwGT2MOIceRG46KMn%2BoH86PDrZk18oi0oiVOf8W%2BmXY5Dcrr7C0nRJ23PXwm3jeNo%2FtJQ51Hmet53IUtN%2BoylsUrYA8xiNeNeZr5EOy24l6Avg3ilC0EfxBuvR2cffpTJxMcp0%2BglqxMnC%2Fki2hsfgDo0df9mIw%3D%3D
[2024-08-07T00:56:42.419] [INFO] request - Request: [POST] url: https://www.zhipin.com/wapi/zpCommon/actionLog/common.json
[2024-08-07T00:56:42.683] [INFO] request - Request: [GET] url: https://apm-fe.zhipin.com/wapi/zpApm/httpMetrics/getConfig?appKey=ObsSRskiryhn60pf
[2024-08-07T00:56:43.053] [INFO] request - Request: [POST] url: https://logapi.zhipin.com/dap/api/json
[2024-08-07T00:56:43.391] [INFO] request - Request: [POST] url: https://www.zhipin.com/wapi/zppassport/set/zpToken
[2024-08-07T00:56:43.393] [INFO] request - Request: [GET] url: https://www.zhipin.com/wapi/zpchat/group/gravityGroupInfoList?page=1&scene=0
[2024-08-07T00:56:43.394] [INFO] request - Request: [GET] url: https://www.zhipin.com/wapi/zprelation/friend/geekFilterByLabel?labelId=0
[2024-08-07T00:56:43.396] [INFO] request - Request: [GET] url: https://www.zhipin.com/wapi/zpchat/config/get
[2024-08-07T00:56:43.397] [INFO] request - Request: [GET] url: https://www.zhipin.com/wapi/zpitem/web/item/config/get
[2024-08-07T00:56:43.504] [INFO] request - Request: [GET] url: https://www.zhipin.com/wapi/zpuser/wap/getUserInfo.json
[2024-08-07T00:56:43.505] [INFO] request - Request: [GET] url: https://www.zhipin.com/wapi/zpchat/notify/setting/get
[2024-08-07T00:56:43.511] [INFO] request - Request: [GET] url: https://www.zhipin.com/wapi/zpchat/group/groupInfoList
[2024-08-07T00:56:43.512] [INFO] request - Request: [GET] url: https://www.zhipin.com/wapi/zpchat/group/gravityGroupInfoList?page=1&scene=0
[2024-08-07T00:56:43.513] [INFO] request - Request: [GET] url: https://www.zhipin.com/wapi/zprelation/friend/geekFilterByLabel?labelId=-1
[2024-08-07T00:56:43.660] [INFO] request - Request: [GET] url: https://www.zhipin.com/wapi/zpgeek/common/data/header.json
[2024-08-07T00:56:43.736] [INFO] request - Request: [GET] url: https://www.zhipin.com/wapi/zpgeek/resume/restrict/list.json
[2024-08-07T00:56:43.830] [INFO] request - Request: [POST] url: https://logapi.zhipin.com/dap/api/json
[2024-08-07T00:56:43.831] [INFO] request - Request: [GET] url: https://www.zhipin.com/wapi/zppassport/get/wt
[2024-08-07T00:56:43.836] [INFO] request - Request: [GET] url: https://www.zhipin.com/wapi/zpgeek/resume/complete/step.json?version=2
[2024-08-07T00:56:43.837] [INFO] request - Request: [GET] url: https://www.zhipin.com/wapi/zpCommon/data/cityGroup.json
[2024-08-07T00:56:43.839] [INFO] request - Request: [GET] url: https://www.zhipin.com/wapi/zpgeek/pc/recommend/expect/list.json
[2024-08-07T00:56:43.841] [INFO] request - Request: [GET] url: https://www.zhipin.com/wapi/zpCommon/data/industryFilterExemption
[2024-08-07T00:56:43.842] [INFO] request - Request: [GET] url: https://www.zhipin.com/wapi/zpgeek/common/data/footer.json
[2024-08-07T00:56:43.903] [INFO] request - Request: [GET] url: https://www.zhipin.com/wapi/zpgeek/agreement/update/tip.json
[2024-08-07T00:56:43.904] [INFO] request - Request: [GET] url: https://www.zhipin.com/wapi/zpgeek/resume/parser/querybar.json
[2024-08-07T00:56:43.905] [INFO] request - Request: [GET] url: https://www.zhipin.com/wapi/zpgeek/common/data/city/site.json
[2024-08-07T00:56:43.906] [INFO] request - Request: [GET] url: https://www.zhipin.com/wapi/zpgeek/webtopbanner/query.json
[2024-08-07T00:56:43.907] [INFO] request - Request: [GET] url: https://www.zhipin.com/wapi/zpuser/wap/getSecurityGuideV1
[2024-08-07T00:56:44.113] [INFO] request - Request: [GET] url: https://www.zhipin.com/wapi/zpgeek/pc/recommend/conditions.json
[2024-08-07T00:56:44.114] [INFO] request - Request: [GET] url: https://www.zhipin.com/wapi/zpgeek/common/data/defaultcity.json
[2024-08-07T00:56:44.188] [INFO] request - Request: [GET] url: https://www.zhipin.com/wapi/zpitem/geek/vip/info?
[2024-08-07T00:56:44.191] [INFO] request - Request: [GET] url: https://www.zhipin.com/wapi/zpuser/h5/account/getStatus?
[2024-08-07T00:56:44.215] [INFO] request - Request: [GET] url: https://www.zhipin.com/wapi/zpwukong/web/employer/task/showGeekEntry?
[2024-08-07T00:56:44.221] [INFO] request - Request: [GET] url: https://www.zhipin.com/wapi/zpke/geek/course/pc/entry?
[2024-08-07T00:56:44.224] [INFO] request - Request: [GET] url: https://www.zhipin.com/wapi/zpgeek/pc/recommend/job/list.json?city=101020100&experience=&payType=&partTime=&degree=&industry=&scale=&salary=&jobType=&encryptExpectId=&mixExpectType=&page=1&pageSize=15
[2024-08-07T00:56:44.360] [INFO] request - Request: [GET] url: https://www.zhipin.com/wapi/zpgeek/job/detail.json?securityId=CK8VI1sckTARE-y1okyRSLNHNTo6RC14PO4cukoAW8NPAm9HlACxiD8lXbBAa3XzZTbP_RkYZwAFUfnbYfpOjd32mJ_X0GdiOjfaZbe7uScfamSfLElA2uw5Wg~~&lid=5Uy9LzHRmFn.search.1
[2024-08-07T00:56:45.307] [INFO] request - Request: [POST] url: https://www.zhipin.com/wapi/zpApm/actionLog/fe/ie/common.json
[2024-08-07T00:56:46.495] [INFO] request - Request: [POST] url: https://apm-fe.zhipin.com/wapi/zpApm/actionLog/fe/common.json
[2024-08-07T01:00:44.955] [INFO] request - Request: [GET] url: https://apm-fe.zhipin.com/wapi/zpApm/httpMetrics/getConfig?appKey=ObsSRskiryhn60pf
[2024-08-07T01:00:45.066] [INFO] request - Request: [POST] url: https://www.zhipin.com/wapi/zppassport/set/zpToken
[2024-08-07T01:00:45.091] [INFO] request - Request: [POST] url: https://logapi.zhipin.com/dap/api/json
[2024-08-07T01:00:45.383] [INFO] request - Request: [GET] url: https://www.zhipin.com/wapi/zpuser/wap/getUserInfo.json
[2024-08-07T01:00:45.477] [INFO] request - Request: [POST] url: https://logapi.zhipin.com/dap/api/json
[2024-08-07T01:00:48.730] [INFO] request - Request: [POST] url: https://apm-fe.zhipin.com/wapi/zpApm/actionLog/fe/common.json
[2024-08-07T01:00:48.731] [INFO] request - Request: [POST] url: https://apm-fe.zhipin.com/wapi/zpApm/actionLog/fe/common.json
[2024-08-07T01:00:57.195] [INFO] request - Request: [POST] url: https://www.zhipin.com/wapi/zppassport/captcha/randkey
[2024-08-07T01:00:57.365] [INFO] request - Request: [GET] url: https://www.zhipin.com/wapi/zppassport/qrcode/scan?uuid=bosszp-53c89246-b83a-402a-8b9a-41f5730dd566
[2024-08-07T01:01:10.576] [INFO] request - Request: [GET] url: https://www.zhipin.com/wapi/zppassport/captcha/getSecondKey?uuid=bosszp-53c89246-b83a-402a-8b9a-41f5730dd566
[2024-08-07T01:01:10.635] [INFO] request - Request: [GET] url: https://www.zhipin.com/wapi/zppassport/qrcode/scanSecond?uuid=bosszp-81bec0dc-d01a-4877-aa61-ec2587e92f94
[2024-08-07T01:01:11.044] [INFO] request - Request: [GET] url: https://www.zhipin.com/wapi/zppassport/qrcode/getHeadImg?qrId=bosszp-53c89246-b83a-402a-8b9a-41f5730dd566
[2024-08-07T01:01:11.045] [INFO] request - Request: [GET] url: https://www.zhipin.com/wapi/zppassport/qrcode/scanLogin?qrId=bosszp-53c89246-b83a-402a-8b9a-41f5730dd566
[2024-08-07T01:01:13.479] [INFO] request - Request: [GET] url: https://www.zhipin.com/wapi/zppassport/qrcode/dispatcher?qrId=bosszp-53c89246-b83a-402a-8b9a-41f5730dd566&pk=cpc_user_sign_up&fp=mqnyD0D2zRyDiP4ukEJHkEFnoKL%2FrxvQoJgqMLLzyKrE8PqIl684g1%2Fomw1U5Wv3%2FLcSp8B%2BYFH%2F7dzyoNaLOduYg08pZZKjyfqSNl7fyORdr%2Bv03LdQua7kmvI8g2NRmG0PbzT%2BJ4AvRqeyNTUYI8h%2FKFKSqzm4r8L0ozA0gAA0vttcUh1pvH%2F6wUxLLbpLTbVrMwo9TpRdTgngJqeGQA%3D%3D
[2024-08-07T01:01:14.155] [INFO] request - Request: [POST] url: https://www.zhipin.com/wapi/zpCommon/actionLog/common.json
[2024-08-07T01:01:14.452] [INFO] request - Request: [GET] url: https://apm-fe.zhipin.com/wapi/zpApm/httpMetrics/getConfig?appKey=ObsSRskiryhn60pf
[2024-08-07T01:01:14.770] [INFO] request - Request: [POST] url: https://logapi.zhipin.com/dap/api/json
[2024-08-07T01:01:15.159] [INFO] request - Request: [POST] url: https://www.zhipin.com/wapi/zppassport/set/zpToken
[2024-08-07T01:01:15.160] [INFO] request - Request: [GET] url: https://www.zhipin.com/wapi/zpchat/group/gravityGroupInfoList?page=1&scene=0
[2024-08-07T01:01:15.161] [INFO] request - Request: [GET] url: https://www.zhipin.com/wapi/zprelation/friend/geekFilterByLabel?labelId=0
[2024-08-07T01:01:15.162] [INFO] request - Request: [GET] url: https://www.zhipin.com/wapi/zpchat/config/get
[2024-08-07T01:01:15.163] [INFO] request - Request: [GET] url: https://www.zhipin.com/wapi/zpitem/web/item/config/get
[2024-08-07T01:01:15.251] [INFO] request - Request: [GET] url: https://www.zhipin.com/wapi/zpuser/wap/getUserInfo.json
[2024-08-07T01:01:15.252] [INFO] request - Request: [GET] url: https://www.zhipin.com/wapi/zpchat/notify/setting/get
[2024-08-07T01:01:15.260] [INFO] request - Request: [GET] url: https://www.zhipin.com/wapi/zpchat/group/groupInfoList
[2024-08-07T01:01:15.261] [INFO] request - Request: [GET] url: https://www.zhipin.com/wapi/zpchat/group/gravityGroupInfoList?page=1&scene=0
[2024-08-07T01:01:15.263] [INFO] request - Request: [GET] url: https://www.zhipin.com/wapi/zprelation/friend/geekFilterByLabel?labelId=-1
[2024-08-07T01:01:15.355] [INFO] request - Request: [GET] url: https://www.zhipin.com/wapi/zpgeek/common/data/header.json
[2024-08-07T01:01:15.482] [INFO] request - Request: [POST] url: https://logapi.zhipin.com/dap/api/json
[2024-08-07T01:01:15.486] [INFO] request - Request: [GET] url: https://www.zhipin.com/wapi/zppassport/get/wt
[2024-08-07T01:01:15.488] [INFO] request - Request: [GET] url: https://www.zhipin.com/wapi/zpgeek/resume/complete/step.json?version=2
[2024-08-07T01:01:15.489] [INFO] request - Request: [GET] url: https://www.zhipin.com/wapi/zpCommon/data/cityGroup.json
[2024-08-07T01:01:15.491] [INFO] request - Request: [GET] url: https://www.zhipin.com/wapi/zpgeek/pc/recommend/expect/list.json
[2024-08-07T01:01:15.493] [INFO] request - Request: [GET] url: https://www.zhipin.com/wapi/zpCommon/data/industryFilterExemption
[2024-08-07T01:01:15.496] [INFO] request - Request: [GET] url: https://www.zhipin.com/wapi/zpgeek/common/data/footer.json
[2024-08-07T01:01:15.508] [INFO] request - Request: [GET] url: https://www.zhipin.com/wapi/zpgeek/resume/restrict/list.json
[2024-08-07T01:01:15.813] [INFO] request - Request: [GET] url: https://www.zhipin.com/wapi/zpgeek/agreement/update/tip.json
[2024-08-07T01:01:15.816] [INFO] request - Request: [GET] url: https://www.zhipin.com/wapi/zpgeek/resume/parser/querybar.json
[2024-08-07T01:01:15.816] [INFO] request - Request: [GET] url: https://www.zhipin.com/wapi/zpgeek/common/data/city/site.json
[2024-08-07T01:01:15.817] [INFO] request - Request: [GET] url: https://www.zhipin.com/wapi/zpgeek/webtopbanner/query.json
[2024-08-07T01:01:15.821] [INFO] request - Request: [GET] url: https://www.zhipin.com/wapi/zpuser/wap/getSecurityGuideV1
[2024-08-07T01:01:15.829] [INFO] request - Request: [GET] url: https://www.zhipin.com/wapi/zpgeek/pc/recommend/conditions.json
[2024-08-07T01:01:15.832] [INFO] request - Request: [GET] url: https://www.zhipin.com/wapi/zpgeek/common/data/defaultcity.json
[2024-08-07T01:01:15.926] [INFO] request - Request: [GET] url: https://www.zhipin.com/wapi/zpgeek/pc/recommend/job/list.json?city=101020100&experience=&payType=&partTime=&degree=&industry=&scale=&salary=&jobType=&encryptExpectId=&mixExpectType=&page=1&pageSize=15
[2024-08-07T01:01:15.955] [INFO] request - Request: [GET] url: https://www.zhipin.com/wapi/zpitem/geek/vip/info?
[2024-08-07T01:01:15.956] [INFO] request - Request: [GET] url: https://www.zhipin.com/wapi/zpuser/h5/account/getStatus?
[2024-08-07T01:01:15.959] [INFO] request - Request: [GET] url: https://www.zhipin.com/wapi/zpwukong/web/employer/task/showGeekEntry?
[2024-08-07T01:01:15.961] [INFO] request - Request: [GET] url: https://www.zhipin.com/wapi/zpke/geek/course/pc/entry?
[2024-08-07T01:01:16.291] [INFO] request - Request: [GET] url: https://www.zhipin.com/wapi/zpgeek/job/detail.json?securityId=UrGDy4VEuysaV-M1KMT7nyITpE11lzDpU__bey6z49qSGkOyBdnJLEzQ3YHB42MMkntUG4hMLnU9SHMYkX9_QPpOk95CPByX3p3AhKRHLchwc-6X-lrP9ayqtQ~~&lid=5UsNzRWr5u8.search.1
[2024-08-07T01:01:17.071] [INFO] request - Request: [POST] url: https://www.zhipin.com/wapi/zpApm/actionLog/fe/ie/common.json
[2024-08-07T01:01:18.244] [INFO] request - Request: [POST] url: https://apm-fe.zhipin.com/wapi/zpApm/actionLog/fe/common.json
[2024-08-07T01:04:02.691] [INFO] request - Request: [GET] url: https://www.baidu.com/sugrec?&prod=pc_his&from=pc_web&json=1&sid=&hisdata=&_t=1722963842661&req=2&csor=0
[2024-08-07T01:04:30.718] [INFO] request - Request: [GET] url: https://www.baidu.com/sugrec?&prod=pc_his&from=pc_web&json=1&sid=&hisdata=&_t=1722963870688&req=2&csor=0
[2024-08-07T01:07:05.410] [INFO] request - Request: [GET] url: https://www.baidu.com/sugrec?&prod=pc_his&from=pc_web&json=1&sid=&hisdata=&_t=1722964025387&req=2&csor=0
[2024-08-07T01:08:53.054] [INFO] request - Request: [GET] url: https://www.baidu.com/sugrec?&prod=pc_his&from=pc_web&json=1&sid=&hisdata=&_t=1722964133049&req=2&csor=0
[2024-08-07T01:13:51.600] [INFO] request - Request: [GET] url: https://www.baidu.com/sugrec?&prod=pc_his&from=pc_web&json=1&sid=&hisdata=&_t=1722964431563&req=2&csor=0
[2024-08-07T01:14:16.459] [INFO] request - Request: [GET] url: https://www.baidu.com/sugrec?&prod=pc_his&from=pc_web&json=1&sid=&hisdata=&_t=1722964456422&req=2&csor=0
[2024-08-07T01:14:26.362] [INFO] request - Request: [GET] url: https://apm-fe.zhipin.com/wapi/zpApm/httpMetrics/getConfig?appKey=ObsSRskiryhn60pf
[2024-08-07T01:14:26.512] [INFO] request - Request: [POST] url: https://www.zhipin.com/wapi/zppassport/set/zpToken
[2024-08-07T01:14:26.514] [INFO] request - Request: [POST] url: https://logapi.zhipin.com/dap/api/json
[2024-08-07T01:14:26.705] [INFO] request - Request: [GET] url: https://www.zhipin.com/wapi/zpuser/wap/getUserInfo.json
[2024-08-07T01:14:26.842] [INFO] request - Request: [POST] url: https://logapi.zhipin.com/dap/api/json
[2024-08-07T01:14:29.795] [INFO] request - Request: [POST] url: https://apm-fe.zhipin.com/wapi/zpApm/actionLog/fe/common.json
[2024-08-07T01:14:29.795] [INFO] request - Request: [POST] url: https://apm-fe.zhipin.com/wapi/zpApm/actionLog/fe/common.json
[2024-08-07T01:14:31.160] [INFO] request - Request: [POST] url: https://www.zhipin.com/wapi/zppassport/captcha/randkey
[2024-08-07T01:14:31.209] [INFO] request - Request: [GET] url: https://www.zhipin.com/wapi/zppassport/qrcode/scan?uuid=bosszp-98c35965-c728-4ad7-9dc6-b5ef23005aca
[2024-08-07T01:14:54.734] [INFO] request - Request: [GET] url: https://www.zhipin.com/wapi/zppassport/captcha/getSecondKey?uuid=bosszp-98c35965-c728-4ad7-9dc6-b5ef23005aca
[2024-08-07T01:14:54.789] [INFO] request - Request: [GET] url: https://www.zhipin.com/wapi/zppassport/qrcode/scanSecond?uuid=bosszp-732c38df-90fd-4552-a77d-9abf867af3ed
[2024-08-07T01:14:55.386] [INFO] request - Request: [GET] url: https://www.zhipin.com/wapi/zppassport/qrcode/getHeadImg?qrId=bosszp-98c35965-c728-4ad7-9dc6-b5ef23005aca
[2024-08-07T01:14:55.387] [INFO] request - Request: [GET] url: https://www.zhipin.com/wapi/zppassport/qrcode/scanLogin?qrId=bosszp-98c35965-c728-4ad7-9dc6-b5ef23005aca
[2024-08-07T01:14:57.163] [INFO] request - Request: [GET] url: https://www.zhipin.com/wapi/zppassport/qrcode/dispatcher?qrId=bosszp-98c35965-c728-4ad7-9dc6-b5ef23005aca&pk=cpc_user_sign_up&fp=SCKfNV5JemGEFH%2Fs5iy4aXuBu4AVjDGwjCZuy%2Fnh8VY00%2BzezcYRnpiIaqyZNXmayfgloL3EC1YpZ0dlwesaKRUd5kOZQJufexUF8WIUqLnNnG%2BdFCElDEXovGEPVZrDLC1Jbw7aqZthBRuzsw%2BiG6bZM5WN%2FGiKLPyL6Wx1pcVoyoUp5nzWDY2X0rQVUqIzQxiJP1Eo5vqoVOO%2B44AUuQ%3D%3D
[2024-08-07T01:14:57.365] [INFO] request - Request: [POST] url: https://www.zhipin.com/wapi/zpCommon/actionLog/common.json
[2024-08-07T01:14:57.570] [INFO] request - Request: [GET] url: https://apm-fe.zhipin.com/wapi/zpApm/httpMetrics/getConfig?appKey=ObsSRskiryhn60pf
[2024-08-07T01:14:57.944] [INFO] request - Request: [POST] url: https://logapi.zhipin.com/dap/api/json
[2024-08-07T01:14:58.255] [INFO] request - Request: [POST] url: https://www.zhipin.com/wapi/zppassport/set/zpToken
[2024-08-07T01:14:58.257] [INFO] request - Request: [GET] url: https://www.zhipin.com/wapi/zpchat/group/gravityGroupInfoList?page=1&scene=0
[2024-08-07T01:14:58.260] [INFO] request - Request: [GET] url: https://www.zhipin.com/wapi/zprelation/friend/geekFilterByLabel?labelId=0
[2024-08-07T01:14:58.262] [INFO] request - Request: [GET] url: https://www.zhipin.com/wapi/zpchat/config/get
[2024-08-07T01:14:58.264] [INFO] request - Request: [GET] url: https://www.zhipin.com/wapi/zpitem/web/item/config/get
[2024-08-07T01:14:58.330] [INFO] request - Request: [GET] url: https://www.zhipin.com/wapi/zpuser/wap/getUserInfo.json
[2024-08-07T01:14:58.331] [INFO] request - Request: [GET] url: https://www.zhipin.com/wapi/zpchat/notify/setting/get
[2024-08-07T01:14:58.408] [INFO] request - Request: [GET] url: https://www.zhipin.com/wapi/zpchat/group/groupInfoList
[2024-08-07T01:14:58.409] [INFO] request - Request: [GET] url: https://www.zhipin.com/wapi/zpchat/group/gravityGroupInfoList?page=1&scene=0
[2024-08-07T01:14:58.412] [INFO] request - Request: [GET] url: https://www.zhipin.com/wapi/zprelation/friend/geekFilterByLabel?labelId=-1
[2024-08-07T01:14:58.485] [INFO] request - Request: [GET] url: https://www.zhipin.com/wapi/zpgeek/common/data/header.json
[2024-08-07T01:14:58.638] [INFO] request - Request: [POST] url: https://logapi.zhipin.com/dap/api/json
[2024-08-07T01:14:58.639] [INFO] request - Request: [GET] url: https://www.zhipin.com/wapi/zppassport/get/wt
[2024-08-07T01:14:58.640] [INFO] request - Request: [GET] url: https://www.zhipin.com/wapi/zpgeek/resume/complete/step.json?version=2
[2024-08-07T01:14:58.641] [INFO] request - Request: [GET] url: https://www.zhipin.com/wapi/zpCommon/data/cityGroup.json
[2024-08-07T01:14:58.642] [INFO] request - Request: [GET] url: https://www.zhipin.com/wapi/zpgeek/pc/recommend/expect/list.json
[2024-08-07T01:14:58.643] [INFO] request - Request: [GET] url: https://www.zhipin.com/wapi/zpCommon/data/industryFilterExemption
[2024-08-07T01:14:58.644] [INFO] request - Request: [GET] url: https://www.zhipin.com/wapi/zpgeek/common/data/footer.json
[2024-08-07T01:14:58.663] [INFO] request - Request: [GET] url: https://www.zhipin.com/wapi/zpgeek/resume/restrict/list.json
[2024-08-07T01:14:58.739] [INFO] request - Request: [GET] url: https://www.zhipin.com/wapi/zpgeek/pc/recommend/conditions.json
[2024-08-07T01:14:58.740] [INFO] request - Request: [GET] url: https://www.zhipin.com/wapi/zpgeek/common/data/defaultcity.json
[2024-08-07T01:14:58.850] [INFO] request - Request: [GET] url: https://www.zhipin.com/wapi/zpgeek/agreement/update/tip.json
[2024-08-07T01:14:58.852] [INFO] request - Request: [GET] url: https://www.zhipin.com/wapi/zpgeek/resume/parser/querybar.json
[2024-08-07T01:14:58.854] [INFO] request - Request: [GET] url: https://www.zhipin.com/wapi/zpgeek/common/data/city/site.json
[2024-08-07T01:14:58.855] [INFO] request - Request: [GET] url: https://www.zhipin.com/wapi/zpgeek/webtopbanner/query.json
[2024-08-07T01:14:58.856] [INFO] request - Request: [GET] url: https://www.zhipin.com/wapi/zpuser/wap/getSecurityGuideV1
[2024-08-07T01:14:58.985] [INFO] request - Request: [GET] url: https://www.zhipin.com/wapi/zpgeek/pc/recommend/job/list.json?city=101020100&experience=&payType=&partTime=&degree=&industry=&scale=&salary=&jobType=&encryptExpectId=&mixExpectType=&page=1&pageSize=15
[2024-08-07T01:14:59.004] [INFO] request - Request: [GET] url: https://www.zhipin.com/wapi/zpitem/geek/vip/info?
[2024-08-07T01:14:59.011] [INFO] request - Request: [GET] url: https://www.zhipin.com/wapi/zpuser/h5/account/getStatus?
[2024-08-07T01:14:59.022] [INFO] request - Request: [GET] url: https://www.zhipin.com/wapi/zpwukong/web/employer/task/showGeekEntry?
[2024-08-07T01:14:59.025] [INFO] request - Request: [GET] url: https://www.zhipin.com/wapi/zpke/geek/course/pc/entry?
[2024-08-07T01:14:59.133] [INFO] request - Request: [GET] url: https://www.zhipin.com/wapi/zpgeek/job/detail.json?securityId=5mSIL1sKMYDVI-y1p2UjeT4Bo5ZsJ4KOH2ohW-wrSNe22CJD3JBDDu1BXVH-eJ3lz8ezYKwcZVv0ZyZgAnUqv9DPHI5xXeg0bzXB5j__KL2amdNIlfht8LOA9Q~~&lid=5UcBx3tHzbL.search.1
[2024-08-07T01:15:00.164] [INFO] request - Request: [POST] url: https://www.zhipin.com/wapi/zpApm/actionLog/fe/ie/common.json
[2024-08-07T01:15:01.313] [INFO] request - Request: [POST] url: https://apm-fe.zhipin.com/wapi/zpApm/actionLog/fe/common.json
[2024-08-07T01:18:50.911] [INFO] request - Request: [GET] url: https://apm-fe.zhipin.com/wapi/zpApm/httpMetrics/getConfig?appKey=ObsSRskiryhn60pf
[2024-08-07T01:18:51.018] [INFO] request - Request: [POST] url: https://www.zhipin.com/wapi/zppassport/set/zpToken
[2024-08-07T01:18:51.047] [INFO] request - Request: [POST] url: https://logapi.zhipin.com/dap/api/json
[2024-08-07T01:18:51.242] [INFO] request - Request: [GET] url: https://www.zhipin.com/wapi/zpuser/wap/getUserInfo.json
[2024-08-07T01:18:51.342] [INFO] request - Request: [POST] url: https://logapi.zhipin.com/dap/api/json
[2024-08-07T01:18:54.296] [INFO] request - Request: [POST] url: https://apm-fe.zhipin.com/wapi/zpApm/actionLog/fe/common.json
[2024-08-07T01:18:54.297] [INFO] request - Request: [POST] url: https://apm-fe.zhipin.com/wapi/zpApm/actionLog/fe/common.json
[2024-08-07T01:18:56.602] [INFO] request - Request: [POST] url: https://www.zhipin.com/wapi/zppassport/captcha/randkey
[2024-08-07T01:18:56.665] [INFO] request - Request: [GET] url: https://www.zhipin.com/wapi/zppassport/qrcode/scan?uuid=bosszp-91b3d428-22c9-4ade-b958-c0ed823442fd
[2024-08-07T01:19:17.960] [INFO] request - Request: [GET] url: https://www.zhipin.com/wapi/zppassport/captcha/getSecondKey?uuid=bosszp-91b3d428-22c9-4ade-b958-c0ed823442fd
[2024-08-07T01:19:18.011] [INFO] request - Request: [GET] url: https://www.zhipin.com/wapi/zppassport/qrcode/scanSecond?uuid=bosszp-cbbadd19-bf5e-4d9e-aee1-a2419a74c61b
[2024-08-07T01:19:18.331] [INFO] request - Request: [GET] url: https://www.zhipin.com/wapi/zppassport/qrcode/getHeadImg?qrId=bosszp-91b3d428-22c9-4ade-b958-c0ed823442fd
[2024-08-07T01:19:18.332] [INFO] request - Request: [GET] url: https://www.zhipin.com/wapi/zppassport/qrcode/scanLogin?qrId=bosszp-91b3d428-22c9-4ade-b958-c0ed823442fd
[2024-08-07T01:19:20.417] [INFO] request - Request: [GET] url: https://www.zhipin.com/wapi/zppassport/qrcode/dispatcher?qrId=bosszp-91b3d428-22c9-4ade-b958-c0ed823442fd&pk=cpc_user_sign_up&fp=eKYtrQ4H%2ByYWNlPa8%2BI%2FQ0fKY8xDrfQ4%2FTUNcaH1%2F4FEv9bttz6UNeWgoz4TCMZrL4mjBXTZpJcY1%2BdrfMDdy8Yzj6bqsmZhkdDYI%2BBxvfsld8iApdm9W1fHORR2OQvrSKZh%2Fjot0yVjxGzZyQKzojS%2FY5ehJm3aeURwKMlmXXH4JCvBYg0VdgxlREpiGwjwz7YSCu1QTJ8sW9WYz5Egag%3D%3D
[2024-08-07T01:19:20.574] [INFO] request - Request: [POST] url: https://www.zhipin.com/wapi/zpCommon/actionLog/common.json
[2024-08-07T01:19:20.762] [INFO] request - Request: [GET] url: https://apm-fe.zhipin.com/wapi/zpApm/httpMetrics/getConfig?appKey=ObsSRskiryhn60pf
[2024-08-07T01:19:21.149] [INFO] request - Request: [POST] url: https://logapi.zhipin.com/dap/api/json
[2024-08-07T01:19:21.469] [INFO] request - Request: [POST] url: https://www.zhipin.com/wapi/zppassport/set/zpToken
[2024-08-07T01:19:21.470] [INFO] request - Request: [GET] url: https://www.zhipin.com/wapi/zpchat/group/gravityGroupInfoList?page=1&scene=0
[2024-08-07T01:19:21.471] [INFO] request - Request: [GET] url: https://www.zhipin.com/wapi/zprelation/friend/geekFilterByLabel?labelId=0
[2024-08-07T01:19:21.473] [INFO] request - Request: [GET] url: https://www.zhipin.com/wapi/zpchat/config/get
[2024-08-07T01:19:21.474] [INFO] request - Request: [GET] url: https://www.zhipin.com/wapi/zpitem/web/item/config/get
[2024-08-07T01:19:21.810] [INFO] request - Request: [GET] url: https://www.zhipin.com/wapi/zpuser/wap/getUserInfo.json
[2024-08-07T01:19:21.812] [INFO] request - Request: [GET] url: https://www.zhipin.com/wapi/zpchat/notify/setting/get
[2024-08-07T01:19:21.816] [INFO] request - Request: [GET] url: https://www.zhipin.com/wapi/zpchat/group/groupInfoList
[2024-08-07T01:19:21.818] [INFO] request - Request: [GET] url: https://www.zhipin.com/wapi/zpchat/group/gravityGroupInfoList?page=1&scene=0
[2024-08-07T01:19:21.822] [INFO] request - Request: [GET] url: https://www.zhipin.com/wapi/zprelation/friend/geekFilterByLabel?labelId=-1
[2024-08-07T01:19:21.888] [INFO] request - Request: [GET] url: https://www.zhipin.com/wapi/zpgeek/common/data/header.json
[2024-08-07T01:19:22.015] [INFO] request - Request: [POST] url: https://logapi.zhipin.com/dap/api/json
[2024-08-07T01:19:22.017] [INFO] request - Request: [GET] url: https://www.zhipin.com/wapi/zppassport/get/wt
[2024-08-07T01:19:22.018] [INFO] request - Request: [GET] url: https://www.zhipin.com/wapi/zpgeek/resume/complete/step.json?version=2
[2024-08-07T01:19:22.019] [INFO] request - Request: [GET] url: https://www.zhipin.com/wapi/zpCommon/data/cityGroup.json
[2024-08-07T01:19:22.022] [INFO] request - Request: [GET] url: https://www.zhipin.com/wapi/zpgeek/pc/recommend/expect/list.json
[2024-08-07T01:19:22.025] [INFO] request - Request: [GET] url: https://www.zhipin.com/wapi/zpCommon/data/industryFilterExemption
[2024-08-07T01:19:22.027] [INFO] request - Request: [GET] url: https://www.zhipin.com/wapi/zpgeek/common/data/footer.json
[2024-08-07T01:19:22.332] [INFO] request - Request: [GET] url: https://www.zhipin.com/wapi/zpgeek/resume/restrict/list.json
[2024-08-07T01:19:22.383] [INFO] request - Request: [GET] url: https://www.zhipin.com/wapi/zpgeek/pc/recommend/conditions.json
[2024-08-07T01:19:22.386] [INFO] request - Request: [GET] url: https://www.zhipin.com/wapi/zpgeek/common/data/defaultcity.json
[2024-08-07T01:19:22.474] [INFO] request - Request: [GET] url: https://www.zhipin.com/wapi/zpgeek/agreement/update/tip.json
[2024-08-07T01:19:22.475] [INFO] request - Request: [GET] url: https://www.zhipin.com/wapi/zpgeek/resume/parser/querybar.json
[2024-08-07T01:19:22.475] [INFO] request - Request: [GET] url: https://www.zhipin.com/wapi/zpgeek/common/data/city/site.json
[2024-08-07T01:19:22.476] [INFO] request - Request: [GET] url: https://www.zhipin.com/wapi/zpgeek/webtopbanner/query.json
[2024-08-07T01:19:22.478] [INFO] request - Request: [GET] url: https://www.zhipin.com/wapi/zpuser/wap/getSecurityGuideV1
[2024-08-07T01:19:22.661] [INFO] request - Request: [GET] url: https://www.zhipin.com/wapi/zpgeek/pc/recommend/job/list.json?city=101020100&experience=&payType=&partTime=&degree=&industry=&scale=&salary=&jobType=&encryptExpectId=&mixExpectType=&page=1&pageSize=15
[2024-08-07T01:19:22.728] [INFO] request - Request: [GET] url: https://www.zhipin.com/wapi/zpitem/geek/vip/info?
[2024-08-07T01:19:22.729] [INFO] request - Request: [GET] url: https://www.zhipin.com/wapi/zpuser/h5/account/getStatus?
[2024-08-07T01:19:22.730] [INFO] request - Request: [GET] url: https://www.zhipin.com/wapi/zpwukong/web/employer/task/showGeekEntry?
[2024-08-07T01:19:22.731] [INFO] request - Request: [GET] url: https://www.zhipin.com/wapi/zpke/geek/course/pc/entry?
[2024-08-07T01:19:22.793] [INFO] request - Request: [GET] url: https://www.zhipin.com/wapi/zpgeek/job/detail.json?securityId=ouWRDq4TeeI5w-U1Sz1K2Wh9cgLQ-H9RutHivCdNQ4_Ikd4sMEDEY6m20ha394RPMCinuZAYwzmBzBQT4cBpS4G905KEAgRMF_31G0MSm1JblfeisdV7AGAb0w~~&lid=5U7qcMinOWs.search.1
[2024-08-07T01:19:23.382] [INFO] request - Request: [POST] url: https://www.zhipin.com/wapi/zpApm/actionLog/fe/ie/common.json
[2024-08-07T01:19:24.842] [INFO] request - Request: [POST] url: https://apm-fe.zhipin.com/wapi/zpApm/actionLog/fe/common.json
[2024-08-07T01:26:12.790] [INFO] request - Request: [GET] url: https://apm-fe.zhipin.com/wapi/zpApm/httpMetrics/getConfig?appKey=ObsSRskiryhn60pf
[2024-08-07T01:26:12.894] [INFO] request - Request: [POST] url: https://www.zhipin.com/wapi/zppassport/set/zpToken
[2024-08-07T01:26:12.924] [INFO] request - Request: [POST] url: https://logapi.zhipin.com/dap/api/json
[2024-08-07T01:26:13.048] [INFO] request - Request: [GET] url: https://www.zhipin.com/wapi/zpuser/wap/getUserInfo.json
[2024-08-07T01:26:13.208] [INFO] request - Request: [POST] url: https://logapi.zhipin.com/dap/api/json
[2024-08-07T01:26:16.423] [INFO] request - Request: [POST] url: https://apm-fe.zhipin.com/wapi/zpApm/actionLog/fe/common.json
[2024-08-07T01:26:16.423] [INFO] request - Request: [POST] url: https://apm-fe.zhipin.com/wapi/zpApm/actionLog/fe/common.json
