[2024-08-16T00:54:43.022] [INFO] request - Request document: [GET] url: https://www.zhipin.com/web/user/
[2024-08-16T00:54:43.303] [INFO] request - Request: [GET] url: https://apm-fe.zhipin.com/wapi/zpApm/httpMetrics/getConfig?appKey=ObsSRskiryhn60pf
[2024-08-16T00:54:43.370] [INFO] request - Request: [POST] url: https://www.zhipin.com/wapi/zppassport/set/zpToken
[2024-08-16T00:54:43.396] [INFO] request - Request: [POST] url: https://logapi.zhipin.com/dap/api/json
[2024-08-16T00:54:43.539] [INFO] request - Request: [GET] url: https://www.zhipin.com/wapi/zpuser/wap/getUserInfo.json
[2024-08-16T00:54:43.623] [INFO] request - Request: [POST] url: https://logapi.zhipin.com/dap/api/json
[2024-08-16T00:54:44.200] [INFO] request - Request document: [GET] url: https://www.zhipin.com/
[2024-08-16T00:54:44.442] [INFO] request - Request: [GET] url: https://apm-fe.zhipin.com/wapi/zpApm/httpMetrics/getConfig?appKey=ObsSRskiryhn60pf
[2024-08-16T00:54:44.765] [INFO] request - Request: [POST] url: https://www.zhipin.com/wapi/zppassport/set/zpToken
[2024-08-16T00:54:44.765] [INFO] request - Request: [GET] url: https://www.zhipin.com/wapi/zpgeek/webtopbanner/query.json
[2024-08-16T00:54:44.765] [INFO] request - Request: [GET] url: https://www.zhipin.com/wapi/zpuser/wap/getSecurityGuideV1
[2024-08-16T00:54:44.766] [INFO] request - Request: [GET] url: https://www.zhipin.com/wapi/zpgeek/collection/popup/window
[2024-08-16T00:54:44.767] [INFO] request - Request document: [GET] url: https://www.zhipin.com/shanghai/?seoRefer=index
[2024-08-16T00:54:44.824] [INFO] request - Request: [GET] url: https://www.zhipin.com/wapi/zpke/geek/course/pc/entry?
[2024-08-16T00:54:45.042] [INFO] request - Request: [GET] url: https://apm-fe.zhipin.com/wapi/zpApm/httpMetrics/getConfig?appKey=ObsSRskiryhn60pf
[2024-08-16T00:54:45.149] [INFO] request - Request: [POST] url: https://www.zhipin.com/wapi/zppassport/set/zpToken
[2024-08-16T00:54:45.151] [INFO] request - Request: [GET] url: https://www.zhipin.com/wapi/zpgeek/webtopbanner/query.json
[2024-08-16T00:54:45.151] [INFO] request - Request: [GET] url: https://www.zhipin.com/wapi/zpuser/wap/getSecurityGuideV1
[2024-08-16T00:54:45.152] [INFO] request - Request: [GET] url: https://www.zhipin.com/wapi/zpgeek/collection/popup/window
[2024-08-16T00:54:45.220] [INFO] request - Request: [GET] url: https://www.zhipin.com/wapi/zpgeek/common/data/city/site.json
[2024-08-16T00:54:45.221] [INFO] request - Request: [GET] url: https://www.zhipin.com/wapi/zpCommon/data/industry.json
[2024-08-16T00:54:45.222] [INFO] request - Request: [GET] url: https://www.zhipin.com/wapi/zpCommon/data/city.json
[2024-08-16T00:54:45.223] [INFO] request - Request: [GET] url: https://www.zhipin.com/wapi/zpCommon/data/getCityShowPosition?cityCode=101020100
[2024-08-16T00:54:45.238] [INFO] request - Request: [POST] url: https://logapi.zhipin.com/dap/api/json
[2024-08-16T00:54:45.247] [INFO] request - Request: [GET] url: https://www.zhipin.com/wapi/zpgeek/agreement/update/tip.json
[2024-08-16T00:54:45.250] [INFO] request - Request: [GET] url: https://www.zhipin.com/wapi/zpgeek/resume/parser/querybar.json
[2024-08-16T00:54:45.267] [INFO] request - Request: [GET] url: https://www.zhipin.com/wapi/zpke/geek/course/pc/entry?
[2024-08-16T00:54:48.432] [INFO] request - Request: [POST] url: https://apm-fe.zhipin.com/wapi/zpApm/actionLog/fe/common.json
[2024-08-16T00:54:48.432] [INFO] request - Request: [POST] url: https://apm-fe.zhipin.com/wapi/zpApm/actionLog/fe/common.json
[2024-08-16T01:39:14.807] [INFO] request - Request document: [GET] url: https://www.zhipin.com/web/user/
[2024-08-16T01:39:15.095] [INFO] request - Request: [GET] url: https://apm-fe.zhipin.com/wapi/zpApm/httpMetrics/getConfig?appKey=ObsSRskiryhn60pf
[2024-08-16T01:39:15.213] [INFO] request - Request: [POST] url: https://www.zhipin.com/wapi/zppassport/set/zpToken
[2024-08-16T01:39:15.260] [INFO] request - Request: [POST] url: https://logapi.zhipin.com/dap/api/json
[2024-08-16T01:39:15.367] [INFO] request - Request: [GET] url: https://www.zhipin.com/wapi/zpuser/wap/getUserInfo.json
[2024-08-16T01:39:15.449] [INFO] request - Request: [POST] url: https://logapi.zhipin.com/dap/api/json
[2024-08-16T01:39:16.033] [INFO] request - Request document: [GET] url: https://www.zhipin.com/
[2024-08-16T01:39:16.238] [INFO] request - Request: [GET] url: https://apm-fe.zhipin.com/wapi/zpApm/httpMetrics/getConfig?appKey=ObsSRskiryhn60pf
[2024-08-16T01:39:16.547] [INFO] request - Request: [POST] url: https://www.zhipin.com/wapi/zppassport/set/zpToken
[2024-08-16T01:39:16.548] [INFO] request - Request: [GET] url: https://www.zhipin.com/wapi/zpgeek/webtopbanner/query.json
[2024-08-16T01:39:16.548] [INFO] request - Request: [GET] url: https://www.zhipin.com/wapi/zpuser/wap/getSecurityGuideV1
[2024-08-16T01:39:16.549] [INFO] request - Request: [GET] url: https://www.zhipin.com/wapi/zpgeek/collection/popup/window
[2024-08-16T01:39:16.556] [INFO] request - Request document: [GET] url: https://www.zhipin.com/shanghai/?seoRefer=index
[2024-08-16T01:39:16.608] [INFO] request - Request: [GET] url: https://www.zhipin.com/wapi/zpke/geek/course/pc/entry?
[2024-08-16T01:39:16.828] [INFO] request - Request: [GET] url: https://apm-fe.zhipin.com/wapi/zpApm/httpMetrics/getConfig?appKey=ObsSRskiryhn60pf
[2024-08-16T01:39:16.938] [INFO] request - Request: [POST] url: https://www.zhipin.com/wapi/zppassport/set/zpToken
[2024-08-16T01:39:16.941] [INFO] request - Request: [GET] url: https://www.zhipin.com/wapi/zpgeek/webtopbanner/query.json
[2024-08-16T01:39:16.941] [INFO] request - Request: [GET] url: https://www.zhipin.com/wapi/zpuser/wap/getSecurityGuideV1
[2024-08-16T01:39:16.942] [INFO] request - Request: [GET] url: https://www.zhipin.com/wapi/zpgeek/collection/popup/window
[2024-08-16T01:39:17.011] [INFO] request - Request: [GET] url: https://www.zhipin.com/wapi/zpgeek/common/data/city/site.json
[2024-08-16T01:39:17.012] [INFO] request - Request: [GET] url: https://www.zhipin.com/wapi/zpCommon/data/industry.json
[2024-08-16T01:39:17.013] [INFO] request - Request: [GET] url: https://www.zhipin.com/wapi/zpCommon/data/city.json
[2024-08-16T01:39:17.014] [INFO] request - Request: [GET] url: https://www.zhipin.com/wapi/zpCommon/data/getCityShowPosition?cityCode=101020100
[2024-08-16T01:39:17.039] [INFO] request - Request: [POST] url: https://logapi.zhipin.com/dap/api/json
[2024-08-16T01:39:17.042] [INFO] request - Request: [GET] url: https://www.zhipin.com/wapi/zpgeek/agreement/update/tip.json
[2024-08-16T01:39:17.043] [INFO] request - Request: [GET] url: https://www.zhipin.com/wapi/zpgeek/resume/parser/querybar.json
[2024-08-16T01:39:17.055] [INFO] request - Request: [GET] url: https://www.zhipin.com/wapi/zpke/geek/course/pc/entry?
[2024-08-16T01:39:20.229] [INFO] request - Request: [POST] url: https://apm-fe.zhipin.com/wapi/zpApm/actionLog/fe/common.json
[2024-08-16T01:39:20.229] [INFO] request - Request: [POST] url: https://apm-fe.zhipin.com/wapi/zpApm/actionLog/fe/common.json
[2024-08-16T01:40:27.323] [INFO] request - Request document: [GET] url: https://www.zhipin.com/web/user/
[2024-08-16T01:40:27.644] [INFO] request - Request: [GET] url: https://apm-fe.zhipin.com/wapi/zpApm/httpMetrics/getConfig?appKey=ObsSRskiryhn60pf
[2024-08-16T01:40:27.715] [INFO] request - Request: [POST] url: https://www.zhipin.com/wapi/zppassport/set/zpToken
[2024-08-16T01:40:27.798] [INFO] request - Request: [POST] url: https://logapi.zhipin.com/dap/api/json
[2024-08-16T01:40:27.847] [INFO] request - Request: [GET] url: https://www.zhipin.com/wapi/zpuser/wap/getUserInfo.json
[2024-08-16T01:40:27.922] [INFO] request - Request: [POST] url: https://logapi.zhipin.com/dap/api/json
[2024-08-16T01:40:28.508] [INFO] request - Request document: [GET] url: https://www.zhipin.com/
[2024-08-16T01:40:28.679] [INFO] request - Request: [GET] url: https://apm-fe.zhipin.com/wapi/zpApm/httpMetrics/getConfig?appKey=ObsSRskiryhn60pf
[2024-08-16T01:40:29.016] [INFO] request - Request: [POST] url: https://www.zhipin.com/wapi/zppassport/set/zpToken
[2024-08-16T01:40:29.017] [INFO] request - Request: [GET] url: https://www.zhipin.com/wapi/zpgeek/webtopbanner/query.json
[2024-08-16T01:40:29.017] [INFO] request - Request: [GET] url: https://www.zhipin.com/wapi/zpuser/wap/getSecurityGuideV1
[2024-08-16T01:40:29.017] [INFO] request - Request: [GET] url: https://www.zhipin.com/wapi/zpgeek/collection/popup/window
[2024-08-16T01:40:29.019] [INFO] request - Request document: [GET] url: https://www.zhipin.com/shanghai/?seoRefer=index
[2024-08-16T01:40:29.073] [INFO] request - Request: [GET] url: https://www.zhipin.com/wapi/zpke/geek/course/pc/entry?
[2024-08-16T01:40:29.200] [INFO] request - Request: [GET] url: https://apm-fe.zhipin.com/wapi/zpApm/httpMetrics/getConfig?appKey=ObsSRskiryhn60pf
[2024-08-16T01:40:29.403] [INFO] request - Request: [POST] url: https://www.zhipin.com/wapi/zppassport/set/zpToken
[2024-08-16T01:40:29.404] [INFO] request - Request: [GET] url: https://www.zhipin.com/wapi/zpgeek/webtopbanner/query.json
[2024-08-16T01:40:29.405] [INFO] request - Request: [GET] url: https://www.zhipin.com/wapi/zpuser/wap/getSecurityGuideV1
[2024-08-16T01:40:29.405] [INFO] request - Request: [GET] url: https://www.zhipin.com/wapi/zpgeek/collection/popup/window
[2024-08-16T01:40:29.429] [INFO] request - Request: [POST] url: https://logapi.zhipin.com/dap/api/json
[2024-08-16T01:40:29.488] [INFO] request - Request: [GET] url: https://www.zhipin.com/wapi/zpgeek/common/data/city/site.json
[2024-08-16T01:40:29.488] [INFO] request - Request: [GET] url: https://www.zhipin.com/wapi/zpCommon/data/industry.json
[2024-08-16T01:40:29.488] [INFO] request - Request: [GET] url: https://www.zhipin.com/wapi/zpCommon/data/city.json
[2024-08-16T01:40:29.488] [INFO] request - Request: [GET] url: https://www.zhipin.com/wapi/zpCommon/data/getCityShowPosition?cityCode=101020100
[2024-08-16T01:40:29.510] [INFO] request - Request: [GET] url: https://www.zhipin.com/wapi/zpgeek/agreement/update/tip.json
[2024-08-16T01:40:29.511] [INFO] request - Request: [GET] url: https://www.zhipin.com/wapi/zpgeek/resume/parser/querybar.json
[2024-08-16T01:40:29.527] [INFO] request - Request: [GET] url: https://www.zhipin.com/wapi/zpke/geek/course/pc/entry?
[2024-08-16T01:40:29.686] [INFO] request - Request document: [GET] url: https://www.zhipin.com/job_detail/?query=SAP%E4%B8%9A%E5%8A%A1%E9%A1%BE%E9%97%AE&city=101020100&industry=&position=
[2024-08-16T01:40:29.728] [INFO] request - Request document: [GET] url: https://www.zhipin.com/web/common/security-check.html?seed=t5jmdpi%2BwMcjMaL3M8VwxWB3XsSLQSuLRosgIXXi%2Fus%3D&name=e04879c7&ts=1723743630055&callbackUrl=%2Fjob_detail%2F%3Fquery%3DSAP%25E4%25B8%259A%25E5%258A%25A1%25E9%25A1%25BE%25E9%2597%25AE%26city%3D101020100%26industry%3D%26position%3D&srcReferer=https%3A%2F%2Fwww.zhipin.com%2Fshanghai%2F%3FseoRefer%3Dindex
[2024-08-16T01:40:29.832] [INFO] request - Request: [GET] url: https://apm-fe.zhipin.com/wapi/zpApm/httpMetrics/getConfig?appKey=ObsSRskiryhn60pf
[2024-08-16T01:40:30.278] [INFO] request - Request document: [GET] url: https://www.zhipin.com/job_detail/?query=SAP%E4%B8%9A%E5%8A%A1%E9%A1%BE%E9%97%AE&city=101020100&industry=&position=
[2024-08-16T01:40:30.339] [INFO] request - Request document: [GET] url: https://www.zhipin.com/web/geek/job?query=SAP%E4%B8%9A%E5%8A%A1%E9%A1%BE%E9%97%AE&city=101020100
[2024-08-16T01:40:30.458] [INFO] request - Request: [GET] url: https://apm-fe.zhipin.com/wapi/zpApm/httpMetrics/getConfig?appKey=ObsSRskiryhn60pf
[2024-08-16T01:40:30.685] [INFO] request - Request: [POST] url: https://logapi.zhipin.com/dap/api/json
[2024-08-16T01:40:31.005] [INFO] request - Request: [POST] url: https://www.zhipin.com/wapi/zppassport/set/zpToken
[2024-08-16T01:40:31.005] [INFO] request - Request: [GET] url: https://www.zhipin.com/wapi/zpchat/group/gravityGroupInfoList?page=1&scene=0
[2024-08-16T01:40:31.006] [INFO] request - Request: [GET] url: https://www.zhipin.com/wapi/zprelation/friend/geekFilterByLabel?labelId=0
[2024-08-16T01:40:31.006] [INFO] request - Request: [GET] url: https://www.zhipin.com/wapi/zpchat/config/get
[2024-08-16T01:40:31.007] [INFO] request - Request: [GET] url: https://www.zhipin.com/wapi/zpitem/web/item/config/get
[2024-08-16T01:40:31.056] [INFO] request - Request: [GET] url: https://www.zhipin.com/wapi/zpchat/group/groupInfoList
[2024-08-16T01:40:31.057] [INFO] request - Request: [GET] url: https://www.zhipin.com/wapi/zpchat/group/gravityGroupInfoList?page=1&scene=0
[2024-08-16T01:40:31.058] [INFO] request - Request: [GET] url: https://www.zhipin.com/wapi/zprelation/friend/geekFilterByLabel?labelId=-1
[2024-08-16T01:40:31.071] [INFO] request - Request: [GET] url: https://www.zhipin.com/wapi/zpuser/wap/getUserInfo.json
[2024-08-16T01:40:31.071] [INFO] request - Request: [GET] url: https://www.zhipin.com/wapi/zpchat/notify/setting/get
[2024-08-16T01:40:31.072] [INFO] request - Request: [GET] url: https://www.zhipin.com/wapi/zpgeek/common/data/footer.json
[2024-08-16T01:40:32.044] [INFO] request - Request: [GET] url: https://www.zhipin.com/wapi/zpgeek/common/data/header.json
[2024-08-16T01:40:32.194] [INFO] request - Request: [GET] url: https://img.bosszhipin.com/static/file/2022/slv5z2t59n1655432972265.json
[2024-08-16T01:40:32.195] [INFO] request - Request: [GET] url: https://img.bosszhipin.com/static/file/2022/yq4s2zwazm1655433298817.json
[2024-08-16T01:40:32.195] [INFO] request - Request: [GET] url: https://img.bosszhipin.com/static/file/2022/coyoauheri1655433298743.json
[2024-08-16T01:40:32.196] [INFO] request - Request: [POST] url: https://logapi.zhipin.com/dap/api/json
[2024-08-16T01:40:32.203] [INFO] request - Request: [GET] url: https://www.zhipin.com/wapi/zpgeek/common/data/friendlylinks.json?uri=%2Fweb%2Fgeek%2Fjob
[2024-08-16T01:40:32.204] [INFO] request - Request: [GET] url: https://www.zhipin.com/wapi/zpgeek/search/job/sidebar.json
[2024-08-16T01:40:32.206] [INFO] request - Request: [GET] url: https://www.zhipin.com/wapi/zpgeek/search/job/condition.json
[2024-08-16T01:40:32.208] [INFO] request - Request: [GET] url: https://www.zhipin.com/wapi/zpCommon/data/cityGroup.json
[2024-08-16T01:40:32.210] [INFO] request - Request: [GET] url: https://www.zhipin.com/wapi/zpgeek/search/joblist.json?scene=1&query=SAP%E4%B8%9A%E5%8A%A1%E9%A1%BE%E9%97%AE&city=101020100&experience=&payType=&partTime=&degree=&industry=&scale=&stage=&position=&jobType=&salary=&multiBusinessDistrict=&multiSubway=&page=1&pageSize=30
[2024-08-16T01:40:32.217] [INFO] request - Request: [GET] url: https://www.zhipin.com/wapi/zpgeek/search/job/subinfo.json?query=SAP%E4%B8%9A%E5%8A%A1%E9%A1%BE%E9%97%AE&city=101020100&experience=&payType=&partTime=&degree=&industry=&scale=&stage=&position=&jobType=&salary=&multiBusinessDistrict=&multiSubway=&page=1
[2024-08-16T01:40:32.218] [INFO] request - Request: [GET] url: https://www.zhipin.com/wapi/zpgeek/search/job/related/word.json?query=SAP%E4%B8%9A%E5%8A%A1%E9%A1%BE%E9%97%AE
[2024-08-16T01:40:32.220] [INFO] request - Request: [GET] url: https://www.zhipin.com/wapi/zpgeek/search/job/tdk.json?city=101020100&experience=&payType=&partTime=&degree=&industry=&scale=&stage=&position=&jobType=&salary=&multiBusinessDistrict=&multiSubway=
[2024-08-16T01:40:32.220] [INFO] request - Request: [GET] url: https://www.zhipin.com/wapi/zpgeek/businessDistrict.json?cityCode=101020100
[2024-08-16T01:40:32.221] [INFO] request - Request: [GET] url: https://www.zhipin.com/wapi/zpCommon/data/getSubwayByCity?cityCode=101020100
[2024-08-16T01:40:32.222] [INFO] request - Request: [GET] url: https://www.zhipin.com/wapi/zpCommon/data/industryFilterExemption
[2024-08-16T01:40:32.223] [INFO] request - Request: [GET] url: https://www.zhipin.com/wapi/zpCommon/data/getCityShowPosition
[2024-08-16T01:40:32.237] [INFO] request - Request: [GET] url: https://www.zhipin.com/wapi/zpgeek/resume/restrict/list.json
[2024-08-16T01:40:32.322] [INFO] request - Request: [GET] url: https://www.zhipin.com/wapi/zpgeek/agreement/update/tip.json
[2024-08-16T01:40:32.324] [INFO] request - Request: [GET] url: https://www.zhipin.com/wapi/zpgeek/resume/parser/querybar.json
[2024-08-16T01:40:32.325] [INFO] request - Request: [GET] url: https://www.zhipin.com/wapi/zpgeek/common/data/city/site.json
[2024-08-16T01:40:32.325] [INFO] request - Request: [GET] url: https://www.zhipin.com/wapi/zpgeek/webtopbanner/query.json
[2024-08-16T01:40:32.326] [INFO] request - Request: [GET] url: https://www.zhipin.com/wapi/zpuser/wap/getSecurityGuideV1
[2024-08-16T01:40:32.326] [INFO] request - Request: [GET] url: https://www.zhipin.com/wapi/zpgeek/collection/popup/window
[2024-08-16T01:40:32.436] [INFO] request - Request: [GET] url: https://www.zhipin.com/wapi/zpke/geek/course/pc/entry?
[2024-08-16T01:40:32.714] [INFO] request - Request: [GET] url: https://www.zhipin.com/wapi/zpgeek/search/job/seo/data.json?city=101020100&position=&industry=&multiBusinessDistrict=&jobCity=101020100
[2024-08-16T01:40:32.719] [INFO] request - Request: [POST] url: https://www.zhipin.com/wapi/zpgeek/job/subscribe/qr.json
[2024-08-16T01:40:32.935] [INFO] request - Request: [POST] url: https://www.zhipin.com/wapi/zpApm/actionLog/fe/ie/common.json
[2024-08-16T01:40:34.054] [INFO] request - Request: [POST] url: https://apm-fe.zhipin.com/wapi/zpApm/actionLog/fe/common.json
[2024-08-16T01:40:34.054] [INFO] request - Request: [POST] url: https://apm-fe.zhipin.com/wapi/zpApm/actionLog/fe/common.json
[2024-08-16T01:40:35.136] [INFO] request - Request: [GET] url: https://www.zhipin.com/wapi/zpgeek/strategy/login.json?source=2
[2024-08-16T01:40:38.733] [INFO] request - Request: [GET] url: https://www.zhipin.com/wapi/zpuser/wap/getUserInfo.json
[2024-08-16T01:40:38.808] [INFO] request - Request: [POST] url: https://logapi.zhipin.com/dap/api/json
[2024-08-16T01:40:38.809] [INFO] request - Request: [GET] url: https://www.zhipin.com/wapi/zpgeek/search/joblist.json?scene=1&query=SAP%E4%B8%9A%E5%8A%A1%E9%A1%BE%E9%97%AE&city=101020100&experience=&payType=&partTime=&degree=&industry=&scale=&stage=&position=&jobType=&salary=&multiBusinessDistrict=&multiSubway=&page=2&pageSize=30
[2024-08-16T01:40:38.810] [INFO] request - Request: [GET] url: https://www.zhipin.com/wapi/zpgeek/search/job/subinfo.json?query=SAP%E4%B8%9A%E5%8A%A1%E9%A1%BE%E9%97%AE&city=101020100&experience=&payType=&partTime=&degree=&industry=&scale=&stage=&position=&jobType=&salary=&multiBusinessDistrict=&multiSubway=&page=2
[2024-08-16T01:40:38.811] [INFO] request - Request: [GET] url: https://www.zhipin.com/wapi/zpgeek/search/job/related/word.json?query=SAP%E4%B8%9A%E5%8A%A1%E9%A1%BE%E9%97%AE
[2024-08-16T01:40:38.812] [INFO] request - Request: [GET] url: https://www.zhipin.com/wapi/zpgeek/search/job/tdk.json?city=101020100&experience=&payType=&partTime=&degree=&industry=&scale=&stage=&position=&jobType=&salary=&multiBusinessDistrict=&multiSubway=
[2024-08-16T01:40:39.081] [INFO] request - Request: [GET] url: https://www.zhipin.com/wapi/zpgeek/search/job/seo/data.json?city=101020100&position=&industry=&multiBusinessDistrict=&jobCity=101020100
[2024-08-16T01:40:40.726] [INFO] request - Request: [POST] url: https://www.zhipin.com/wapi/zpApm/actionLog/fe/ie/common.json
[2024-08-16T01:41:17.692] [INFO] request - Request document: [GET] url: https://www.zhipin.com/web/user/
[2024-08-16T01:41:17.989] [INFO] request - Request: [GET] url: https://apm-fe.zhipin.com/wapi/zpApm/httpMetrics/getConfig?appKey=ObsSRskiryhn60pf
[2024-08-16T01:41:18.088] [INFO] request - Request: [POST] url: https://www.zhipin.com/wapi/zppassport/set/zpToken
[2024-08-16T01:41:18.147] [INFO] request - Request: [POST] url: https://logapi.zhipin.com/dap/api/json
[2024-08-16T01:41:18.244] [INFO] request - Request: [GET] url: https://www.zhipin.com/wapi/zpuser/wap/getUserInfo.json
[2024-08-16T01:41:18.331] [INFO] request - Request: [POST] url: https://logapi.zhipin.com/dap/api/json
[2024-08-16T01:41:18.931] [INFO] request - Request document: [GET] url: https://www.zhipin.com/
[2024-08-16T01:41:19.276] [INFO] request - Request: [GET] url: https://apm-fe.zhipin.com/wapi/zpApm/httpMetrics/getConfig?appKey=ObsSRskiryhn60pf
[2024-08-16T01:41:19.522] [INFO] request - Request: [POST] url: https://www.zhipin.com/wapi/zppassport/set/zpToken
[2024-08-16T01:41:19.522] [INFO] request - Request: [GET] url: https://www.zhipin.com/wapi/zpgeek/webtopbanner/query.json
[2024-08-16T01:41:19.523] [INFO] request - Request: [GET] url: https://www.zhipin.com/wapi/zpuser/wap/getSecurityGuideV1
[2024-08-16T01:41:19.523] [INFO] request - Request: [GET] url: https://www.zhipin.com/wapi/zpgeek/collection/popup/window
[2024-08-16T01:41:19.527] [INFO] request - Request document: [GET] url: https://www.zhipin.com/shanghai/?seoRefer=index
[2024-08-16T01:41:19.606] [INFO] request - Request: [GET] url: https://www.zhipin.com/wapi/zpke/geek/course/pc/entry?
[2024-08-16T01:41:19.727] [INFO] request - Request: [GET] url: https://apm-fe.zhipin.com/wapi/zpApm/httpMetrics/getConfig?appKey=ObsSRskiryhn60pf
[2024-08-16T01:41:19.927] [INFO] request - Request: [POST] url: https://www.zhipin.com/wapi/zppassport/set/zpToken
[2024-08-16T01:41:19.928] [INFO] request - Request: [GET] url: https://www.zhipin.com/wapi/zpgeek/webtopbanner/query.json
[2024-08-16T01:41:19.929] [INFO] request - Request: [GET] url: https://www.zhipin.com/wapi/zpuser/wap/getSecurityGuideV1
[2024-08-16T01:41:19.929] [INFO] request - Request: [GET] url: https://www.zhipin.com/wapi/zpgeek/collection/popup/window
[2024-08-16T01:41:19.955] [INFO] request - Request: [POST] url: https://logapi.zhipin.com/dap/api/json
[2024-08-16T01:41:20.017] [INFO] request - Request: [GET] url: https://www.zhipin.com/wapi/zpgeek/common/data/city/site.json
[2024-08-16T01:41:20.017] [INFO] request - Request: [GET] url: https://www.zhipin.com/wapi/zpCommon/data/industry.json
[2024-08-16T01:41:20.018] [INFO] request - Request: [GET] url: https://www.zhipin.com/wapi/zpCommon/data/city.json
[2024-08-16T01:41:20.020] [INFO] request - Request: [GET] url: https://www.zhipin.com/wapi/zpCommon/data/getCityShowPosition?cityCode=101020100
[2024-08-16T01:41:20.033] [INFO] request - Request: [GET] url: https://www.zhipin.com/wapi/zpgeek/agreement/update/tip.json
[2024-08-16T01:41:20.034] [INFO] request - Request: [GET] url: https://www.zhipin.com/wapi/zpgeek/resume/parser/querybar.json
[2024-08-16T01:41:20.053] [INFO] request - Request: [GET] url: https://www.zhipin.com/wapi/zpke/geek/course/pc/entry?
[2024-08-16T01:41:20.215] [INFO] request - Request document: [GET] url: https://www.zhipin.com/job_detail/?query=SAP%E4%B8%9A%E5%8A%A1%E9%A1%BE%E9%97%AE&city=101020100&industry=&position=
[2024-08-16T01:41:20.267] [INFO] request - Request document: [GET] url: https://www.zhipin.com/web/common/security-check.html?seed=t5jmdpi%2BwMcjMaL3M8Vwxcm5W1%2BRVpnrhX3TxGFNUKY%3D&name=e04879c7&ts=1723743680587&callbackUrl=%2Fjob_detail%2F%3Fquery%3DSAP%25E4%25B8%259A%25E5%258A%25A1%25E9%25A1%25BE%25E9%2597%25AE%26city%3D101020100%26industry%3D%26position%3D&srcReferer=https%3A%2F%2Fwww.zhipin.com%2Fshanghai%2F%3FseoRefer%3Dindex
[2024-08-16T01:42:45.231] [INFO] request - Request document: [GET] url: https://www.zhipin.com/web/user/
[2024-08-16T01:42:45.484] [INFO] request - Request: [GET] url: https://apm-fe.zhipin.com/wapi/zpApm/httpMetrics/getConfig?appKey=ObsSRskiryhn60pf
[2024-08-16T01:42:45.565] [INFO] request - Request: [POST] url: https://www.zhipin.com/wapi/zppassport/set/zpToken
[2024-08-16T01:42:45.588] [INFO] request - Request: [POST] url: https://logapi.zhipin.com/dap/api/json
[2024-08-16T01:42:45.728] [INFO] request - Request: [GET] url: https://www.zhipin.com/wapi/zpuser/wap/getUserInfo.json
[2024-08-16T01:42:45.806] [INFO] request - Request: [POST] url: https://logapi.zhipin.com/dap/api/json
[2024-08-16T01:42:46.377] [INFO] request - Request document: [GET] url: https://www.zhipin.com/
[2024-08-16T01:42:46.569] [INFO] request - Request: [GET] url: https://apm-fe.zhipin.com/wapi/zpApm/httpMetrics/getConfig?appKey=ObsSRskiryhn60pf
[2024-08-16T01:42:46.868] [INFO] request - Request: [POST] url: https://www.zhipin.com/wapi/zppassport/set/zpToken
[2024-08-16T01:42:46.869] [INFO] request - Request: [GET] url: https://www.zhipin.com/wapi/zpgeek/webtopbanner/query.json
[2024-08-16T01:42:46.869] [INFO] request - Request: [GET] url: https://www.zhipin.com/wapi/zpuser/wap/getSecurityGuideV1
[2024-08-16T01:42:46.870] [INFO] request - Request: [GET] url: https://www.zhipin.com/wapi/zpgeek/collection/popup/window
[2024-08-16T01:42:46.872] [INFO] request - Request document: [GET] url: https://www.zhipin.com/shanghai/?seoRefer=index
[2024-08-16T01:42:46.927] [INFO] request - Request: [GET] url: https://www.zhipin.com/wapi/zpke/geek/course/pc/entry?
[2024-08-16T01:42:47.132] [INFO] request - Request: [GET] url: https://apm-fe.zhipin.com/wapi/zpApm/httpMetrics/getConfig?appKey=ObsSRskiryhn60pf
[2024-08-16T01:42:47.241] [INFO] request - Request: [POST] url: https://www.zhipin.com/wapi/zppassport/set/zpToken
[2024-08-16T01:42:47.242] [INFO] request - Request: [GET] url: https://www.zhipin.com/wapi/zpgeek/webtopbanner/query.json
[2024-08-16T01:42:47.243] [INFO] request - Request: [GET] url: https://www.zhipin.com/wapi/zpuser/wap/getSecurityGuideV1
[2024-08-16T01:42:47.244] [INFO] request - Request: [GET] url: https://www.zhipin.com/wapi/zpgeek/collection/popup/window
[2024-08-16T01:42:47.308] [INFO] request - Request: [GET] url: https://www.zhipin.com/wapi/zpgeek/common/data/city/site.json
[2024-08-16T01:42:47.310] [INFO] request - Request: [GET] url: https://www.zhipin.com/wapi/zpCommon/data/industry.json
[2024-08-16T01:42:47.311] [INFO] request - Request: [GET] url: https://www.zhipin.com/wapi/zpCommon/data/city.json
[2024-08-16T01:42:47.312] [INFO] request - Request: [GET] url: https://www.zhipin.com/wapi/zpCommon/data/getCityShowPosition?cityCode=101020100
[2024-08-16T01:42:47.326] [INFO] request - Request: [POST] url: https://logapi.zhipin.com/dap/api/json
[2024-08-16T01:42:47.331] [INFO] request - Request: [GET] url: https://www.zhipin.com/wapi/zpgeek/agreement/update/tip.json
[2024-08-16T01:42:47.336] [INFO] request - Request: [GET] url: https://www.zhipin.com/wapi/zpgeek/resume/parser/querybar.json
[2024-08-16T01:42:47.357] [INFO] request - Request: [GET] url: https://www.zhipin.com/wapi/zpke/geek/course/pc/entry?
[2024-08-16T01:42:47.547] [INFO] request - Request document: [GET] url: https://www.zhipin.com/job_detail/?query=SAP%E4%B8%9A%E5%8A%A1%E9%A1%BE%E9%97%AE&city=101020100&industry=&position=
[2024-08-16T01:42:47.596] [INFO] request - Request document: [GET] url: https://www.zhipin.com/web/common/security-check.html?seed=t5jmdpi%2BwMcjMaL3M8Vwxe3UeFJFcus%2Bvaay64zX704%3D&name=e04879c7&ts=1723743767919&callbackUrl=%2Fjob_detail%2F%3Fquery%3DSAP%25E4%25B8%259A%25E5%258A%25A1%25E9%25A1%25BE%25E9%2597%25AE%26city%3D101020100%26industry%3D%26position%3D&srcReferer=https%3A%2F%2Fwww.zhipin.com%2Fshanghai%2F%3FseoRefer%3Dindex
[2024-08-16T01:42:47.690] [INFO] request - Request: [GET] url: https://apm-fe.zhipin.com/wapi/zpApm/httpMetrics/getConfig?appKey=ObsSRskiryhn60pf
[2024-08-16T01:42:48.131] [INFO] request - Request document: [GET] url: https://www.zhipin.com/job_detail/?query=SAP%E4%B8%9A%E5%8A%A1%E9%A1%BE%E9%97%AE&city=101020100&industry=&position=
[2024-08-16T01:42:48.186] [INFO] request - Request document: [GET] url: https://www.zhipin.com/web/geek/job?query=SAP%E4%B8%9A%E5%8A%A1%E9%A1%BE%E9%97%AE&city=101020100
[2024-08-16T01:42:48.320] [INFO] request - Request: [GET] url: https://apm-fe.zhipin.com/wapi/zpApm/httpMetrics/getConfig?appKey=ObsSRskiryhn60pf
[2024-08-16T01:42:48.332] [INFO] request - Request: [POST] url: https://logapi.zhipin.com/dap/api/json
[2024-08-16T01:42:48.835] [INFO] request - Request: [POST] url: https://www.zhipin.com/wapi/zppassport/set/zpToken
[2024-08-16T01:42:48.835] [INFO] request - Request: [GET] url: https://www.zhipin.com/wapi/zpchat/group/gravityGroupInfoList?page=1&scene=0
[2024-08-16T01:42:48.838] [INFO] request - Request: [GET] url: https://www.zhipin.com/wapi/zprelation/friend/geekFilterByLabel?labelId=0
[2024-08-16T01:42:48.838] [INFO] request - Request: [GET] url: https://www.zhipin.com/wapi/zpchat/config/get
[2024-08-16T01:42:48.838] [INFO] request - Request: [GET] url: https://www.zhipin.com/wapi/zpitem/web/item/config/get
[2024-08-16T01:42:48.888] [INFO] request - Request: [GET] url: https://www.zhipin.com/wapi/zpuser/wap/getUserInfo.json
[2024-08-16T01:42:48.889] [INFO] request - Request: [GET] url: https://www.zhipin.com/wapi/zpchat/notify/setting/get
[2024-08-16T01:42:48.889] [INFO] request - Request: [GET] url: https://www.zhipin.com/wapi/zpgeek/common/data/footer.json
[2024-08-16T01:42:48.894] [INFO] request - Request: [GET] url: https://www.zhipin.com/wapi/zpchat/group/groupInfoList
[2024-08-16T01:42:48.894] [INFO] request - Request: [GET] url: https://www.zhipin.com/wapi/zpchat/group/gravityGroupInfoList?page=1&scene=0
[2024-08-16T01:42:48.895] [INFO] request - Request: [GET] url: https://www.zhipin.com/wapi/zprelation/friend/geekFilterByLabel?labelId=-1
[2024-08-16T01:42:49.872] [INFO] request - Request: [GET] url: https://www.zhipin.com/wapi/zpgeek/common/data/header.json
[2024-08-16T01:42:50.001] [INFO] request - Request: [GET] url: https://img.bosszhipin.com/static/file/2022/slv5z2t59n1655432972265.json
[2024-08-16T01:42:50.001] [INFO] request - Request: [GET] url: https://img.bosszhipin.com/static/file/2022/yq4s2zwazm1655433298817.json
[2024-08-16T01:42:50.003] [INFO] request - Request: [GET] url: https://img.bosszhipin.com/static/file/2022/coyoauheri1655433298743.json
[2024-08-16T01:42:50.003] [INFO] request - Request: [POST] url: https://logapi.zhipin.com/dap/api/json
[2024-08-16T01:42:50.009] [INFO] request - Request: [GET] url: https://www.zhipin.com/wapi/zpgeek/common/data/friendlylinks.json?uri=%2Fweb%2Fgeek%2Fjob
[2024-08-16T01:42:50.009] [INFO] request - Request: [GET] url: https://www.zhipin.com/wapi/zpgeek/search/job/sidebar.json
[2024-08-16T01:42:50.010] [INFO] request - Request: [GET] url: https://www.zhipin.com/wapi/zpgeek/search/job/condition.json
[2024-08-16T01:42:50.011] [INFO] request - Request: [GET] url: https://www.zhipin.com/wapi/zpCommon/data/cityGroup.json
[2024-08-16T01:42:50.013] [INFO] request - Request: [GET] url: https://www.zhipin.com/wapi/zpgeek/search/joblist.json?scene=1&query=SAP%E4%B8%9A%E5%8A%A1%E9%A1%BE%E9%97%AE&city=101020100&experience=&payType=&partTime=&degree=&industry=&scale=&stage=&position=&jobType=&salary=&multiBusinessDistrict=&multiSubway=&page=1&pageSize=30
[2024-08-16T01:42:50.016] [INFO] request - Request: [GET] url: https://www.zhipin.com/wapi/zpgeek/search/job/subinfo.json?query=SAP%E4%B8%9A%E5%8A%A1%E9%A1%BE%E9%97%AE&city=101020100&experience=&payType=&partTime=&degree=&industry=&scale=&stage=&position=&jobType=&salary=&multiBusinessDistrict=&multiSubway=&page=1
[2024-08-16T01:42:50.017] [INFO] request - Request: [GET] url: https://www.zhipin.com/wapi/zpgeek/search/job/related/word.json?query=SAP%E4%B8%9A%E5%8A%A1%E9%A1%BE%E9%97%AE
[2024-08-16T01:42:50.018] [INFO] request - Request: [GET] url: https://www.zhipin.com/wapi/zpgeek/search/job/tdk.json?city=101020100&experience=&payType=&partTime=&degree=&industry=&scale=&stage=&position=&jobType=&salary=&multiBusinessDistrict=&multiSubway=
[2024-08-16T01:42:50.020] [INFO] request - Request: [GET] url: https://www.zhipin.com/wapi/zpgeek/businessDistrict.json?cityCode=101020100
[2024-08-16T01:42:50.021] [INFO] request - Request: [GET] url: https://www.zhipin.com/wapi/zpCommon/data/getSubwayByCity?cityCode=101020100
[2024-08-16T01:42:50.022] [INFO] request - Request: [GET] url: https://www.zhipin.com/wapi/zpCommon/data/industryFilterExemption
[2024-08-16T01:42:50.023] [INFO] request - Request: [GET] url: https://www.zhipin.com/wapi/zpCommon/data/getCityShowPosition
[2024-08-16T01:42:50.053] [INFO] request - Request: [GET] url: https://www.zhipin.com/wapi/zpgeek/resume/restrict/list.json
[2024-08-16T01:42:50.142] [INFO] request - Request: [GET] url: https://www.zhipin.com/wapi/zpgeek/agreement/update/tip.json
[2024-08-16T01:42:50.143] [INFO] request - Request: [GET] url: https://www.zhipin.com/wapi/zpgeek/resume/parser/querybar.json
[2024-08-16T01:42:50.143] [INFO] request - Request: [GET] url: https://www.zhipin.com/wapi/zpgeek/common/data/city/site.json
[2024-08-16T01:42:50.144] [INFO] request - Request: [GET] url: https://www.zhipin.com/wapi/zpgeek/webtopbanner/query.json
[2024-08-16T01:42:50.144] [INFO] request - Request: [GET] url: https://www.zhipin.com/wapi/zpuser/wap/getSecurityGuideV1
[2024-08-16T01:42:50.145] [INFO] request - Request: [GET] url: https://www.zhipin.com/wapi/zpgeek/collection/popup/window
[2024-08-16T01:42:50.478] [INFO] request - Request: [GET] url: https://www.zhipin.com/wapi/zpgeek/search/job/seo/data.json?city=101020100&position=&industry=&multiBusinessDistrict=&jobCity=101020100
[2024-08-16T01:42:50.478] [INFO] request - Request: [POST] url: https://www.zhipin.com/wapi/zpgeek/job/subscribe/qr.json
[2024-08-16T01:42:50.526] [INFO] request - Request: [GET] url: https://www.zhipin.com/wapi/zpke/geek/course/pc/entry?
[2024-08-16T01:42:50.772] [INFO] request - Request: [POST] url: https://www.zhipin.com/wapi/zpApm/actionLog/fe/ie/common.json
[2024-08-16T01:42:51.905] [INFO] request - Request: [POST] url: https://apm-fe.zhipin.com/wapi/zpApm/actionLog/fe/common.json
[2024-08-16T01:42:51.905] [INFO] request - Request: [POST] url: https://apm-fe.zhipin.com/wapi/zpApm/actionLog/fe/common.json
[2024-08-16T01:42:52.956] [INFO] request - Request: [GET] url: https://www.zhipin.com/wapi/zpgeek/strategy/login.json?source=2
[2024-08-16T01:42:56.228] [INFO] request - Request: [GET] url: https://www.zhipin.com/wapi/zpuser/wap/getUserInfo.json
[2024-08-16T01:42:56.292] [INFO] request - Request: [POST] url: https://logapi.zhipin.com/dap/api/json
[2024-08-16T01:42:56.293] [INFO] request - Request: [GET] url: https://www.zhipin.com/wapi/zpgeek/search/joblist.json?scene=1&query=SAP%E4%B8%9A%E5%8A%A1%E9%A1%BE%E9%97%AE&city=101020100&experience=&payType=&partTime=&degree=&industry=&scale=&stage=&position=&jobType=&salary=&multiBusinessDistrict=&multiSubway=&page=2&pageSize=30
[2024-08-16T01:42:56.294] [INFO] request - Request: [GET] url: https://www.zhipin.com/wapi/zpgeek/search/job/subinfo.json?query=SAP%E4%B8%9A%E5%8A%A1%E9%A1%BE%E9%97%AE&city=101020100&experience=&payType=&partTime=&degree=&industry=&scale=&stage=&position=&jobType=&salary=&multiBusinessDistrict=&multiSubway=&page=2
[2024-08-16T01:42:56.296] [INFO] request - Request: [GET] url: https://www.zhipin.com/wapi/zpgeek/search/job/related/word.json?query=SAP%E4%B8%9A%E5%8A%A1%E9%A1%BE%E9%97%AE
[2024-08-16T01:42:56.297] [INFO] request - Request: [GET] url: https://www.zhipin.com/wapi/zpgeek/search/job/tdk.json?city=101020100&experience=&payType=&partTime=&degree=&industry=&scale=&stage=&position=&jobType=&salary=&multiBusinessDistrict=&multiSubway=
[2024-08-16T01:42:56.606] [INFO] request - Request: [GET] url: https://www.zhipin.com/wapi/zpgeek/search/job/seo/data.json?city=101020100&position=&industry=&multiBusinessDistrict=&jobCity=101020100
[2024-08-16T01:42:58.229] [INFO] request - Request: [POST] url: https://www.zhipin.com/wapi/zpApm/actionLog/fe/ie/common.json
[2024-08-16T01:44:19.014] [INFO] request - Request document: [GET] url: https://www.zhipin.com/web/user/
[2024-08-16T01:44:19.230] [INFO] request - Request: [GET] url: https://apm-fe.zhipin.com/wapi/zpApm/httpMetrics/getConfig?appKey=ObsSRskiryhn60pf
[2024-08-16T01:44:19.343] [INFO] request - Request: [POST] url: https://www.zhipin.com/wapi/zppassport/set/zpToken
[2024-08-16T01:44:19.374] [INFO] request - Request: [POST] url: https://logapi.zhipin.com/dap/api/json
[2024-08-16T01:44:19.505] [INFO] request - Request: [GET] url: https://www.zhipin.com/wapi/zpuser/wap/getUserInfo.json
[2024-08-16T01:44:19.586] [INFO] request - Request: [POST] url: https://logapi.zhipin.com/dap/api/json
[2024-08-16T01:44:20.168] [INFO] request - Request document: [GET] url: https://www.zhipin.com/
[2024-08-16T01:44:20.358] [INFO] request - Request: [GET] url: https://apm-fe.zhipin.com/wapi/zpApm/httpMetrics/getConfig?appKey=ObsSRskiryhn60pf
[2024-08-16T01:44:20.656] [INFO] request - Request: [POST] url: https://www.zhipin.com/wapi/zppassport/set/zpToken
[2024-08-16T01:44:20.657] [INFO] request - Request: [GET] url: https://www.zhipin.com/wapi/zpgeek/webtopbanner/query.json
[2024-08-16T01:44:20.658] [INFO] request - Request: [GET] url: https://www.zhipin.com/wapi/zpuser/wap/getSecurityGuideV1
[2024-08-16T01:44:20.659] [INFO] request - Request: [GET] url: https://www.zhipin.com/wapi/zpgeek/collection/popup/window
[2024-08-16T01:44:20.663] [INFO] request - Request document: [GET] url: https://www.zhipin.com/shanghai/?seoRefer=index
[2024-08-16T01:44:20.721] [INFO] request - Request: [GET] url: https://www.zhipin.com/wapi/zpke/geek/course/pc/entry?
[2024-08-16T01:44:20.927] [INFO] request - Request: [GET] url: https://apm-fe.zhipin.com/wapi/zpApm/httpMetrics/getConfig?appKey=ObsSRskiryhn60pf
[2024-08-16T01:44:21.035] [INFO] request - Request: [POST] url: https://www.zhipin.com/wapi/zppassport/set/zpToken
[2024-08-16T01:44:21.037] [INFO] request - Request: [GET] url: https://www.zhipin.com/wapi/zpgeek/webtopbanner/query.json
[2024-08-16T01:44:21.037] [INFO] request - Request: [GET] url: https://www.zhipin.com/wapi/zpuser/wap/getSecurityGuideV1
[2024-08-16T01:44:21.038] [INFO] request - Request: [GET] url: https://www.zhipin.com/wapi/zpgeek/collection/popup/window
[2024-08-16T01:44:21.108] [INFO] request - Request: [GET] url: https://www.zhipin.com/wapi/zpgeek/common/data/city/site.json
[2024-08-16T01:44:21.109] [INFO] request - Request: [GET] url: https://www.zhipin.com/wapi/zpCommon/data/industry.json
[2024-08-16T01:44:21.109] [INFO] request - Request: [GET] url: https://www.zhipin.com/wapi/zpCommon/data/city.json
[2024-08-16T01:44:21.110] [INFO] request - Request: [GET] url: https://www.zhipin.com/wapi/zpCommon/data/getCityShowPosition?cityCode=101020100
[2024-08-16T01:44:21.127] [INFO] request - Request: [POST] url: https://logapi.zhipin.com/dap/api/json
[2024-08-16T01:44:21.139] [INFO] request - Request: [GET] url: https://www.zhipin.com/wapi/zpgeek/agreement/update/tip.json
[2024-08-16T01:44:21.140] [INFO] request - Request: [GET] url: https://www.zhipin.com/wapi/zpgeek/resume/parser/querybar.json
[2024-08-16T01:44:21.152] [INFO] request - Request: [GET] url: https://www.zhipin.com/wapi/zpke/geek/course/pc/entry?
[2024-08-16T01:44:21.343] [INFO] request - Request document: [GET] url: https://www.zhipin.com/job_detail/?query=SAP%E4%B8%9A%E5%8A%A1%E9%A1%BE%E9%97%AE&city=101020100&industry=&position=
[2024-08-16T01:44:21.385] [INFO] request - Request document: [GET] url: https://www.zhipin.com/web/common/security-check.html?seed=t5jmdpi%2BwMcjMaL3M8Vwxf20It392rG%2FV9SbqviQDLY%3D&name=e04879c7&ts=1723743861718&callbackUrl=%2Fjob_detail%2F%3Fquery%3DSAP%25E4%25B8%259A%25E5%258A%25A1%25E9%25A1%25BE%25E9%2597%25AE%26city%3D101020100%26industry%3D%26position%3D&srcReferer=https%3A%2F%2Fwww.zhipin.com%2Fshanghai%2F%3FseoRefer%3Dindex
[2024-08-16T01:44:21.466] [INFO] request - Request: [GET] url: https://apm-fe.zhipin.com/wapi/zpApm/httpMetrics/getConfig?appKey=ObsSRskiryhn60pf
[2024-08-16T01:44:21.901] [INFO] request - Request document: [GET] url: https://www.zhipin.com/job_detail/?query=SAP%E4%B8%9A%E5%8A%A1%E9%A1%BE%E9%97%AE&city=101020100&industry=&position=
[2024-08-16T01:44:21.953] [INFO] request - Request document: [GET] url: https://www.zhipin.com/web/geek/job?query=SAP%E4%B8%9A%E5%8A%A1%E9%A1%BE%E9%97%AE&city=101020100
[2024-08-16T01:44:22.087] [INFO] request - Request: [GET] url: https://apm-fe.zhipin.com/wapi/zpApm/httpMetrics/getConfig?appKey=ObsSRskiryhn60pf
[2024-08-16T01:44:22.191] [INFO] request - Request: [POST] url: https://logapi.zhipin.com/dap/api/json
[2024-08-16T01:44:22.594] [INFO] request - Request: [POST] url: https://www.zhipin.com/wapi/zppassport/set/zpToken
[2024-08-16T01:44:22.595] [INFO] request - Request: [GET] url: https://www.zhipin.com/wapi/zpchat/group/gravityGroupInfoList?page=1&scene=0
[2024-08-16T01:44:22.595] [INFO] request - Request: [GET] url: https://www.zhipin.com/wapi/zprelation/friend/geekFilterByLabel?labelId=0
[2024-08-16T01:44:22.596] [INFO] request - Request: [GET] url: https://www.zhipin.com/wapi/zpchat/config/get
[2024-08-16T01:44:22.596] [INFO] request - Request: [GET] url: https://www.zhipin.com/wapi/zpitem/web/item/config/get
[2024-08-16T01:44:22.648] [INFO] request - Request: [GET] url: https://www.zhipin.com/wapi/zpchat/group/groupInfoList
[2024-08-16T01:44:22.648] [INFO] request - Request: [GET] url: https://www.zhipin.com/wapi/zpchat/group/gravityGroupInfoList?page=1&scene=0
[2024-08-16T01:44:22.649] [INFO] request - Request: [GET] url: https://www.zhipin.com/wapi/zprelation/friend/geekFilterByLabel?labelId=-1
[2024-08-16T01:44:22.664] [INFO] request - Request: [GET] url: https://www.zhipin.com/wapi/zpuser/wap/getUserInfo.json
[2024-08-16T01:44:22.665] [INFO] request - Request: [GET] url: https://www.zhipin.com/wapi/zpchat/notify/setting/get
[2024-08-16T01:44:22.665] [INFO] request - Request: [GET] url: https://www.zhipin.com/wapi/zpgeek/common/data/footer.json
[2024-08-16T01:44:23.630] [INFO] request - Request: [GET] url: https://www.zhipin.com/wapi/zpgeek/common/data/header.json
[2024-08-16T01:44:23.689] [INFO] request - Request: [GET] url: https://www.zhipin.com/wapi/zpgeek/resume/restrict/list.json
[2024-08-16T01:44:23.780] [INFO] request - Request: [GET] url: https://img.bosszhipin.com/static/file/2022/slv5z2t59n1655432972265.json
[2024-08-16T01:44:23.782] [INFO] request - Request: [GET] url: https://img.bosszhipin.com/static/file/2022/yq4s2zwazm1655433298817.json
[2024-08-16T01:44:23.782] [INFO] request - Request: [GET] url: https://img.bosszhipin.com/static/file/2022/coyoauheri1655433298743.json
[2024-08-16T01:44:23.783] [INFO] request - Request: [POST] url: https://logapi.zhipin.com/dap/api/json
[2024-08-16T01:44:23.788] [INFO] request - Request: [GET] url: https://www.zhipin.com/wapi/zpgeek/common/data/friendlylinks.json?uri=%2Fweb%2Fgeek%2Fjob
[2024-08-16T01:44:23.789] [INFO] request - Request: [GET] url: https://www.zhipin.com/wapi/zpgeek/search/job/sidebar.json
[2024-08-16T01:44:23.789] [INFO] request - Request: [GET] url: https://www.zhipin.com/wapi/zpgeek/search/job/condition.json
[2024-08-16T01:44:23.791] [INFO] request - Request: [GET] url: https://www.zhipin.com/wapi/zpCommon/data/cityGroup.json
[2024-08-16T01:44:23.792] [INFO] request - Request: [GET] url: https://www.zhipin.com/wapi/zpgeek/search/joblist.json?scene=1&query=SAP%E4%B8%9A%E5%8A%A1%E9%A1%BE%E9%97%AE&city=101020100&experience=&payType=&partTime=&degree=&industry=&scale=&stage=&position=&jobType=&salary=&multiBusinessDistrict=&multiSubway=&page=1&pageSize=30
[2024-08-16T01:44:23.793] [INFO] request - Request: [GET] url: https://www.zhipin.com/wapi/zpgeek/search/job/subinfo.json?query=SAP%E4%B8%9A%E5%8A%A1%E9%A1%BE%E9%97%AE&city=101020100&experience=&payType=&partTime=&degree=&industry=&scale=&stage=&position=&jobType=&salary=&multiBusinessDistrict=&multiSubway=&page=1
[2024-08-16T01:44:23.794] [INFO] request - Request: [GET] url: https://www.zhipin.com/wapi/zpgeek/search/job/related/word.json?query=SAP%E4%B8%9A%E5%8A%A1%E9%A1%BE%E9%97%AE
[2024-08-16T01:44:23.794] [INFO] request - Request: [GET] url: https://www.zhipin.com/wapi/zpgeek/search/job/tdk.json?city=101020100&experience=&payType=&partTime=&degree=&industry=&scale=&stage=&position=&jobType=&salary=&multiBusinessDistrict=&multiSubway=
[2024-08-16T01:44:23.796] [INFO] request - Request: [GET] url: https://www.zhipin.com/wapi/zpgeek/businessDistrict.json?cityCode=101020100
[2024-08-16T01:44:23.797] [INFO] request - Request: [GET] url: https://www.zhipin.com/wapi/zpCommon/data/getSubwayByCity?cityCode=101020100
[2024-08-16T01:44:23.799] [INFO] request - Request: [GET] url: https://www.zhipin.com/wapi/zpCommon/data/industryFilterExemption
[2024-08-16T01:44:23.805] [INFO] request - Request: [GET] url: https://www.zhipin.com/wapi/zpCommon/data/getCityShowPosition
[2024-08-16T01:44:23.848] [INFO] request - Request: [GET] url: https://www.zhipin.com/wapi/zpgeek/agreement/update/tip.json
[2024-08-16T01:44:23.849] [INFO] request - Request: [GET] url: https://www.zhipin.com/wapi/zpgeek/resume/parser/querybar.json
[2024-08-16T01:44:23.850] [INFO] request - Request: [GET] url: https://www.zhipin.com/wapi/zpgeek/common/data/city/site.json
[2024-08-16T01:44:23.851] [INFO] request - Request: [GET] url: https://www.zhipin.com/wapi/zpgeek/webtopbanner/query.json
[2024-08-16T01:44:23.852] [INFO] request - Request: [GET] url: https://www.zhipin.com/wapi/zpuser/wap/getSecurityGuideV1
[2024-08-16T01:44:23.852] [INFO] request - Request: [GET] url: https://www.zhipin.com/wapi/zpgeek/collection/popup/window
[2024-08-16T01:44:24.006] [INFO] request - Request: [GET] url: https://www.zhipin.com/wapi/zpke/geek/course/pc/entry?
[2024-08-16T01:44:24.245] [INFO] request - Request: [GET] url: https://www.zhipin.com/wapi/zpgeek/search/job/seo/data.json?city=101020100&position=&industry=&multiBusinessDistrict=&jobCity=101020100
[2024-08-16T01:44:24.246] [INFO] request - Request: [POST] url: https://www.zhipin.com/wapi/zpgeek/job/subscribe/qr.json
[2024-08-16T01:44:24.531] [INFO] request - Request: [POST] url: https://www.zhipin.com/wapi/zpApm/actionLog/fe/ie/common.json
[2024-08-16T01:44:25.647] [INFO] request - Request: [POST] url: https://apm-fe.zhipin.com/wapi/zpApm/actionLog/fe/common.json
[2024-08-16T01:44:25.647] [INFO] request - Request: [POST] url: https://apm-fe.zhipin.com/wapi/zpApm/actionLog/fe/common.json
[2024-08-16T01:44:26.732] [INFO] request - Request: [GET] url: https://www.zhipin.com/wapi/zpgeek/strategy/login.json?source=2
[2024-08-16T01:44:29.125] [INFO] request - Request: [GET] url: https://www.zhipin.com/wapi/zpuser/wap/getUserInfo.json
[2024-08-16T01:44:29.190] [INFO] request - Request: [POST] url: https://logapi.zhipin.com/dap/api/json
[2024-08-16T01:44:29.190] [INFO] request - Request: [GET] url: https://www.zhipin.com/wapi/zpgeek/search/joblist.json?scene=1&query=SAP%E4%B8%9A%E5%8A%A1%E9%A1%BE%E9%97%AE&city=101020100&experience=&payType=&partTime=&degree=&industry=&scale=&stage=&position=&jobType=&salary=&multiBusinessDistrict=&multiSubway=&page=2&pageSize=30
[2024-08-16T01:44:29.192] [INFO] request - Request: [GET] url: https://www.zhipin.com/wapi/zpgeek/search/job/subinfo.json?query=SAP%E4%B8%9A%E5%8A%A1%E9%A1%BE%E9%97%AE&city=101020100&experience=&payType=&partTime=&degree=&industry=&scale=&stage=&position=&jobType=&salary=&multiBusinessDistrict=&multiSubway=&page=2
[2024-08-16T01:44:29.193] [INFO] request - Request: [GET] url: https://www.zhipin.com/wapi/zpgeek/search/job/related/word.json?query=SAP%E4%B8%9A%E5%8A%A1%E9%A1%BE%E9%97%AE
[2024-08-16T01:44:29.194] [INFO] request - Request: [GET] url: https://www.zhipin.com/wapi/zpgeek/search/job/tdk.json?city=101020100&experience=&payType=&partTime=&degree=&industry=&scale=&stage=&position=&jobType=&salary=&multiBusinessDistrict=&multiSubway=
[2024-08-16T01:44:29.472] [INFO] request - Request: [GET] url: https://www.zhipin.com/wapi/zpgeek/search/job/seo/data.json?city=101020100&position=&industry=&multiBusinessDistrict=&jobCity=101020100
[2024-08-16T01:44:31.123] [INFO] request - Request: [POST] url: https://www.zhipin.com/wapi/zpApm/actionLog/fe/ie/common.json
[2024-08-16T01:45:04.912] [INFO] request - Request document: [GET] url: https://www.zhipin.com/web/user/
[2024-08-16T01:45:05.122] [INFO] request - Request: [GET] url: https://apm-fe.zhipin.com/wapi/zpApm/httpMetrics/getConfig?appKey=ObsSRskiryhn60pf
[2024-08-16T01:45:05.216] [INFO] request - Request: [POST] url: https://www.zhipin.com/wapi/zppassport/set/zpToken
[2024-08-16T01:45:05.230] [INFO] request - Request: [POST] url: https://logapi.zhipin.com/dap/api/json
[2024-08-16T01:45:05.356] [INFO] request - Request: [GET] url: https://www.zhipin.com/wapi/zpuser/wap/getUserInfo.json
[2024-08-16T01:45:05.471] [INFO] request - Request: [POST] url: https://logapi.zhipin.com/dap/api/json
[2024-08-16T01:45:06.046] [INFO] request - Request document: [GET] url: https://www.zhipin.com/
[2024-08-16T01:45:06.243] [INFO] request - Request: [GET] url: https://apm-fe.zhipin.com/wapi/zpApm/httpMetrics/getConfig?appKey=ObsSRskiryhn60pf
[2024-08-16T01:45:06.543] [INFO] request - Request: [POST] url: https://www.zhipin.com/wapi/zppassport/set/zpToken
[2024-08-16T01:45:06.544] [INFO] request - Request: [GET] url: https://www.zhipin.com/wapi/zpgeek/webtopbanner/query.json
[2024-08-16T01:45:06.544] [INFO] request - Request: [GET] url: https://www.zhipin.com/wapi/zpuser/wap/getSecurityGuideV1
[2024-08-16T01:45:06.544] [INFO] request - Request: [GET] url: https://www.zhipin.com/wapi/zpgeek/collection/popup/window
[2024-08-16T01:45:06.554] [INFO] request - Request document: [GET] url: https://www.zhipin.com/shanghai/?seoRefer=index
[2024-08-16T01:45:06.619] [INFO] request - Request: [GET] url: https://www.zhipin.com/wapi/zpke/geek/course/pc/entry?
[2024-08-16T01:45:06.830] [INFO] request - Request: [GET] url: https://apm-fe.zhipin.com/wapi/zpApm/httpMetrics/getConfig?appKey=ObsSRskiryhn60pf
[2024-08-16T01:45:06.920] [INFO] request - Request: [POST] url: https://www.zhipin.com/wapi/zppassport/set/zpToken
[2024-08-16T01:45:06.921] [INFO] request - Request: [GET] url: https://www.zhipin.com/wapi/zpgeek/webtopbanner/query.json
[2024-08-16T01:45:06.921] [INFO] request - Request: [GET] url: https://www.zhipin.com/wapi/zpuser/wap/getSecurityGuideV1
[2024-08-16T01:45:06.922] [INFO] request - Request: [GET] url: https://www.zhipin.com/wapi/zpgeek/collection/popup/window
[2024-08-16T01:45:06.943] [INFO] request - Request: [POST] url: https://logapi.zhipin.com/dap/api/json
[2024-08-16T01:45:06.998] [INFO] request - Request: [GET] url: https://www.zhipin.com/wapi/zpgeek/common/data/city/site.json
[2024-08-16T01:45:06.998] [INFO] request - Request: [GET] url: https://www.zhipin.com/wapi/zpCommon/data/industry.json
[2024-08-16T01:45:06.999] [INFO] request - Request: [GET] url: https://www.zhipin.com/wapi/zpCommon/data/city.json
[2024-08-16T01:45:07.001] [INFO] request - Request: [GET] url: https://www.zhipin.com/wapi/zpCommon/data/getCityShowPosition?cityCode=101020100
[2024-08-16T01:45:07.020] [INFO] request - Request: [GET] url: https://www.zhipin.com/wapi/zpgeek/agreement/update/tip.json
[2024-08-16T01:45:07.022] [INFO] request - Request: [GET] url: https://www.zhipin.com/wapi/zpgeek/resume/parser/querybar.json
[2024-08-16T01:45:07.038] [INFO] request - Request: [GET] url: https://www.zhipin.com/wapi/zpke/geek/course/pc/entry?
[2024-08-16T01:45:07.212] [INFO] request - Request document: [GET] url: https://www.zhipin.com/job_detail/?query=SAP%E4%B8%9A%E5%8A%A1%E9%A1%BE%E9%97%AE&city=101020100&industry=&position=
[2024-08-16T01:45:07.252] [INFO] request - Request document: [GET] url: https://www.zhipin.com/web/common/security-check.html?seed=t5jmdpi%2BwMcjMaL3M8VwxQa5d6WjbCchhZBzdfTu9Wk%3D&name=e04879c7&ts=1723743907586&callbackUrl=%2Fjob_detail%2F%3Fquery%3DSAP%25E4%25B8%259A%25E5%258A%25A1%25E9%25A1%25BE%25E9%2597%25AE%26city%3D101020100%26industry%3D%26position%3D&srcReferer=https%3A%2F%2Fwww.zhipin.com%2Fshanghai%2F%3FseoRefer%3Dindex
[2024-08-16T01:45:07.325] [INFO] request - Request: [GET] url: https://apm-fe.zhipin.com/wapi/zpApm/httpMetrics/getConfig?appKey=ObsSRskiryhn60pf
[2024-08-16T01:45:07.782] [INFO] request - Request document: [GET] url: https://www.zhipin.com/job_detail/?query=SAP%E4%B8%9A%E5%8A%A1%E9%A1%BE%E9%97%AE&city=101020100&industry=&position=
[2024-08-16T01:45:07.832] [INFO] request - Request document: [GET] url: https://www.zhipin.com/web/geek/job?query=SAP%E4%B8%9A%E5%8A%A1%E9%A1%BE%E9%97%AE&city=101020100
[2024-08-16T01:45:07.964] [INFO] request - Request: [GET] url: https://apm-fe.zhipin.com/wapi/zpApm/httpMetrics/getConfig?appKey=ObsSRskiryhn60pf
[2024-08-16T01:45:08.236] [INFO] request - Request: [POST] url: https://logapi.zhipin.com/dap/api/json
[2024-08-16T01:45:08.476] [INFO] request - Request: [POST] url: https://www.zhipin.com/wapi/zppassport/set/zpToken
[2024-08-16T01:45:08.476] [INFO] request - Request: [GET] url: https://www.zhipin.com/wapi/zpchat/group/gravityGroupInfoList?page=1&scene=0
[2024-08-16T01:45:08.477] [INFO] request - Request: [GET] url: https://www.zhipin.com/wapi/zprelation/friend/geekFilterByLabel?labelId=0
[2024-08-16T01:45:08.477] [INFO] request - Request: [GET] url: https://www.zhipin.com/wapi/zpchat/config/get
[2024-08-16T01:45:08.478] [INFO] request - Request: [GET] url: https://www.zhipin.com/wapi/zpitem/web/item/config/get
[2024-08-16T01:45:08.527] [INFO] request - Request: [GET] url: https://www.zhipin.com/wapi/zpuser/wap/getUserInfo.json
[2024-08-16T01:45:08.528] [INFO] request - Request: [GET] url: https://www.zhipin.com/wapi/zpchat/notify/setting/get
[2024-08-16T01:45:08.529] [INFO] request - Request: [GET] url: https://www.zhipin.com/wapi/zpgeek/common/data/footer.json
[2024-08-16T01:45:08.537] [INFO] request - Request: [GET] url: https://www.zhipin.com/wapi/zpchat/group/groupInfoList
[2024-08-16T01:45:08.538] [INFO] request - Request: [GET] url: https://www.zhipin.com/wapi/zpchat/group/gravityGroupInfoList?page=1&scene=0
[2024-08-16T01:45:08.538] [INFO] request - Request: [GET] url: https://www.zhipin.com/wapi/zprelation/friend/geekFilterByLabel?labelId=-1
[2024-08-16T01:45:09.481] [INFO] request - Request: [GET] url: https://www.zhipin.com/wapi/zpgeek/common/data/header.json
[2024-08-16T01:45:09.611] [INFO] request - Request: [GET] url: https://img.bosszhipin.com/static/file/2022/slv5z2t59n1655432972265.json
[2024-08-16T01:45:09.612] [INFO] request - Request: [GET] url: https://img.bosszhipin.com/static/file/2022/yq4s2zwazm1655433298817.json
[2024-08-16T01:45:09.612] [INFO] request - Request: [GET] url: https://img.bosszhipin.com/static/file/2022/coyoauheri1655433298743.json
[2024-08-16T01:45:09.613] [INFO] request - Request: [POST] url: https://logapi.zhipin.com/dap/api/json
[2024-08-16T01:45:09.618] [INFO] request - Request: [GET] url: https://www.zhipin.com/wapi/zpgeek/common/data/friendlylinks.json?uri=%2Fweb%2Fgeek%2Fjob
[2024-08-16T01:45:09.620] [INFO] request - Request: [GET] url: https://www.zhipin.com/wapi/zpgeek/search/job/sidebar.json
[2024-08-16T01:45:09.621] [INFO] request - Request: [GET] url: https://www.zhipin.com/wapi/zpgeek/search/job/condition.json
[2024-08-16T01:45:09.622] [INFO] request - Request: [GET] url: https://www.zhipin.com/wapi/zpCommon/data/cityGroup.json
[2024-08-16T01:45:09.625] [INFO] request - Request: [GET] url: https://www.zhipin.com/wapi/zpgeek/search/joblist.json?scene=1&query=SAP%E4%B8%9A%E5%8A%A1%E9%A1%BE%E9%97%AE&city=101020100&experience=&payType=&partTime=&degree=&industry=&scale=&stage=&position=&jobType=&salary=&multiBusinessDistrict=&multiSubway=&page=1&pageSize=30
[2024-08-16T01:45:09.627] [INFO] request - Request: [GET] url: https://www.zhipin.com/wapi/zpgeek/search/job/subinfo.json?query=SAP%E4%B8%9A%E5%8A%A1%E9%A1%BE%E9%97%AE&city=101020100&experience=&payType=&partTime=&degree=&industry=&scale=&stage=&position=&jobType=&salary=&multiBusinessDistrict=&multiSubway=&page=1
[2024-08-16T01:45:09.628] [INFO] request - Request: [GET] url: https://www.zhipin.com/wapi/zpgeek/search/job/related/word.json?query=SAP%E4%B8%9A%E5%8A%A1%E9%A1%BE%E9%97%AE
[2024-08-16T01:45:09.629] [INFO] request - Request: [GET] url: https://www.zhipin.com/wapi/zpgeek/search/job/tdk.json?city=101020100&experience=&payType=&partTime=&degree=&industry=&scale=&stage=&position=&jobType=&salary=&multiBusinessDistrict=&multiSubway=
[2024-08-16T01:45:09.630] [INFO] request - Request: [GET] url: https://www.zhipin.com/wapi/zpgeek/businessDistrict.json?cityCode=101020100
[2024-08-16T01:45:09.630] [INFO] request - Request: [GET] url: https://www.zhipin.com/wapi/zpCommon/data/getSubwayByCity?cityCode=101020100
[2024-08-16T01:45:09.631] [INFO] request - Request: [GET] url: https://www.zhipin.com/wapi/zpCommon/data/industryFilterExemption
[2024-08-16T01:45:09.632] [INFO] request - Request: [GET] url: https://www.zhipin.com/wapi/zpCommon/data/getCityShowPosition
[2024-08-16T01:45:09.677] [INFO] request - Request: [GET] url: https://www.zhipin.com/wapi/zpgeek/resume/restrict/list.json
[2024-08-16T01:45:09.826] [INFO] request - Request: [GET] url: https://www.zhipin.com/wapi/zpgeek/agreement/update/tip.json
[2024-08-16T01:45:09.826] [INFO] request - Request: [GET] url: https://www.zhipin.com/wapi/zpgeek/resume/parser/querybar.json
[2024-08-16T01:45:09.827] [INFO] request - Request: [GET] url: https://www.zhipin.com/wapi/zpgeek/common/data/city/site.json
[2024-08-16T01:45:09.828] [INFO] request - Request: [GET] url: https://www.zhipin.com/wapi/zpgeek/webtopbanner/query.json
[2024-08-16T01:45:09.829] [INFO] request - Request: [GET] url: https://www.zhipin.com/wapi/zpuser/wap/getSecurityGuideV1
[2024-08-16T01:45:09.830] [INFO] request - Request: [GET] url: https://www.zhipin.com/wapi/zpgeek/collection/popup/window
[2024-08-16T01:45:10.118] [INFO] request - Request: [GET] url: https://www.zhipin.com/wapi/zpgeek/search/job/seo/data.json?city=101020100&position=&industry=&multiBusinessDistrict=&jobCity=101020100
[2024-08-16T01:45:10.123] [INFO] request - Request: [POST] url: https://www.zhipin.com/wapi/zpgeek/job/subscribe/qr.json
[2024-08-16T01:45:10.173] [INFO] request - Request: [GET] url: https://www.zhipin.com/wapi/zpke/geek/course/pc/entry?
[2024-08-16T01:45:10.409] [INFO] request - Request: [POST] url: https://www.zhipin.com/wapi/zpApm/actionLog/fe/ie/common.json
[2024-08-16T01:45:11.552] [INFO] request - Request: [POST] url: https://apm-fe.zhipin.com/wapi/zpApm/actionLog/fe/common.json
[2024-08-16T01:45:11.552] [INFO] request - Request: [POST] url: https://apm-fe.zhipin.com/wapi/zpApm/actionLog/fe/common.json
[2024-08-16T01:45:12.563] [INFO] request - Request: [GET] url: https://www.zhipin.com/wapi/zpgeek/strategy/login.json?source=2
[2024-08-16T01:45:14.713] [INFO] request - Request: [GET] url: https://www.zhipin.com/wapi/zpuser/wap/getUserInfo.json
[2024-08-16T01:45:14.770] [INFO] request - Request: [POST] url: https://logapi.zhipin.com/dap/api/json
[2024-08-16T01:45:14.771] [INFO] request - Request: [GET] url: https://www.zhipin.com/wapi/zpgeek/search/joblist.json?scene=1&query=SAP%E4%B8%9A%E5%8A%A1%E9%A1%BE%E9%97%AE&city=101020100&experience=&payType=&partTime=&degree=&industry=&scale=&stage=&position=&jobType=&salary=&multiBusinessDistrict=&multiSubway=&page=2&pageSize=30
[2024-08-16T01:45:14.772] [INFO] request - Request: [GET] url: https://www.zhipin.com/wapi/zpgeek/search/job/subinfo.json?query=SAP%E4%B8%9A%E5%8A%A1%E9%A1%BE%E9%97%AE&city=101020100&experience=&payType=&partTime=&degree=&industry=&scale=&stage=&position=&jobType=&salary=&multiBusinessDistrict=&multiSubway=&page=2
[2024-08-16T01:45:14.772] [INFO] request - Request: [GET] url: https://www.zhipin.com/wapi/zpgeek/search/job/related/word.json?query=SAP%E4%B8%9A%E5%8A%A1%E9%A1%BE%E9%97%AE
[2024-08-16T01:45:14.773] [INFO] request - Request: [GET] url: https://www.zhipin.com/wapi/zpgeek/search/job/tdk.json?city=101020100&experience=&payType=&partTime=&degree=&industry=&scale=&stage=&position=&jobType=&salary=&multiBusinessDistrict=&multiSubway=
[2024-08-16T01:45:15.052] [INFO] request - Request: [GET] url: https://www.zhipin.com/wapi/zpgeek/search/job/seo/data.json?city=101020100&position=&industry=&multiBusinessDistrict=&jobCity=101020100
[2024-08-16T01:45:16.714] [INFO] request - Request: [POST] url: https://www.zhipin.com/wapi/zpApm/actionLog/fe/ie/common.json
