[2024-08-15T00:58:02.892] [INFO] default - login: Success
[2024-08-15T00:58:03.914] [INFO] default - don`t need close guide
[2024-08-15T00:58:30.632] [INFO] default - login: Success
[2024-08-15T00:58:31.701] [INFO] default - don`t need close guide
[2024-08-15T00:59:12.980] [INFO] default - login: Success
[2024-08-15T00:59:14.226] [INFO] default - don`t need close guide
[2024-08-15T01:01:29.195] [INFO] default - login: Success
[2024-08-15T01:01:30.315] [INFO] default - don`t need close guide
[2024-08-15T01:05:22.165] [INFO] default - login: Success
[2024-08-15T01:05:23.817] [INFO] default - don`t need close guide
[2024-08-15T01:08:06.488] [INFO] default - login: Success
[2024-08-15T01:08:07.868] [INFO] default - don`t need close guide
[2024-08-15T01:15:18.819] [INFO] default - login: Success
[2024-08-15T01:15:52.384] [INFO] default - login: Success
[2024-08-15T01:16:05.408] [INFO] default - login: Success
[2024-08-15T01:17:11.058] [INFO] default - login: Success
[2024-08-15T01:17:48.243] [INFO] default - login: Success
[2024-08-15T01:18:18.577] [INFO] default - login: Success
[2024-08-15T01:19:40.277] [INFO] default - login: Success
[2024-08-15T01:19:42.094] [INFO] default - don`t need close guide
[2024-08-15T01:25:23.374] [INFO] default - login: Success
[2024-08-15T01:25:24.897] [INFO] default - don`t need close guide
[2024-08-15T01:26:25.107] [INFO] default - login: Success
[2024-08-15T01:26:26.633] [INFO] default - don`t need close guide
[2024-08-15T01:27:49.265] [INFO] default - login: Success
[2024-08-15T01:27:50.610] [INFO] default - don`t need close guide
[2024-08-15T01:28:17.409] [INFO] default - login: Success
[2024-08-15T01:28:18.827] [INFO] default - don`t need close guide
[2024-08-15T01:28:46.182] [INFO] default - login: Success
[2024-08-15T01:28:47.861] [INFO] default - don`t need close guide
[2024-08-15T01:29:15.082] [INFO] default - login: Success
[2024-08-15T01:29:16.679] [INFO] default - don`t need close guide
[2024-08-15T01:29:59.333] [INFO] default - login: Success
[2024-08-15T01:30:00.739] [INFO] default - don`t need close guide
[2024-08-15T01:30:04.432] [INFO] default - login: Success
[2024-08-15T01:30:06.219] [INFO] default - don`t need close guide
[2024-08-15T01:30:08.415] [INFO] default - login: Success
[2024-08-15T01:30:09.618] [INFO] default - don`t need close guide
[2024-08-15T01:30:11.850] [INFO] default - login: Success
[2024-08-15T01:30:13.340] [INFO] default - don`t need close guide
[2024-08-15T01:34:42.950] [INFO] default - login: Success
[2024-08-15T01:34:45.014] [INFO] default - don`t need close guide
[2024-08-15T01:34:48.819] [INFO] default - login: Success
[2024-08-15T01:34:49.297] [INFO] default - don`t need close guide
[2024-08-15T21:28:21.701] [INFO] default - login: Success
[2024-08-15T21:28:23.597] [INFO] default - don`t need close guide
[2024-08-15T21:28:23.803] [INFO] default - [GET_ELEMENT] get job search input element
[2024-08-15T21:28:23.805] [INFO] default - [TRIGGER_EVENT] set search input value
[2024-08-15T21:28:23.811] [INFO] default - [GET_ELEMENT] get job search button element
[2024-08-15T21:28:23.826] [INFO] default - [TRIGGER_EVENT] click search button
[2024-08-15T21:28:26.823] [INFO] default - login: Success
[2024-08-15T21:28:27.294] [INFO] default - don`t need close guide
[2024-08-15T21:29:12.344] [INFO] default - login: Success
[2024-08-15T21:48:53.397] [INFO] default - login: Success
[2024-08-15T21:48:55.254] [INFO] default - don`t need close guide
[2024-08-15T21:48:55.423] [INFO] default - [GET_ELEMENT] get job search input element
[2024-08-15T21:48:55.425] [INFO] default - [TRIGGER_EVENT] set search input value
[2024-08-15T21:48:55.428] [INFO] default - [GET_ELEMENT] get job search button element
[2024-08-15T21:48:55.443] [INFO] default - [TRIGGER_EVENT] click search button
[2024-08-15T21:48:58.456] [INFO] default - login: Success
[2024-08-15T21:48:59.226] [INFO] default - don`t need close guide
[2024-08-15T21:51:42.599] [INFO] default - login: Success
[2024-08-15T21:51:44.488] [INFO] default - don`t need close guide
[2024-08-15T21:51:44.671] [INFO] default - [GET_ELEMENT] get job search input element
[2024-08-15T21:51:44.672] [INFO] default - [TRIGGER_EVENT] set search input value
[2024-08-15T21:51:44.676] [INFO] default - [GET_ELEMENT] get job search button element
[2024-08-15T21:51:44.692] [INFO] default - [TRIGGER_EVENT] click search button
[2024-08-15T21:51:47.739] [INFO] default - login: Success
[2024-08-15T21:51:48.537] [INFO] default - don`t need close guide
[2024-08-15T21:52:57.587] [INFO] default - login: Success
[2024-08-15T21:52:59.458] [INFO] default - don`t need close guide
[2024-08-15T21:52:59.670] [INFO] default - [GET_ELEMENT] get job search input element
[2024-08-15T21:52:59.672] [INFO] default - [TRIGGER_EVENT] set search input value
[2024-08-15T21:52:59.675] [INFO] default - [GET_ELEMENT] get job search button element
[2024-08-15T21:52:59.689] [INFO] default - [TRIGGER_EVENT] click search button
[2024-08-15T21:53:02.754] [INFO] default - login: Success
[2024-08-15T21:53:03.896] [INFO] default - don`t need close guide
[2024-08-15T21:53:03.936] [INFO] default - [GET_ELEMENT] get next page anchor element
[2024-08-15T21:53:03.950] [INFO] default - [TRIGGER_EVENT] click next page anchor
[2024-08-15T21:53:04.031] [INFO] default - login: Success
[2024-08-15T21:54:26.881] [INFO] default - login: Success
[2024-08-15T21:54:28.741] [INFO] default - don`t need close guide
[2024-08-15T21:54:28.931] [INFO] default - [GET_ELEMENT] get job search input element
[2024-08-15T21:54:28.933] [INFO] default - [TRIGGER_EVENT] set search input value
[2024-08-15T21:54:28.936] [INFO] default - [GET_ELEMENT] get job search button element
[2024-08-15T21:54:28.948] [INFO] default - [TRIGGER_EVENT] click search button
[2024-08-15T21:54:28.949] [INFO] default - [MESSAGE] sleep 3121.904560869717 ms
[2024-08-15T21:54:31.949] [INFO] default - login: Success
[2024-08-15T21:54:32.808] [INFO] default - don`t need close guide
[2024-08-15T21:54:32.835] [INFO] default - [GET_ELEMENT] get next page anchor element
[2024-08-15T21:54:32.847] [INFO] default - [TRIGGER_EVENT] click next page anchor
[2024-08-15T21:54:32.927] [INFO] default - login: Success
