[2024-08-14T00:52:40.477] [ERROR] error - Response error:  https://www.zhipin.com/web/user/
[2024-08-14T00:52:40.525] [ERROR] error - Response error:  https://static.zhipin.com/fe-zhipin-sign/v5072/static/css/app.cbe29321.css
[2024-08-14T00:52:40.570] [ERROR] error - Response error:  https://z.zhipin.com/H5/js/plugins/web-report.min-1.35.js
[2024-08-14T00:52:40.628] [ERROR] error - Response error:  https://static.zhipin.com/fe-zhipin-sign/v5072/static/js/app.6e31e9fc.js
[2024-08-14T00:52:40.632] [ERROR] error - Response error:  https://static.zhipin.com/fe-zhipin-sign/v5072/static/js/vendors~app.6a4bb599.js
[2024-08-14T00:52:40.633] [ERROR] error - Response error:  https://static.zhipin.com/library/js/lib/jquery-1.12.2.min.js
[2024-08-14T00:52:40.689] [ERROR] error - Response error:  https://static.zhipin.com/fe-zhipin-sign/v5072/static/js/iframe-core.2def20b5.js
[2024-08-14T00:52:40.707] [ERROR] error - Response error:  https://img.bosszhipin.com/static/file/2022/3n5u85ptgd1667195187847.png
[2024-08-14T00:52:40.709] [ERROR] error - Response error:  https://static.zhipin.com/library/js/analytics/ka.zhipin.min.js
[2024-08-14T00:52:40.809] [ERROR] error - Response error:  https://static.zhipin.com/fe-zhipin-sign/v5072/static/css/login-register-unite.ffc28e06.css
[2024-08-14T00:52:40.809] [ERROR] error - Response error:  https://static.zhipin.com/fe-zhipin-sign/v5072/static/js/user-sign.0646cb66.js
[2024-08-14T00:52:40.886] [ERROR] error - Response error:  https://static.zhipin.com/fe-zhipin-sign/v5072/static/js/login-register-unite.df4c4cdd.js
[2024-08-14T00:52:40.887] [ERROR] error - Response error:  https://t.kanzhun.com/z.gif?errorType=init&sceneType=init&linkID=&url=&errorCode=%7B%22appKey%22%3A%225be28c5d484793941b511%22%2C%22sceneType%22%3A%22init%22%2C%22apiUrl%22%3A%22%22%7D&appKey=5be28c5d484793941b511&json=%7B%7D&apiUrl=&href=https%3A%2F%2Fwww.zhipin.com%2Fweb%2Fuser%2F&ua=Mozilla%2F5.0%20(Macintosh%3B%20Intel%20Mac%20OS%20X%2010_15_7)%20AppleWebKit%2F537.36%20(KHTML%2C%20like%20Gecko)%20Chrome%2F127.0.0.0%20Safari%2F537.36&deviceInfo=%7B%22screenWidth%22%3A1536%2C%22screenHeight%22%3A960%2C%22innerWidth%22%3A1000%2C%22innerHeight%22%3A800%2C%22cookieEnabled%22%3Atrue%7D&referrer=&apiParam=%7B%7D&v=5072&ticket=4fd596f7-11ae-47ce-944a-37c2c9e1f90b&openId=&_wdsource=&performanceTiming=%7B%7D&actionList=%5B%5D&reportingTime=2024-08-13T16%3A52%3A40.649Z&sdkV=2.6.1&history=&userId=&browserInfo=%7B%22device%22%3A%22PC%22%2C%22engine%22%3A%22Blink%22%2C%22browser%22%3A%22Chrome%22%2C%22os%22%3A%22Mac%20OS%22%2C%22osVersion%22%3A%2210.15.7%22%2C%22version%22%3A%22127.0.0.0%22%7D
[2024-08-14T00:52:40.888] [ERROR] error - Response error:  https://t.zhipin.com/_.gif?__a=63740376.1723567961..1723567961.1.1.1.1&__l=l%3D%252Fwww.zhipin.com%252Fweb%252Fuser%252F%26r%3D%26g%3D%26s%3D3%26friend_source%3D0&__g=-&e=350&r=&_=1723567916&pk=cpc_user_sign_up&url=https%3A%2F%2Fwww.zhipin.com%2Fweb%2Fuser%2F&s=3&friend_source=0
[2024-08-14T00:52:40.993] [ERROR] error - Response error:  https://static.zhipin.com/fe-zhipin-sign/v5072/static/images/icons-boss.f2acc91.png
[2024-08-14T00:52:41.000] [ERROR] error - Response error:  https://www.zhipin.com/favicon.ico
[2024-08-14T00:52:41.006] [ERROR] error - Response error:  https://z.zhipin.com/web/geek/resource/loading.gif
[2024-08-14T00:52:41.006] [ERROR] error - Response error:  https://static.zhipin.com/v2/web/geek/images/logo.png
[2024-08-14T00:52:41.012] [ERROR] error - Response error:  https://img.bosszhipin.com/static/file/2022/zlqc2m9fao1667185843533.png
[2024-08-14T00:52:41.013] [ERROR] error - Response error:  https://img.bosszhipin.com/static/file/2022/5j2r4fg3uy1666342531695.png
[2024-08-14T00:52:41.016] [ERROR] error - Response error:  https://img.bosszhipin.com/static/file/2022/4dwjcdpfje1667186848239.png
[2024-08-14T00:52:41.024] [ERROR] error - Response error:  https://t.zhipin.com/_.gif?__a=63740376.1723567961..1723567961.1.1.1.1&__l=l%3D%252Fwww.zhipin.com%252Fweb%252Fuser%252F%26r%3D%26g%3D%26s%3D3%26friend_source%3D0&__g=-&e=350&r=&_=1723567916&pk=cpc_user_sign_up&url=https%3A%2F%2Fwww.zhipin.com%2Fweb%2Fuser%2F&s=3&friend_source=0
[2024-08-14T00:52:41.030] [ERROR] error - Response error:  https://t.zhipin.com/e.gif?__a=63740376.1723567961..1723567961.1.1.1.1&__l=l%3D%252Fwww.zhipin.com%252Fweb%252Fuser%252F%26r%3D%26g%3D%26s%3D3%26friend_source%3D0&__g=-&e=263&r=&_=1723567916&pk=cpc_user_sign_up&ca=sinsmsck_load&url=https%3A%2F%2Fwww.zhipin.com%2Fweb%2Fuser%2F&s=3&friend_source=0
[2024-08-14T00:52:41.146] [ERROR] error - Response error:  https://at.alicdn.com/t/font_916585_h0y0u6lsf6a.woff2?t=1625797018984
[2024-08-14T00:52:41.184] [ERROR] error - Response error:  https://static.zhipin.com/v2/web/geek/images/fast-reg-text.png
[2024-08-14T00:52:41.185] [ERROR] error - Response error:  https://img.bosszhipin.com/static/file/2024/mctx1cdg891707037634775.png
[2024-08-14T00:52:41.187] [ERROR] error - Response error:  https://z.zhipin.com/H5/js/plugins/web-report.min-1.39.js
[2024-08-14T00:52:41.271] [ERROR] error - Response error:  https://www.zhipin.com/css/theme.css?t=20240814005241
[2024-08-14T00:52:41.291] [ERROR] error - Response error:  https://static.zhipin.com/zhipin-geek-seo/v5147/web/geek/css/main.css
[2024-08-14T00:52:41.391] [ERROR] error - Response error:  https://img.bosszhipin.com/beijin/icon/311b6ddad6ba9715ed040928842db41a6bb61e3b7bce0931da574d19d1d82c88.jpg
[2024-08-14T00:52:41.391] [ERROR] error - Response error:  https://img.bosszhipin.com/beijin/boss/brand/common/img/20240527/0a1ba9d54e3d0f86ef4a798814856b65648008f515f13b546bb61e3b7bce0931da574d19d1d82c88.png.webp
[2024-08-14T00:52:41.627] [ERROR] error - Response error:  https://www.zhipin.com/
[2024-08-14T00:52:41.628] [ERROR] error - Response error:  https://img.bosszhipin.com/beijin/upload/com/workfeel/20240418/7bf6f160950405e9686908df9ade47cdfc21fb2729cb3855c92a241e44f5552a4018723e367fc5f2.png.webp
[2024-08-14T00:52:41.630] [ERROR] error - Response error:  https://img.bosszhipin.com/beijin/upload/com/logo/20240719/7b5b554d84f9729c5b8db0bdcce41df1900ea701b90072d95085e074fcbe99977aba2e91bd588549.jpg.webp
[2024-08-14T00:52:41.631] [ERROR] error - Response error:  https://img.bosszhipin.com/beijin/upload/com/logo/20231121/7b5b554d84f9729cea77f333fac0dee54a7112ae1d3fd89b260cd777e55300f283fe3c3022d4486c.jpg.webp
[2024-08-14T00:52:41.631] [ERROR] error - Response error:  https://img.bosszhipin.com/beijin/icon/894ce6fa7e58d64d57e7f22d2f3a9d18afa7fcceaa24b8ea28f56f1bb14732c0.png
[2024-08-14T00:52:41.632] [ERROR] error - Response error:  https://img.bosszhipin.com/beijin/mcs/chatphoto/20200718/213a210bcc0cc88932c527ee540fb3edfeb6234cbb765056efca513819ca8dcf_s.jpg
[2024-08-14T00:52:41.633] [ERROR] error - Response error:  https://img.bosszhipin.com/beijin/mcs/banner/6ec612c89cc8e2e93363d04176fc783bcfcd208495d565ef66e7dff9f98764da.jpg
[2024-08-14T00:52:41.636] [ERROR] error - Response error:  https://img.bosszhipin.com/beijin/mcs/chatphoto/20191114/392f1a9b21b2c537f13abae241d1004e509793e62c3a6ccb81948646f8d71a64_s.jpg
[2024-08-14T00:52:41.636] [ERROR] error - Response error:  https://img.bosszhipin.com/beijin/upload/com/logo/20240718/7b5b554d84f9729cadd302dbb4e9c6084ff5c53a46a200c986695a2ce1675ebf8431288eb784f76e.jpg.webp?x-oss-process=image/resize,w_100,limit_0
[2024-08-14T00:52:41.636] [ERROR] error - Response error:  https://img.bosszhipin.com/beijin/upload/com/logo/20211102/7b5b554d84f9729c4a3fca52ee0e7d9684b97e61f45a6435d0a0ecd59ead2b929360478cc5f18710.png?x-oss-process=image/resize,w_100,limit_0
[2024-08-14T00:52:41.636] [ERROR] error - Response error:  https://img.bosszhipin.com/beijin/mcs/banner/a76bb6388901872528144f5b9da2187ccfcd208495d565ef66e7dff9f98764da.png?x-oss-process=image/resize,w_100,limit_0
[2024-08-14T00:52:41.637] [ERROR] error - Response error:  https://img.bosszhipin.com/beijin/mcs/banner/14276a7505b8550f874e6c11a4f25676cfcd208495d565ef66e7dff9f98764da.jpg?x-oss-process=image/resize,w_100,limit_0
[2024-08-14T00:52:41.637] [ERROR] error - Response error:  https://img.bosszhipin.com/beijin/mcs/banner/8d57abfcb71d625178c2daec2e53380ecfcd208495d565ef66e7dff9f98764da.png?x-oss-process=image/resize,w_100,limit_0
[2024-08-14T00:52:41.637] [ERROR] error - Response error:  https://img.bosszhipin.com/beijin/upload/com/logo/20220818/7b5b554d84f9729cad333e50b646b78e877e9cfc13677bb876dbad474886bffc188c9bab41d07515.png?x-oss-process=image/resize,w_100,limit_0
[2024-08-14T00:52:41.638] [ERROR] error - Response error:  https://img.bosszhipin.com/beijin/mcs/bar/20200916/5b4cf3f31218144ae60e9cdddb4f6abdbe1bd4a3bd2a63f070bdbdada9aad826.png?x-oss-process=image/resize,w_100,limit_0
[2024-08-14T00:52:41.638] [ERROR] error - Response error:  https://img.bosszhipin.com/beijin/mcs/bar/20191129/3cdf5ba2149e309b38868b62ae9c22cabe1bd4a3bd2a63f070bdbdada9aad826.jpg?x-oss-process=image/resize,w_100,limit_0
[2024-08-14T00:52:41.639] [ERROR] error - Response error:  https://static.zhipin.com/zhipin-geek-seo/v5147/web/geek/images/city_101010100.png
[2024-08-14T00:52:41.641] [ERROR] error - Response error:  https://static.zhipin.com/zhipin-geek-seo/v5147/web/geek/images/city_101020100.png
[2024-08-14T00:52:41.643] [ERROR] error - Response error:  https://static.zhipin.com/zhipin-geek-seo/v5147/web/geek/images/city_101030100.png
[2024-08-14T00:52:41.644] [ERROR] error - Response error:  https://static.zhipin.com/zhipin-geek-seo/v5147/web/geek/images/city_101110100.png
[2024-08-14T00:52:41.646] [ERROR] error - Response error:  https://static.zhipin.com/zhipin-geek-seo/v5147/web/geek/images/city_101190400.png
[2024-08-14T00:52:41.647] [ERROR] error - Response error:  https://static.zhipin.com/zhipin-geek-seo/v5147/web/geek/images/city_101200100.png
[2024-08-14T00:52:41.647] [ERROR] error - Response error:  https://c-res.zhipin.com/jrs/d15aac097868c7c18d6bca11c6632e49.jpg?x-oss-process=image/resize,w_100,limit_0
[2024-08-14T00:52:41.649] [ERROR] error - Response error:  https://static.zhipin.com/zhipin-geek-seo/v5147/web/geek/images/city_101190100.png
[2024-08-14T00:52:41.649] [ERROR] error - Response error:  https://img.bosszhipin.com/static/file/2023/g3f9o7qs9z1679895399114.png
[2024-08-14T00:52:41.649] [ERROR] error - Response error:  https://img.bosszhipin.com/static/file/2023/odhroxegzz1678788090652.png
[2024-08-14T00:52:41.649] [ERROR] error - Response error:  https://img.bosszhipin.com/static/file/2023/umua62pczi1679922532668.png
[2024-08-14T00:52:41.650] [ERROR] error - Response error:  https://img.bosszhipin.com/static/file/2022/01vcskhm8y1652252017628.png
[2024-08-14T00:52:41.650] [ERROR] error - Response error:  https://img.bosszhipin.com/static/file/2023/rnb8fa70bs1675773960493.png
[2024-08-14T00:52:41.650] [ERROR] error - Response error:  https://img.bosszhipin.com/static/file/2021/dppx09luaq1637052502211.png
[2024-08-14T00:52:41.651] [ERROR] error - Response error:  https://static.zhipin.com/zhipin-geek-seo/v5147/web/geek/images/city_101180100.png
[2024-08-14T00:52:41.652] [ERROR] error - Response error:  https://static.zhipin.com/zhipin-geek-seo/v5147/web/geek/images/city_101120200.png
[2024-08-14T00:52:41.652] [ERROR] error - Response error:  https://img.bosszhipin.com/static/file/2022/tfguyqkgkb1651743005056.png
[2024-08-14T00:52:41.653] [ERROR] error - Response error:  https://static.zhipin.com/zhipin-geek-seo/v5147/web/geek/images/city_101230200.png
[2024-08-14T00:52:41.654] [ERROR] error - Response error:  https://static.zhipin.com/zhipin-geek-seo/v5147/web/geek/images/city_101210100.png
[2024-08-14T00:52:41.656] [ERROR] error - Response error:  https://static.zhipin.com/zhipin-geek-seo/v5147/web/geek/images/city_101270100.png
[2024-08-14T00:52:41.658] [ERROR] error - Response error:  https://static.zhipin.com/zhipin-geek-seo/v5147/web/geek/images/city_101280100.png
[2024-08-14T00:52:41.659] [ERROR] error - Response error:  https://static.zhipin.com/zhipin-geek-seo/v5147/web/geek/images/city_101250100.png
[2024-08-14T00:52:41.660] [ERROR] error - Response error:  https://static.zhipin.com/zhipin-geek-seo/v5147/web/geek/images/city_101280600.png
[2024-08-14T00:52:41.663] [ERROR] error - Response error:  https://static.zhipin.com/zhipin-geek-seo/v5147/web/geek/images/city_101220100.png
[2024-08-14T00:52:41.664] [ERROR] error - Response error:  https://static.zhipin.com/zhipin-geek-seo/v5147/web/geek/images/city_101040100.png
[2024-08-14T00:52:41.665] [ERROR] error - Response error:  https://static.zhipin.com/zhipin-geek-seo/v5147/web/geek/images/city_101280800.png
[2024-08-14T00:52:41.666] [ERROR] error - Response error:  https://static.zhipin.com/zhipin-geek-seo/v5147/web/geek/images/city_101120100.png
[2024-08-14T00:52:41.668] [ERROR] error - Response error:  https://static.zhipin.com/zhipin-geek-seo/v5147/web/geek/images/city_101281600.png
[2024-08-14T00:52:41.669] [ERROR] error - Response error:  https://static.zhipin.com/zhipin-geek-seo/v5147/web/geek/images/city_101290100.png
[2024-08-14T00:52:41.669] [ERROR] error - Response error:  https://static.zhipin.com/zhipin-geek-seo/v5147/web/geek/images/city_101240100.png
[2024-08-14T00:52:41.670] [ERROR] error - Response error:  https://static.zhipin.com/zhipin-geek-seo/v5147/web/geek/images/city_101210400.png
[2024-08-14T00:52:41.671] [ERROR] error - Response error:  https://static.zhipin.com/zhipin-geek-seo/v5147/web/geek/images/city_101230100.png
[2024-08-14T00:52:41.671] [ERROR] error - Response error:  https://static.zhipin.com/v2/web/geek/images/footer-logo.png
[2024-08-14T00:52:41.672] [ERROR] error - Response error:  https://static.zhipin.com/v2/web/geek/images/we_chat_qr.jpg
[2024-08-14T00:52:41.672] [ERROR] error - Response error:  https://static.zhipin.com/v2/web/geek/images/icon-beian.png
[2024-08-14T00:52:41.672] [ERROR] error - Response error:  https://static.zhipin.com/zhipin-geek-seo/v5147/web/geek/images/success.png
[2024-08-14T00:52:41.673] [ERROR] error - Response error:  https://static.zhipin.com/v2/web/geek/images/icon-sign-welcome.png
[2024-08-14T00:52:41.674] [ERROR] error - Response error:  https://static.zhipin.com/zhipin-geek-seo/v5147/web/geek/images/city_101090100.png
[2024-08-14T00:52:41.674] [ERROR] error - Response error:  https://static.zhipin.com/v2/web/geek/images/icon-badge-1.png
[2024-08-14T00:52:41.675] [ERROR] error - Response error:  https://static.zhipin.com/v2/web/geek/images/wechat-qrcode-2.jpg
[2024-08-14T00:52:41.675] [ERROR] error - Response error:  https://static.zhipin.com/library/js/lib/jquery-1.12.2.min.js
[2024-08-14T00:52:41.691] [ERROR] error - Response error:  https://static.zhipin.com/zhipin-geek-seo/v5147/web/geek/js/main.js
[2024-08-14T00:52:41.854] [ERROR] error - Response error:  https://static.zhipin.com/zhipin-geek-seo/v5147/web/geek/images/icons.png
[2024-08-14T00:52:41.855] [ERROR] error - Response error:  https://img.bosszhipin.com/static/file/2022/9iumhezupm1651820282511.png
[2024-08-14T00:52:41.855] [ERROR] error - Response error:  https://www.zhipin.com/wapi/zppassport/set/zpToken
[2024-08-14T00:52:41.855] [ERROR] error - Response error:  https://img.bosszhipin.com/beijin/activity/img/20240321/488f35070cc7d0b68f7bc6162e775e889bdde955402bcb033f3db859b874674a7b2a7b9348c8a7a1.jpg.webp
[2024-08-14T00:52:41.855] [ERROR] error - Response error:  https://static.zhipin.com/library/js/sdk/verify-sdk-v2.3.js
[2024-08-14T00:52:41.856] [ERROR] error - Response error:  https://img.bosszhipin.com/beijin/activity/img/20240730/488f35070cc7d0b6325e3d2020d1e00814c10c5464ba5db93f3db859b874674a7b2a7b9348c8a7a1.jpg.webp
[2024-08-14T00:52:41.856] [ERROR] error - Response error:  https://img.bosszhipin.com/beijin/activity/img/20240808/488f35070cc7d0b62430baeb27da3b8e2199377bbdee3d753f3db859b874674a7b2a7b9348c8a7a1.jpg.webp
[2024-08-14T00:52:41.858] [ERROR] error - Response error:  https://img.bosszhipin.com/beijin/activity/img/20240221/488f35070cc7d0b69dc062f990bbd71bccc41632c9c835a480c0fe17b37418f00945b742138a9e17.png.webp
[2024-08-14T00:52:41.858] [ERROR] error - Response error:  https://img.bosszhipin.com/beijin/activity/img/20240222/488f35070cc7d0b64964b50b0e6addabfb3df6182506fd7a80c0fe17b37418f00945b742138a9e17.png.webp
[2024-08-14T00:52:41.859] [ERROR] error - Response error:  https://www.zhipin.com/wapi/zpuser/wap/getSecurityGuideV1
[2024-08-14T00:52:41.860] [ERROR] error - Response error:  https://www.zhipin.com/wapi/zpgeek/webtopbanner/query.json
[2024-08-14T00:52:41.861] [ERROR] error - Response error:  https://www.zhipin.com/wapi/zpgeek/collection/popup/window
[2024-08-14T00:52:41.861] [ERROR] error - Response error:  https://www.zhipin.com/web/common/header-tools.js
[2024-08-14T00:52:41.862] [ERROR] error - Response error:  https://logapi.zhipin.com/dap/jssdk/warlockdata.min.2.1.0.js
[2024-08-14T00:52:41.937] [ERROR] error - Response error:  https://www.zhipin.com/css/theme.css?t=20240814005242
[2024-08-14T00:52:42.018] [ERROR] error - Response error:  https://www.zhipin.com/shanghai/?seoRefer=index
[2024-08-14T00:52:42.196] [ERROR] error - Response error:  https://img.bosszhipin.com/beijin/icon/311b6ddad6ba9715ed040928842db41a6bb61e3b7bce0931da574d19d1d82c88.jpg
[2024-08-14T00:52:42.197] [ERROR] error - Response error:  https://img.bosszhipin.com/beijin/upload/com/logo/20201215/6b436a45e23da2c641ca4650a2ebcac5f216b61d2f4e8cf3a9c7c31876473fb1.jpg
[2024-08-14T00:52:42.198] [ERROR] error - Response error:  https://img.bosszhipin.com/beijin/upload/com/logo/20200517/9637559e3c2812ebc759f162317ed6ec714d5faae6a36efb4181318a02c51a6a.jpg
[2024-08-14T00:52:42.198] [ERROR] error - Response error:  https://img.bosszhipin.com/beijin/upload/com/logo/20240329/7b5b554d84f9729c5b610a7c6a25d9af204b2ac5e91402f792568e61e3e144e457c3153d5531a6ba.png.webp
[2024-08-14T00:52:42.200] [ERROR] error - Response error:  https://img.bosszhipin.com/beijin/upload/com/workfeel/20220707/7bf6f160950405e99dd6d90be4ca6db5fd101ff06361cd0fd903b0bdf619de14ae93106eb4e10689.jpg
[2024-08-14T00:52:42.200] [ERROR] error - Response error:  https://img.bosszhipin.com/beijin/upload/com/logo/20230516/7b5b554d84f9729c2be3f9c9ca4e2aa6538f07790fc8dcf9ce63d614f93a65ee3b135d2b9a519a7c.png
[2024-08-14T00:52:42.200] [ERROR] error - Response error:  https://img.bosszhipin.com/beijin/upload/com/workfeel/20231228/7bf6f160950405e9b0e375ff921c645b6ec1fcbe863569babf5560b995d7ca4a7d6936e1f329fd56.png.webp
[2024-08-14T00:52:42.201] [ERROR] error - Response error:  https://img.bosszhipin.com/beijin/upload/com/workfeel/20220311/7bf6f160950405e91937049e02cbfa95a5e5ea87bbb92cf406ead2f862d4febf309e5049e54127b3.jpg?x-oss-process=image/resize,w_100,limit_0
[2024-08-14T00:52:42.201] [ERROR] error - Response error:  https://img.bosszhipin.com/beijin/upload/com/workfeel/20240530/7bf6f160950405e9a818043c0fb0d59140f04a99f7a600799b0e81c7aeb40f760178dab777bf966f.png.webp?x-oss-process=image/resize,w_100,limit_0
[2024-08-14T00:52:42.201] [ERROR] error - Response error:  https://img.bosszhipin.com/beijin/upload/com/workfeel/20220819/7bf6f160950405e98504d5e84072165c2cb7f94cf2e78d81df1db992de9ba604dad8c7135d82bc95.jpg?x-oss-process=image/resize,w_100,limit_0
[2024-08-14T00:52:42.201] [ERROR] error - Response error:  https://img.bosszhipin.com/beijin/upload/com/workfeel/20220518/7bf6f160950405e9d414589b770d05b60f3346e5dcc71fc14e5f10961250af4f5fda1bc9a28e11f6.jpg?x-oss-process=image/resize,w_100,limit_0
[2024-08-14T00:52:42.202] [ERROR] error - Response error:  https://img.bosszhipin.com/beijin/mcs/banner/f074178f63c9b52aec4d08baaace477ccfcd208495d565ef66e7dff9f98764da.jpg?x-oss-process=image/resize,w_100,limit_0
[2024-08-14T00:52:42.202] [ERROR] error - Response error:  https://img.bosszhipin.com/beijin/upload/com/workfeel/20220707/7bf6f160950405e99dd6d90be4ca6db5fd101ff06361cd0fd903b0bdf619de14ae93106eb4e10689.jpg?x-oss-process=image/resize,w_100,limit_0
[2024-08-14T00:52:42.202] [ERROR] error - Response error:  https://img.bosszhipin.com/beijin/upload/com/logo/20230921/7b5b554d84f9729c3bb36c898d719813339dc69a0b2204deafa1bb7827379c3d6291a7b1ec3b1f82.jpg.webp?x-oss-process=image/resize,w_100,limit_0
[2024-08-14T00:52:42.202] [ERROR] error - Response error:  https://img.bosszhipin.com/beijin/upload/com/workfeel/20230607/7bf6f160950405e9608de19e18bdf3d105bc4a8b224ee93ea887d8720c975f038e794968e328bfee.jpg?x-oss-process=image/resize,w_100,limit_0
[2024-08-14T00:52:42.205] [ERROR] error - Response error:  https://img.bosszhipin.com/beijin/mcs/banner/6ec612c89cc8e2e93363d04176fc783bcfcd208495d565ef66e7dff9f98764da.jpg
[2024-08-14T00:52:42.205] [ERROR] error - Response error:  https://img.bosszhipin.com/beijin/mcs/bar/20191129/3cdf5ba2149e309b38868b62ae9c22cabe1bd4a3bd2a63f070bdbdada9aad826.jpg?x-oss-process=image/resize,w_100,limit_0
[2024-08-14T00:52:42.264] [ERROR] error - Response error:  https://res.zhipin.com/web/geek/resource/favor-medium-icon-blue@2x.png
[2024-08-14T00:52:42.293] [ERROR] error - Response error:  https://img.bosszhipin.com/beijin/activity/img/20240222/488f35070cc7d0b64964b50b0e6addabfb3df6182506fd7a80c0fe17b37418f00945b742138a9e17.png.webp
[2024-08-14T00:52:42.297] [ERROR] error - Response error:  https://img.bosszhipin.com/beijin/activity/img/20240221/488f35070cc7d0b69dc062f990bbd71bccc41632c9c835a480c0fe17b37418f00945b742138a9e17.png.webp
[2024-08-14T00:52:42.297] [ERROR] error - Response error:  https://img.bosszhipin.com/beijin/activity/img/20240222/488f35070cc7d0b6dd987483701c12f274e4b90be00f96d280c0fe17b37418f00945b742138a9e17.png.webp
[2024-08-14T00:52:42.316] [ERROR] error - Response error:  https://img.bosszhipin.com/beijin/activity/img/20240726/488f35070cc7d0b6446ea6c9bdcdf46ec2585bb9cb0bdbf99ba193bde9867e9bd96fb40e1cf56458.png.webp
[2024-08-14T00:52:42.316] [ERROR] error - Response error:  https://img.bosszhipin.com/beijin/activity/img/20240228/488f35070cc7d0b6d0945cbd3f9c51073ac02fecc9479e3780c0fe17b37418f00945b742138a9e17.png.webp
[2024-08-14T00:52:42.326] [ERROR] error - Response error:  https://logapi.zhipin.com/dap/jssdk/warlockdata.min.2.1.0.js
[2024-08-14T00:52:42.336] [ERROR] error - Response error:  https://www.zhipin.com/web/common/header-tools.js
[2024-08-14T00:52:42.343] [ERROR] error - Response error:  https://img.bosszhipin.com/beijin/icon/894ce6fa7e58d64d57e7f22d2f3a9d18afa7fcceaa24b8ea28f56f1bb14732c0.png?x-oss-process=image/resize,w_60,limit_0
[2024-08-14T00:52:42.343] [ERROR] error - Response error:  https://img.bosszhipin.com/beijin/mcs/banner/ebb231b67f63b9a74436b7a32092d501cfcd208495d565ef66e7dff9f98764da.jpg?x-oss-process=image/resize,w_60,limit_0
[2024-08-14T00:52:42.344] [ERROR] error - Response error:  https://img.bosszhipin.com/beijin/upload/com/logo/20230422/7b5b554d84f9729c0d20857f4eb38de2355a2d823442fb60725d26a1fa321333c741c29b1086b65e.png?x-oss-process=image/resize,w_60,limit_0
[2024-08-14T00:52:42.344] [ERROR] error - Response error:  https://img.bosszhipin.com/beijin/upload/com/logo/20230729/7b5b554d84f9729cc16d3d740251c21619c80c5e08f2b31ae87ec330096689afa72e1b25eff33e4c.jpg?x-oss-process=image/resize,w_60,limit_0
[2024-08-14T00:52:42.345] [ERROR] error - Response error:  https://res.zhipin.com/web/geek/resource/header-hi.png
[2024-08-14T00:52:42.421] [ERROR] error - Response error:  https://t.zhipin.com/_.gif?__a=63740376.1723567961..1723567961.2.1.2.2&__l=l%3D%252Fwww.zhipin.com%252Fweb%252Fuser%252F%26r%3D%26g%3D%26s%3D3%26friend_source%3D0&__g=-&e=529&r=%2Fwww.zhipin.com%2F&_=1723567919&pk=cpc_job_index_shanghai&url=https%3A%2F%2Fwww.zhipin.com%2Fshanghai%2F%3FseoRefer%3Dindex&s=3&friend_source=0&warlock=1
[2024-08-14T00:52:42.421] [ERROR] error - Response error:  https://www.zhipin.com/web/common/header-tools.css
[2024-08-14T00:52:42.424] [ERROR] error - Response error:  https://hm.baidu.com/hm.js?194df3105ad7148dcf2b98a91b5e727a
[2024-08-14T00:52:42.483] [ERROR] error - Response error:  https://hm.baidu.com/hm.gif?hca=5E9B702BAC99F3CF&cc=1&ck=1&cl=24-bit&ds=1536x960&vl=800&et=0&ja=0&ln=zh-cn&lo=0&rnd=1156572876&si=194df3105ad7148dcf2b98a91b5e727a&su=https%3A%2F%2Fwww.zhipin.com%2F&v=1.3.2&lv=1&sn=62997&r=0&ww=1000&u=https%3A%2F%2Fwww.zhipin.com%2Fshanghai%2F%3FseoRefer%3Dindex&tt=BOSS%E7%9B%B4%E8%81%98-%E6%89%BE%E5%B7%A5%E4%BD%9C%E4%B8%8ABOSS%E7%9B%B4%E8%81%98%E7%9B%B4%E6%8E%A5%E8%B0%88%EF%BC%81%E6%8B%9B%E8%81%98%E6%B1%82%E8%81%8C%E6%89%BE%E5%B7%A5%E4%BD%9C%EF%BC%81
[2024-08-14T00:52:43.338] [ERROR] error - Response error:  https://t.zhipin.com/e.gif?__a=63740376.1723567961..1723567961.2.1.2.2&__l=l%3D%252Fwww.zhipin.com%252Fweb%252Fuser%252F%26r%3D%26g%3D%26s%3D3%26friend_source%3D0&__g=-&e=1029&r=%2Fwww.zhipin.com%2F&_=1723567919&pk=cpc_job_index_shanghai&ca=pc-active&url=https%3A%2F%2Fwww.zhipin.com%2Fshanghai%2F%3FseoRefer%3Dindex&s=3&friend_source=0&warlock=1
[2024-08-14T00:52:44.256] [ERROR] error - Response error:  https://t.zhipin.com/f.gif?__a=63740376.1723567961..1723567961.2.1.2.2&__l=l%3D%252Fwww.zhipin.com%252Fweb%252Fuser%252F%26r%3D%26g%3D%26s%3D3%26friend_source%3D0&__g=-&e=1949&r=%2Fwww.zhipin.com%2F&_=1723567919&pk=cpc_job_index_shanghai&ca=screen_geek_1536_960_avail_1000_800&url=https%3A%2F%2Fwww.zhipin.com%2Fshanghai%2F%3FseoRefer%3Dindex&s=3&friend_source=0&warlock=1
[2024-08-14T01:16:29.200] [ERROR] error - Response error:  https://www.zhipin.com/web/user/
[2024-08-14T01:16:29.259] [ERROR] error - Response error:  https://static.zhipin.com/fe-zhipin-sign/v5072/static/css/app.cbe29321.css
[2024-08-14T01:16:29.326] [ERROR] error - Response error:  https://z.zhipin.com/H5/js/plugins/web-report.min-1.35.js
[2024-08-14T01:16:29.388] [ERROR] error - Response error:  https://static.zhipin.com/fe-zhipin-sign/v5072/static/js/iframe-core.2def20b5.js
[2024-08-14T01:16:29.400] [ERROR] error - Response error:  https://static.zhipin.com/fe-zhipin-sign/v5072/static/js/app.6e31e9fc.js
[2024-08-14T01:16:29.411] [ERROR] error - Response error:  https://static.zhipin.com/fe-zhipin-sign/v5072/static/js/vendors~app.6a4bb599.js
[2024-08-14T01:16:29.417] [ERROR] error - Response error:  https://static.zhipin.com/library/js/lib/jquery-1.12.2.min.js
[2024-08-14T01:16:29.468] [ERROR] error - Response error:  https://img.bosszhipin.com/static/file/2022/3n5u85ptgd1667195187847.png
[2024-08-14T01:16:29.480] [ERROR] error - Response error:  https://static.zhipin.com/library/js/analytics/ka.zhipin.min.js
[2024-08-14T01:16:29.502] [ERROR] error - Response error:  https://static.zhipin.com/fe-zhipin-sign/v5072/static/css/login-register-unite.ffc28e06.css
[2024-08-14T01:16:29.504] [ERROR] error - Response error:  https://static.zhipin.com/fe-zhipin-sign/v5072/static/js/user-sign.0646cb66.js
[2024-08-14T01:16:29.583] [ERROR] error - Response error:  https://static.zhipin.com/fe-zhipin-sign/v5072/static/js/login-register-unite.df4c4cdd.js
[2024-08-14T01:16:29.585] [ERROR] error - Response error:  https://t.kanzhun.com/z.gif?errorType=init&sceneType=init&linkID=&url=&errorCode=%7B%22appKey%22%3A%225be28c5d484793941b511%22%2C%22sceneType%22%3A%22init%22%2C%22apiUrl%22%3A%22%22%7D&appKey=5be28c5d484793941b511&json=%7B%7D&apiUrl=&href=https%3A%2F%2Fwww.zhipin.com%2Fweb%2Fuser%2F&ua=Mozilla%2F5.0%20(Macintosh%3B%20Intel%20Mac%20OS%20X%2010_15_7)%20AppleWebKit%2F537.36%20(KHTML%2C%20like%20Gecko)%20Chrome%2F127.0.0.0%20Safari%2F537.36&deviceInfo=%7B%22screenWidth%22%3A1536%2C%22screenHeight%22%3A960%2C%22innerWidth%22%3A1000%2C%22innerHeight%22%3A800%2C%22cookieEnabled%22%3Atrue%7D&referrer=&apiParam=%7B%7D&v=5072&ticket=52498740-ba78-473d-87ef-f48b70824286&openId=&_wdsource=&performanceTiming=%7B%7D&actionList=%5B%5D&reportingTime=2024-08-13T17%3A16%3A29.347Z&sdkV=2.6.1&history=&userId=&browserInfo=%7B%22device%22%3A%22PC%22%2C%22engine%22%3A%22Blink%22%2C%22browser%22%3A%22Chrome%22%2C%22os%22%3A%22Mac%20OS%22%2C%22osVersion%22%3A%2210.15.7%22%2C%22version%22%3A%22127.0.0.0%22%7D
[2024-08-14T01:16:29.585] [ERROR] error - Response error:  https://static.zhipin.com/fe-zhipin-sign/v5072/static/images/icons-boss.f2acc91.png
[2024-08-14T01:16:29.600] [ERROR] error - Response error:  https://t.zhipin.com/_.gif?__a=26176262.1723569389..1723569389.1.1.1.1&__l=l%3D%252Fwww.zhipin.com%252Fweb%252Fuser%252F%26r%3D%26g%3D%26s%3D3%26friend_source%3D0&__g=-&e=331&r=&_=1723569320&pk=cpc_user_sign_up&url=https%3A%2F%2Fwww.zhipin.com%2Fweb%2Fuser%2F&s=3&friend_source=0
[2024-08-14T01:16:29.686] [ERROR] error - Response error:  https://www.zhipin.com/favicon.ico
[2024-08-14T01:16:29.696] [ERROR] error - Response error:  https://z.zhipin.com/web/geek/resource/loading.gif
[2024-08-14T01:16:29.700] [ERROR] error - Response error:  https://static.zhipin.com/v2/web/geek/images/logo.png
[2024-08-14T01:16:29.715] [ERROR] error - Response error:  https://img.bosszhipin.com/static/file/2022/zlqc2m9fao1667185843533.png
[2024-08-14T01:16:29.718] [ERROR] error - Response error:  https://img.bosszhipin.com/static/file/2022/5j2r4fg3uy1666342531695.png
[2024-08-14T01:16:29.718] [ERROR] error - Response error:  https://img.bosszhipin.com/static/file/2022/4dwjcdpfje1667186848239.png
[2024-08-14T01:16:29.720] [ERROR] error - Response error:  https://t.zhipin.com/_.gif?__a=26176262.1723569389..1723569389.1.1.1.1&__l=l%3D%252Fwww.zhipin.com%252Fweb%252Fuser%252F%26r%3D%26g%3D%26s%3D3%26friend_source%3D0&__g=-&e=331&r=&_=1723569320&pk=cpc_user_sign_up&url=https%3A%2F%2Fwww.zhipin.com%2Fweb%2Fuser%2F&s=3&friend_source=0
[2024-08-14T01:16:29.733] [ERROR] error - Response error:  https://t.zhipin.com/e.gif?__a=26176262.1723569389..1723569389.1.1.1.1&__l=l%3D%252Fwww.zhipin.com%252Fweb%252Fuser%252F%26r%3D%26g%3D%26s%3D3%26friend_source%3D0&__g=-&e=252&r=&_=1723569320&pk=cpc_user_sign_up&ca=sinsmsck_load&url=https%3A%2F%2Fwww.zhipin.com%2Fweb%2Fuser%2F&s=3&friend_source=0
[2024-08-14T01:16:29.861] [ERROR] error - Response error:  https://at.alicdn.com/t/font_916585_h0y0u6lsf6a.woff2?t=1625797018984
[2024-08-14T01:16:29.958] [ERROR] error - Response error:  https://static.zhipin.com/zhipin-geek-seo/v5147/web/geek/css/main.css
[2024-08-14T01:16:29.961] [ERROR] error - Response error:  https://img.bosszhipin.com/static/file/2024/mctx1cdg891707037634775.png
[2024-08-14T01:16:29.962] [ERROR] error - Response error:  https://static.zhipin.com/v2/web/geek/images/fast-reg-text.png
[2024-08-14T01:16:29.962] [ERROR] error - Response error:  https://z.zhipin.com/H5/js/plugins/web-report.min-1.39.js
[2024-08-14T01:16:29.970] [ERROR] error - Response error:  https://www.zhipin.com/css/theme.css?t=20240814011630
[2024-08-14T01:16:30.160] [ERROR] error - Response error:  https://img.bosszhipin.com/beijin/icon/311b6ddad6ba9715ed040928842db41a6bb61e3b7bce0931da574d19d1d82c88.jpg
[2024-08-14T01:16:30.179] [ERROR] error - Response error:  https://www.zhipin.com/
[2024-08-14T01:16:30.317] [ERROR] error - Response error:  https://img.bosszhipin.com/beijin/boss/brand/common/img/20240527/0a1ba9d54e3d0f86ef4a798814856b65648008f515f13b546bb61e3b7bce0931da574d19d1d82c88.png.webp
[2024-08-14T01:16:30.328] [ERROR] error - Response error:  https://img.bosszhipin.com/beijin/upload/com/workfeel/20240418/7bf6f160950405e9686908df9ade47cdfc21fb2729cb3855c92a241e44f5552a4018723e367fc5f2.png.webp
[2024-08-14T01:16:30.329] [ERROR] error - Response error:  https://img.bosszhipin.com/beijin/upload/com/logo/20240719/7b5b554d84f9729c5b8db0bdcce41df1900ea701b90072d95085e074fcbe99977aba2e91bd588549.jpg.webp
[2024-08-14T01:16:30.330] [ERROR] error - Response error:  https://img.bosszhipin.com/beijin/upload/com/logo/20231121/7b5b554d84f9729cea77f333fac0dee54a7112ae1d3fd89b260cd777e55300f283fe3c3022d4486c.jpg.webp
[2024-08-14T01:16:30.330] [ERROR] error - Response error:  https://img.bosszhipin.com/beijin/icon/894ce6fa7e58d64d57e7f22d2f3a9d18afa7fcceaa24b8ea28f56f1bb14732c0.png
[2024-08-14T01:16:30.332] [ERROR] error - Response error:  https://img.bosszhipin.com/beijin/mcs/chatphoto/20200718/213a210bcc0cc88932c527ee540fb3edfeb6234cbb765056efca513819ca8dcf_s.jpg
[2024-08-14T01:16:30.334] [ERROR] error - Response error:  https://img.bosszhipin.com/beijin/mcs/banner/6ec612c89cc8e2e93363d04176fc783bcfcd208495d565ef66e7dff9f98764da.jpg
[2024-08-14T01:16:30.335] [ERROR] error - Response error:  https://img.bosszhipin.com/beijin/mcs/chatphoto/20191114/392f1a9b21b2c537f13abae241d1004e509793e62c3a6ccb81948646f8d71a64_s.jpg
[2024-08-14T01:16:30.336] [ERROR] error - Response error:  https://img.bosszhipin.com/beijin/upload/com/logo/20240718/7b5b554d84f9729cadd302dbb4e9c6084ff5c53a46a200c986695a2ce1675ebf8431288eb784f76e.jpg.webp?x-oss-process=image/resize,w_100,limit_0
[2024-08-14T01:16:30.336] [ERROR] error - Response error:  https://img.bosszhipin.com/beijin/upload/com/logo/20211102/7b5b554d84f9729c4a3fca52ee0e7d9684b97e61f45a6435d0a0ecd59ead2b929360478cc5f18710.png?x-oss-process=image/resize,w_100,limit_0
[2024-08-14T01:16:30.337] [ERROR] error - Response error:  https://img.bosszhipin.com/beijin/mcs/banner/a76bb6388901872528144f5b9da2187ccfcd208495d565ef66e7dff9f98764da.png?x-oss-process=image/resize,w_100,limit_0
[2024-08-14T01:16:30.338] [ERROR] error - Response error:  https://img.bosszhipin.com/beijin/mcs/banner/14276a7505b8550f874e6c11a4f25676cfcd208495d565ef66e7dff9f98764da.jpg?x-oss-process=image/resize,w_100,limit_0
[2024-08-14T01:16:30.338] [ERROR] error - Response error:  https://img.bosszhipin.com/beijin/upload/com/logo/20220818/7b5b554d84f9729cad333e50b646b78e877e9cfc13677bb876dbad474886bffc188c9bab41d07515.png?x-oss-process=image/resize,w_100,limit_0
[2024-08-14T01:16:30.338] [ERROR] error - Response error:  https://img.bosszhipin.com/beijin/mcs/banner/8d57abfcb71d625178c2daec2e53380ecfcd208495d565ef66e7dff9f98764da.png?x-oss-process=image/resize,w_100,limit_0
[2024-08-14T01:16:30.338] [ERROR] error - Response error:  https://img.bosszhipin.com/static/file/2021/dppx09luaq1637052502211.png
[2024-08-14T01:16:30.339] [ERROR] error - Response error:  https://img.bosszhipin.com/beijin/mcs/bar/20200916/5b4cf3f31218144ae60e9cdddb4f6abdbe1bd4a3bd2a63f070bdbdada9aad826.png?x-oss-process=image/resize,w_100,limit_0
[2024-08-14T01:16:30.339] [ERROR] error - Response error:  https://img.bosszhipin.com/beijin/mcs/bar/20191129/3cdf5ba2149e309b38868b62ae9c22cabe1bd4a3bd2a63f070bdbdada9aad826.jpg?x-oss-process=image/resize,w_100,limit_0
[2024-08-14T01:16:30.341] [ERROR] error - Response error:  https://static.zhipin.com/zhipin-geek-seo/v5147/web/geek/images/city_101010100.png
[2024-08-14T01:16:30.341] [ERROR] error - Response error:  https://c-res.zhipin.com/jrs/d15aac097868c7c18d6bca11c6632e49.jpg?x-oss-process=image/resize,w_100,limit_0
[2024-08-14T01:16:30.342] [ERROR] error - Response error:  https://static.zhipin.com/zhipin-geek-seo/v5147/web/geek/images/city_101020100.png
[2024-08-14T01:16:30.343] [ERROR] error - Response error:  https://static.zhipin.com/zhipin-geek-seo/v5147/web/geek/images/city_101030100.png
[2024-08-14T01:16:30.344] [ERROR] error - Response error:  https://static.zhipin.com/zhipin-geek-seo/v5147/web/geek/images/city_101110100.png
[2024-08-14T01:16:30.345] [ERROR] error - Response error:  https://static.zhipin.com/zhipin-geek-seo/v5147/web/geek/images/city_101190400.png
[2024-08-14T01:16:30.346] [ERROR] error - Response error:  https://static.zhipin.com/zhipin-geek-seo/v5147/web/geek/images/city_101200100.png
[2024-08-14T01:16:30.348] [ERROR] error - Response error:  https://static.zhipin.com/zhipin-geek-seo/v5147/web/geek/images/city_101180100.png
[2024-08-14T01:16:30.348] [ERROR] error - Response error:  https://img.bosszhipin.com/static/file/2023/g3f9o7qs9z1679895399114.png
[2024-08-14T01:16:30.349] [ERROR] error - Response error:  https://static.zhipin.com/zhipin-geek-seo/v5147/web/geek/images/city_101210100.png
[2024-08-14T01:16:30.350] [ERROR] error - Response error:  https://static.zhipin.com/zhipin-geek-seo/v5147/web/geek/images/city_101230200.png
[2024-08-14T01:16:30.351] [ERROR] error - Response error:  https://static.zhipin.com/zhipin-geek-seo/v5147/web/geek/images/city_101120200.png
[2024-08-14T01:16:30.352] [ERROR] error - Response error:  https://static.zhipin.com/zhipin-geek-seo/v5147/web/geek/images/city_101250100.png
[2024-08-14T01:16:30.353] [ERROR] error - Response error:  https://static.zhipin.com/zhipin-geek-seo/v5147/web/geek/images/city_101270100.png
[2024-08-14T01:16:30.356] [ERROR] error - Response error:  https://static.zhipin.com/zhipin-geek-seo/v5147/web/geek/images/city_101280100.png
[2024-08-14T01:16:30.359] [ERROR] error - Response error:  https://static.zhipin.com/zhipin-geek-seo/v5147/web/geek/images/city_101040100.png
[2024-08-14T01:16:30.360] [ERROR] error - Response error:  https://static.zhipin.com/zhipin-geek-seo/v5147/web/geek/images/city_101120100.png
[2024-08-14T01:16:30.362] [ERROR] error - Response error:  https://static.zhipin.com/zhipin-geek-seo/v5147/web/geek/images/city_101281600.png
[2024-08-14T01:16:30.365] [ERROR] error - Response error:  https://static.zhipin.com/zhipin-geek-seo/v5147/web/geek/images/city_101290100.png
[2024-08-14T01:16:30.367] [ERROR] error - Response error:  https://static.zhipin.com/zhipin-geek-seo/v5147/web/geek/images/city_101240100.png
[2024-08-14T01:16:30.368] [ERROR] error - Response error:  https://static.zhipin.com/zhipin-geek-seo/v5147/web/geek/images/city_101230100.png
[2024-08-14T01:16:30.369] [ERROR] error - Response error:  https://static.zhipin.com/v2/web/geek/images/we_chat_qr.jpg
[2024-08-14T01:16:30.370] [ERROR] error - Response error:  https://static.zhipin.com/zhipin-geek-seo/v5147/web/geek/images/success.png
[2024-08-14T01:16:30.371] [ERROR] error - Response error:  https://static.zhipin.com/v2/web/geek/images/icon-sign-welcome.png
[2024-08-14T01:16:30.373] [ERROR] error - Response error:  https://static.zhipin.com/zhipin-geek-seo/v5147/web/geek/images/city_101190100.png
[2024-08-14T01:16:30.374] [ERROR] error - Response error:  https://static.zhipin.com/zhipin-geek-seo/v5147/web/geek/images/city_101280600.png
[2024-08-14T01:16:30.376] [ERROR] error - Response error:  https://static.zhipin.com/zhipin-geek-seo/v5147/web/geek/images/city_101220100.png
[2024-08-14T01:16:30.379] [ERROR] error - Response error:  https://static.zhipin.com/zhipin-geek-seo/v5147/web/geek/images/city_101280800.png
[2024-08-14T01:16:30.380] [ERROR] error - Response error:  https://static.zhipin.com/zhipin-geek-seo/v5147/web/geek/images/city_101090100.png
[2024-08-14T01:16:30.381] [ERROR] error - Response error:  https://static.zhipin.com/v2/web/geek/images/footer-logo.png
[2024-08-14T01:16:30.386] [ERROR] error - Response error:  https://static.zhipin.com/zhipin-geek-seo/v5147/web/geek/images/city_101210400.png
[2024-08-14T01:16:30.386] [ERROR] error - Response error:  https://static.zhipin.com/v2/web/geek/images/icon-beian.png
[2024-08-14T01:16:30.386] [ERROR] error - Response error:  https://static.zhipin.com/v2/web/geek/images/icon-badge-1.png
[2024-08-14T01:16:30.387] [ERROR] error - Response error:  https://static.zhipin.com/v2/web/geek/images/wechat-qrcode-2.jpg
[2024-08-14T01:16:30.387] [ERROR] error - Response error:  https://img.bosszhipin.com/static/file/2023/odhroxegzz1678788090652.png
[2024-08-14T01:16:30.388] [ERROR] error - Response error:  https://img.bosszhipin.com/static/file/2023/umua62pczi1679922532668.png
[2024-08-14T01:16:30.388] [ERROR] error - Response error:  https://img.bosszhipin.com/static/file/2022/01vcskhm8y1652252017628.png
[2024-08-14T01:16:30.388] [ERROR] error - Response error:  https://img.bosszhipin.com/static/file/2023/rnb8fa70bs1675773960493.png
[2024-08-14T01:16:30.388] [ERROR] error - Response error:  https://img.bosszhipin.com/static/file/2022/tfguyqkgkb1651743005056.png
[2024-08-14T01:16:30.389] [ERROR] error - Response error:  https://static.zhipin.com/zhipin-geek-seo/v5147/web/geek/images/icons.png
[2024-08-14T01:16:30.389] [ERROR] error - Response error:  https://img.bosszhipin.com/static/file/2022/9iumhezupm1651820282511.png
[2024-08-14T01:16:30.390] [ERROR] error - Response error:  https://static.zhipin.com/library/js/lib/jquery-1.12.2.min.js
[2024-08-14T01:16:30.416] [ERROR] error - Response error:  https://static.zhipin.com/zhipin-geek-seo/v5147/web/geek/js/main.js
[2024-08-14T01:16:30.495] [ERROR] error - Response error:  https://static.zhipin.com/library/js/sdk/verify-sdk-v2.3.js
[2024-08-14T01:16:30.495] [ERROR] error - Response error:  https://img.bosszhipin.com/beijin/activity/img/20240321/488f35070cc7d0b68f7bc6162e775e889bdde955402bcb033f3db859b874674a7b2a7b9348c8a7a1.jpg.webp
[2024-08-14T01:16:30.496] [ERROR] error - Response error:  https://img.bosszhipin.com/beijin/activity/img/20240730/488f35070cc7d0b6325e3d2020d1e00814c10c5464ba5db93f3db859b874674a7b2a7b9348c8a7a1.jpg.webp
[2024-08-14T01:16:30.500] [ERROR] error - Response error:  https://img.bosszhipin.com/beijin/activity/img/20240808/488f35070cc7d0b62430baeb27da3b8e2199377bbdee3d753f3db859b874674a7b2a7b9348c8a7a1.jpg.webp
[2024-08-14T01:16:30.501] [ERROR] error - Response error:  https://img.bosszhipin.com/beijin/activity/img/20240221/488f35070cc7d0b69dc062f990bbd71bccc41632c9c835a480c0fe17b37418f00945b742138a9e17.png.webp
[2024-08-14T01:16:30.501] [ERROR] error - Response error:  https://img.bosszhipin.com/beijin/activity/img/20240222/488f35070cc7d0b64964b50b0e6addabfb3df6182506fd7a80c0fe17b37418f00945b742138a9e17.png.webp
[2024-08-14T01:16:30.504] [ERROR] error - Response error:  https://www.zhipin.com/wapi/zppassport/set/zpToken
[2024-08-14T01:16:30.504] [ERROR] error - Response error:  https://www.zhipin.com/wapi/zpuser/wap/getSecurityGuideV1
[2024-08-14T01:16:30.505] [ERROR] error - Response error:  https://www.zhipin.com/wapi/zpgeek/webtopbanner/query.json
[2024-08-14T01:16:30.505] [ERROR] error - Response error:  https://www.zhipin.com/wapi/zpgeek/collection/popup/window
[2024-08-14T01:16:30.505] [ERROR] error - Response error:  https://www.zhipin.com/web/common/header-tools.js
[2024-08-14T01:16:30.510] [ERROR] error - Response error:  https://logapi.zhipin.com/dap/jssdk/warlockdata.min.2.1.0.js
[2024-08-14T01:16:30.657] [ERROR] error - Response error:  https://img.bosszhipin.com/beijin/icon/311b6ddad6ba9715ed040928842db41a6bb61e3b7bce0931da574d19d1d82c88.jpg
[2024-08-14T01:16:30.657] [ERROR] error - Response error:  https://img.bosszhipin.com/beijin/mcs/banner/6ec612c89cc8e2e93363d04176fc783bcfcd208495d565ef66e7dff9f98764da.jpg
[2024-08-14T01:16:30.657] [ERROR] error - Response error:  https://www.zhipin.com/css/theme.css?t=20240814011630
[2024-08-14T01:16:30.725] [ERROR] error - Response error:  https://img.bosszhipin.com/beijin/upload/com/logo/20201215/6b436a45e23da2c641ca4650a2ebcac5f216b61d2f4e8cf3a9c7c31876473fb1.jpg
[2024-08-14T01:16:30.726] [ERROR] error - Response error:  https://img.bosszhipin.com/beijin/upload/com/logo/20200517/9637559e3c2812ebc759f162317ed6ec714d5faae6a36efb4181318a02c51a6a.jpg
[2024-08-14T01:16:30.729] [ERROR] error - Response error:  https://img.bosszhipin.com/beijin/upload/com/logo/20240329/7b5b554d84f9729c5b610a7c6a25d9af204b2ac5e91402f792568e61e3e144e457c3153d5531a6ba.png.webp
[2024-08-14T01:16:30.730] [ERROR] error - Response error:  https://img.bosszhipin.com/beijin/upload/com/workfeel/20220707/7bf6f160950405e99dd6d90be4ca6db5fd101ff06361cd0fd903b0bdf619de14ae93106eb4e10689.jpg
[2024-08-14T01:16:30.732] [ERROR] error - Response error:  https://img.bosszhipin.com/beijin/upload/com/logo/20230516/7b5b554d84f9729c2be3f9c9ca4e2aa6538f07790fc8dcf9ce63d614f93a65ee3b135d2b9a519a7c.png
[2024-08-14T01:16:30.785] [ERROR] error - Response error:  https://img.bosszhipin.com/beijin/upload/com/workfeel/20231228/7bf6f160950405e9b0e375ff921c645b6ec1fcbe863569babf5560b995d7ca4a7d6936e1f329fd56.png.webp
[2024-08-14T01:16:30.786] [ERROR] error - Response error:  https://img.bosszhipin.com/beijin/upload/com/workfeel/20220311/7bf6f160950405e91937049e02cbfa95a5e5ea87bbb92cf406ead2f862d4febf309e5049e54127b3.jpg?x-oss-process=image/resize,w_100,limit_0
[2024-08-14T01:16:30.787] [ERROR] error - Response error:  https://img.bosszhipin.com/beijin/upload/com/workfeel/20240530/7bf6f160950405e9a818043c0fb0d59140f04a99f7a600799b0e81c7aeb40f760178dab777bf966f.png.webp?x-oss-process=image/resize,w_100,limit_0
[2024-08-14T01:16:30.788] [ERROR] error - Response error:  https://img.bosszhipin.com/beijin/upload/com/workfeel/20220819/7bf6f160950405e98504d5e84072165c2cb7f94cf2e78d81df1db992de9ba604dad8c7135d82bc95.jpg?x-oss-process=image/resize,w_100,limit_0
[2024-08-14T01:16:30.788] [ERROR] error - Response error:  https://img.bosszhipin.com/beijin/upload/com/workfeel/20220518/7bf6f160950405e9d414589b770d05b60f3346e5dcc71fc14e5f10961250af4f5fda1bc9a28e11f6.jpg?x-oss-process=image/resize,w_100,limit_0
[2024-08-14T01:16:30.788] [ERROR] error - Response error:  https://img.bosszhipin.com/beijin/mcs/banner/f074178f63c9b52aec4d08baaace477ccfcd208495d565ef66e7dff9f98764da.jpg?x-oss-process=image/resize,w_100,limit_0
[2024-08-14T01:16:30.789] [ERROR] error - Response error:  https://img.bosszhipin.com/beijin/upload/com/workfeel/20220707/7bf6f160950405e99dd6d90be4ca6db5fd101ff06361cd0fd903b0bdf619de14ae93106eb4e10689.jpg?x-oss-process=image/resize,w_100,limit_0
[2024-08-14T01:16:30.791] [ERROR] error - Response error:  https://img.bosszhipin.com/beijin/upload/com/logo/20230921/7b5b554d84f9729c3bb36c898d719813339dc69a0b2204deafa1bb7827379c3d6291a7b1ec3b1f82.jpg.webp?x-oss-process=image/resize,w_100,limit_0
[2024-08-14T01:16:30.792] [ERROR] error - Response error:  https://img.bosszhipin.com/beijin/mcs/bar/20191129/3cdf5ba2149e309b38868b62ae9c22cabe1bd4a3bd2a63f070bdbdada9aad826.jpg?x-oss-process=image/resize,w_100,limit_0
[2024-08-14T01:16:30.829] [ERROR] error - Response error:  https://www.zhipin.com/shanghai/?seoRefer=index
[2024-08-14T01:16:30.830] [ERROR] error - Response error:  https://img.bosszhipin.com/beijin/upload/com/workfeel/20230607/7bf6f160950405e9608de19e18bdf3d105bc4a8b224ee93ea887d8720c975f038e794968e328bfee.jpg?x-oss-process=image/resize,w_100,limit_0
[2024-08-14T01:16:30.831] [ERROR] error - Response error:  https://res.zhipin.com/web/geek/resource/favor-medium-icon-blue@2x.png
[2024-08-14T01:16:30.952] [ERROR] error - Response error:  https://img.bosszhipin.com/beijin/activity/img/20240222/488f35070cc7d0b64964b50b0e6addabfb3df6182506fd7a80c0fe17b37418f00945b742138a9e17.png.webp
[2024-08-14T01:16:30.954] [ERROR] error - Response error:  https://img.bosszhipin.com/beijin/activity/img/20240221/488f35070cc7d0b69dc062f990bbd71bccc41632c9c835a480c0fe17b37418f00945b742138a9e17.png.webp
[2024-08-14T01:16:30.954] [ERROR] error - Response error:  https://img.bosszhipin.com/beijin/activity/img/20240726/488f35070cc7d0b6446ea6c9bdcdf46ec2585bb9cb0bdbf99ba193bde9867e9bd96fb40e1cf56458.png.webp
[2024-08-14T01:16:30.959] [ERROR] error - Response error:  https://img.bosszhipin.com/beijin/activity/img/20240228/488f35070cc7d0b6d0945cbd3f9c51073ac02fecc9479e3780c0fe17b37418f00945b742138a9e17.png.webp
[2024-08-14T01:16:30.959] [ERROR] error - Response error:  https://img.bosszhipin.com/beijin/activity/img/20240222/488f35070cc7d0b6dd987483701c12f274e4b90be00f96d280c0fe17b37418f00945b742138a9e17.png.webp
[2024-08-14T01:16:30.964] [ERROR] error - Response error:  https://logapi.zhipin.com/dap/jssdk/warlockdata.min.2.1.0.js
[2024-08-14T01:16:30.965] [ERROR] error - Response error:  https://www.zhipin.com/web/common/header-tools.js
[2024-08-14T01:16:30.965] [ERROR] error - Response error:  https://img.bosszhipin.com/beijin/mcs/banner/6ec612c89cc8e2e93363d04176fc783bcfcd208495d565ef66e7dff9f98764da.jpg?x-oss-process=image/resize,w_60,limit_0
[2024-08-14T01:16:30.965] [ERROR] error - Response error:  https://img.bosszhipin.com/beijin/mcs/chatphoto/20200702/0ea5ec3ed76e732b1c370e8bd28ead568ecfad085a87ac97b4667a0a98800ceb_s.jpg?x-oss-process=image/resize,w_60,limit_0
[2024-08-14T01:16:30.966] [ERROR] error - Response error:  https://img.bosszhipin.com/beijin/upload/com/logo/20200808/081b8ee828f0a25893f1dd028239a34aa0781d0584fb6e941605e54962c1c07f.png?x-oss-process=image/resize,w_60,limit_0
[2024-08-14T01:16:30.966] [ERROR] error - Response error:  https://img.bosszhipin.com/beijin/mcs/banner/eb7c416aa1c228b43cbae35dbf1e6990cfcd208495d565ef66e7dff9f98764da.jpg?x-oss-process=image/resize,w_60,limit_0
[2024-08-14T01:16:30.967] [ERROR] error - Response error:  https://img.bosszhipin.com/beijin/upload/com/workfeel/20240709/7bf6f160950405e95d0bf93328864ed074521fbb7073a1a30b6972a2c384aa184ded46a25ce50bd0.png.webp?x-oss-process=image/resize,w_60,limit_0
[2024-08-14T01:16:30.967] [ERROR] error - Response error:  https://img.bosszhipin.com/beijin/mcs/chatphoto/20200424/8fa5cb9abdc042fb0c6517ebb3abffa72295353472ea1fc6338067d0b6b5f6b4_s.jpg?x-oss-process=image/resize,w_60,limit_0
[2024-08-14T01:16:30.968] [ERROR] error - Response error:  https://img.bosszhipin.com/beijin/mcs/chatphoto/20170923/3978270818d7f6ff061f45e6e0078b9ecfcd208495d565ef66e7dff9f98764da.jpg?x-oss-process=image/resize,w_60,limit_0
[2024-08-14T01:16:30.977] [ERROR] error - Response error:  https://res.zhipin.com/web/geek/resource/header-hi.png
[2024-08-14T01:16:31.020] [ERROR] error - Response error:  https://t.zhipin.com/_.gif?__a=26176262.1723569389..1723569389.2.1.2.2&__l=l%3D%252Fwww.zhipin.com%252Fweb%252Fuser%252F%26r%3D%26g%3D%26s%3D3%26friend_source%3D0&__g=-&e=489&r=%2Fwww.zhipin.com%2F&_=1723569323&pk=cpc_job_index_shanghai&url=https%3A%2F%2Fwww.zhipin.com%2Fshanghai%2F%3FseoRefer%3Dindex&s=3&friend_source=0&warlock=1
[2024-08-14T01:16:31.026] [ERROR] error - Response error:  https://www.zhipin.com/web/common/header-tools.css
[2024-08-14T01:16:31.027] [ERROR] error - Response error:  https://hm.baidu.com/hm.js?194df3105ad7148dcf2b98a91b5e727a
[2024-08-14T01:16:31.066] [ERROR] error - Response error:  https://hm.baidu.com/hm.gif?hca=B67AC2DB5AF18C17&cc=1&ck=1&cl=24-bit&ds=1536x960&vl=800&et=0&ja=0&ln=zh-cn&lo=0&rnd=520285839&si=194df3105ad7148dcf2b98a91b5e727a&su=https%3A%2F%2Fwww.zhipin.com%2F&v=1.3.2&lv=1&sn=64426&r=0&ww=1000&u=https%3A%2F%2Fwww.zhipin.com%2Fshanghai%2F%3FseoRefer%3Dindex&tt=BOSS%E7%9B%B4%E8%81%98-%E6%89%BE%E5%B7%A5%E4%BD%9C%E4%B8%8ABOSS%E7%9B%B4%E8%81%98%E7%9B%B4%E6%8E%A5%E8%B0%88%EF%BC%81%E6%8B%9B%E8%81%98%E6%B1%82%E8%81%8C%E6%89%BE%E5%B7%A5%E4%BD%9C%EF%BC%81
[2024-08-14T01:16:31.939] [ERROR] error - Response error:  https://t.zhipin.com/e.gif?__a=26176262.1723569389..1723569389.2.1.2.2&__l=l%3D%252Fwww.zhipin.com%252Fweb%252Fuser%252F%26r%3D%26g%3D%26s%3D3%26friend_source%3D0&__g=-&e=1033&r=%2Fwww.zhipin.com%2F&_=1723569323&pk=cpc_job_index_shanghai&ca=pc-active&url=https%3A%2F%2Fwww.zhipin.com%2Fshanghai%2F%3FseoRefer%3Dindex&s=3&friend_source=0&warlock=1
[2024-08-14T01:16:32.868] [ERROR] error - Response error:  https://t.zhipin.com/f.gif?__a=26176262.1723569389..1723569389.2.1.2.2&__l=l%3D%252Fwww.zhipin.com%252Fweb%252Fuser%252F%26r%3D%26g%3D%26s%3D3%26friend_source%3D0&__g=-&e=1953&r=%2Fwww.zhipin.com%2F&_=1723569323&pk=cpc_job_index_shanghai&ca=screen_geek_1536_960_avail_1000_800&url=https%3A%2F%2Fwww.zhipin.com%2Fshanghai%2F%3FseoRefer%3Dindex&s=3&friend_source=0&warlock=1
[2024-08-14T01:19:16.002] [ERROR] error - Response error:  https://www.zhipin.com/web/user/
[2024-08-14T01:19:16.045] [ERROR] error - Response error:  https://static.zhipin.com/fe-zhipin-sign/v5072/static/css/app.cbe29321.css
[2024-08-14T01:19:16.136] [ERROR] error - Response error:  https://z.zhipin.com/H5/js/plugins/web-report.min-1.35.js
[2024-08-14T01:19:16.139] [ERROR] error - Response error:  https://static.zhipin.com/fe-zhipin-sign/v5072/static/js/app.6e31e9fc.js
[2024-08-14T01:19:16.238] [ERROR] error - Response error:  https://static.zhipin.com/fe-zhipin-sign/v5072/static/js/vendors~app.6a4bb599.js
[2024-08-14T01:19:16.240] [ERROR] error - Response error:  https://static.zhipin.com/fe-zhipin-sign/v5072/static/js/iframe-core.2def20b5.js
[2024-08-14T01:19:16.243] [ERROR] error - Response error:  https://static.zhipin.com/library/js/lib/jquery-1.12.2.min.js
[2024-08-14T01:19:16.331] [ERROR] error - Response error:  https://img.bosszhipin.com/static/file/2022/3n5u85ptgd1667195187847.png
[2024-08-14T01:19:16.333] [ERROR] error - Response error:  https://static.zhipin.com/library/js/analytics/ka.zhipin.min.js
[2024-08-14T01:19:16.364] [ERROR] error - Response error:  https://static.zhipin.com/fe-zhipin-sign/v5072/static/css/login-register-unite.ffc28e06.css
[2024-08-14T01:19:16.364] [ERROR] error - Response error:  https://static.zhipin.com/fe-zhipin-sign/v5072/static/js/user-sign.0646cb66.js
[2024-08-14T01:19:16.372] [ERROR] error - Response error:  https://static.zhipin.com/fe-zhipin-sign/v5072/static/js/login-register-unite.df4c4cdd.js
[2024-08-14T01:19:16.379] [ERROR] error - Response error:  https://static.zhipin.com/fe-zhipin-sign/v5072/static/images/icons-boss.f2acc91.png
[2024-08-14T01:19:16.465] [ERROR] error - Response error:  https://t.kanzhun.com/z.gif?errorType=init&sceneType=init&linkID=&url=&errorCode=%7B%22appKey%22%3A%225be28c5d484793941b511%22%2C%22sceneType%22%3A%22init%22%2C%22apiUrl%22%3A%22%22%7D&appKey=5be28c5d484793941b511&json=%7B%7D&apiUrl=&href=https%3A%2F%2Fwww.zhipin.com%2Fweb%2Fuser%2F&ua=Mozilla%2F5.0%20(Macintosh%3B%20Intel%20Mac%20OS%20X%2010_15_7)%20AppleWebKit%2F537.36%20(KHTML%2C%20like%20Gecko)%20Chrome%2F127.0.0.0%20Safari%2F537.36&deviceInfo=%7B%22screenWidth%22%3A1536%2C%22screenHeight%22%3A960%2C%22innerWidth%22%3A1000%2C%22innerHeight%22%3A800%2C%22cookieEnabled%22%3Atrue%7D&referrer=&apiParam=%7B%7D&v=5072&ticket=b43ff28f-f055-42da-9d6f-e9688c711132&openId=&_wdsource=&performanceTiming=%7B%7D&actionList=%5B%5D&reportingTime=2024-08-13T17%3A19%3A16.184Z&sdkV=2.6.1&history=&userId=&browserInfo=%7B%22device%22%3A%22PC%22%2C%22engine%22%3A%22Blink%22%2C%22browser%22%3A%22Chrome%22%2C%22os%22%3A%22Mac%20OS%22%2C%22osVersion%22%3A%2210.15.7%22%2C%22version%22%3A%22127.0.0.0%22%7D
[2024-08-14T01:19:16.485] [ERROR] error - Response error:  https://t.zhipin.com/_.gif?__a=32323671.1723569556..1723569556.1.1.1.1&__l=l%3D%252Fwww.zhipin.com%252Fweb%252Fuser%252F%26r%3D%26g%3D%26s%3D3%26friend_source%3D0&__g=-&e=453&r=&_=1723569509&pk=cpc_user_sign_up&url=https%3A%2F%2Fwww.zhipin.com%2Fweb%2Fuser%2F&s=3&friend_source=0
[2024-08-14T01:19:16.486] [ERROR] error - Response error:  https://static.zhipin.com/v2/web/geek/images/logo.png
[2024-08-14T01:19:16.487] [ERROR] error - Response error:  https://z.zhipin.com/web/geek/resource/loading.gif
[2024-08-14T01:19:16.504] [ERROR] error - Response error:  https://img.bosszhipin.com/static/file/2022/zlqc2m9fao1667185843533.png
[2024-08-14T01:19:16.510] [ERROR] error - Response error:  https://img.bosszhipin.com/static/file/2022/5j2r4fg3uy1666342531695.png
[2024-08-14T01:19:16.511] [ERROR] error - Response error:  https://img.bosszhipin.com/static/file/2022/4dwjcdpfje1667186848239.png
[2024-08-14T01:19:16.519] [ERROR] error - Response error:  https://t.zhipin.com/e.gif?__a=32323671.1723569556..1723569556.1.1.1.1&__l=l%3D%252Fwww.zhipin.com%252Fweb%252Fuser%252F%26r%3D%26g%3D%26s%3D3%26friend_source%3D0&__g=-&e=132&r=&_=1723569509&pk=cpc_user_sign_up&ca=sinsmsck_load&url=https%3A%2F%2Fwww.zhipin.com%2Fweb%2Fuser%2F&s=3&friend_source=0
[2024-08-14T01:19:16.532] [ERROR] error - Response error:  https://at.alicdn.com/t/font_916585_h0y0u6lsf6a.woff2?t=1625797018984
[2024-08-14T01:19:16.686] [ERROR] error - Response error:  https://www.zhipin.com/favicon.ico
[2024-08-14T01:19:16.711] [ERROR] error - Response error:  https://z.zhipin.com/H5/js/plugins/web-report.min-1.39.js
[2024-08-14T01:19:16.714] [ERROR] error - Response error:  https://img.bosszhipin.com/static/file/2024/mctx1cdg891707037634775.png
[2024-08-14T01:19:16.983] [ERROR] error - Response error:  https://static.zhipin.com/zhipin-geek-seo/v5147/web/geek/css/main.css
[2024-08-14T01:19:16.984] [ERROR] error - Response error:  https://static.zhipin.com/v2/web/geek/images/fast-reg-text.png
[2024-08-14T01:19:16.984] [ERROR] error - Response error:  https://www.zhipin.com/css/theme.css?t=20240814011917
[2024-08-14T01:19:17.065] [ERROR] error - Response error:  https://img.bosszhipin.com/beijin/icon/311b6ddad6ba9715ed040928842db41a6bb61e3b7bce0931da574d19d1d82c88.jpg
[2024-08-14T01:19:17.068] [ERROR] error - Response error:  https://img.bosszhipin.com/beijin/boss/brand/common/img/20240527/0a1ba9d54e3d0f86ef4a798814856b65648008f515f13b546bb61e3b7bce0931da574d19d1d82c88.png.webp
[2024-08-14T01:19:17.070] [ERROR] error - Response error:  https://img.bosszhipin.com/beijin/upload/com/workfeel/20240418/7bf6f160950405e9686908df9ade47cdfc21fb2729cb3855c92a241e44f5552a4018723e367fc5f2.png.webp
[2024-08-14T01:19:17.159] [ERROR] error - Response error:  https://www.zhipin.com/
[2024-08-14T01:19:17.160] [ERROR] error - Response error:  https://img.bosszhipin.com/beijin/upload/com/logo/20240719/7b5b554d84f9729c5b8db0bdcce41df1900ea701b90072d95085e074fcbe99977aba2e91bd588549.jpg.webp
[2024-08-14T01:19:17.160] [ERROR] error - Response error:  https://img.bosszhipin.com/beijin/icon/894ce6fa7e58d64d57e7f22d2f3a9d18afa7fcceaa24b8ea28f56f1bb14732c0.png
[2024-08-14T01:19:17.161] [ERROR] error - Response error:  https://img.bosszhipin.com/beijin/upload/com/logo/20231121/7b5b554d84f9729cea77f333fac0dee54a7112ae1d3fd89b260cd777e55300f283fe3c3022d4486c.jpg.webp
[2024-08-14T01:19:17.162] [ERROR] error - Response error:  https://static.zhipin.com/library/js/lib/jquery-1.12.2.min.js
[2024-08-14T01:19:17.165] [ERROR] error - Response error:  https://static.zhipin.com/zhipin-geek-seo/v5147/web/geek/images/city_101010100.png
[2024-08-14T01:19:17.167] [ERROR] error - Response error:  https://static.zhipin.com/zhipin-geek-seo/v5147/web/geek/images/city_101020100.png
[2024-08-14T01:19:17.169] [ERROR] error - Response error:  https://img.bosszhipin.com/beijin/mcs/chatphoto/20200718/213a210bcc0cc88932c527ee540fb3edfeb6234cbb765056efca513819ca8dcf_s.jpg
[2024-08-14T01:19:17.171] [ERROR] error - Response error:  https://static.zhipin.com/zhipin-geek-seo/v5147/web/geek/images/city_101030100.png
[2024-08-14T01:19:17.172] [ERROR] error - Response error:  https://img.bosszhipin.com/beijin/mcs/banner/6ec612c89cc8e2e93363d04176fc783bcfcd208495d565ef66e7dff9f98764da.jpg
[2024-08-14T01:19:17.173] [ERROR] error - Response error:  https://static.zhipin.com/zhipin-geek-seo/v5147/web/geek/images/city_101110100.png
[2024-08-14T01:19:17.185] [ERROR] error - Response error:  https://static.zhipin.com/zhipin-geek-seo/v5147/web/geek/js/main.js
[2024-08-14T01:19:17.187] [ERROR] error - Response error:  https://static.zhipin.com/zhipin-geek-seo/v5147/web/geek/images/city_101190400.png
[2024-08-14T01:19:17.188] [ERROR] error - Response error:  https://static.zhipin.com/zhipin-geek-seo/v5147/web/geek/images/city_101200100.png
[2024-08-14T01:19:17.190] [ERROR] error - Response error:  https://static.zhipin.com/zhipin-geek-seo/v5147/web/geek/images/city_101190100.png
[2024-08-14T01:19:17.192] [ERROR] error - Response error:  https://img.bosszhipin.com/beijin/mcs/chatphoto/20191114/392f1a9b21b2c537f13abae241d1004e509793e62c3a6ccb81948646f8d71a64_s.jpg
[2024-08-14T01:19:17.192] [ERROR] error - Response error:  https://img.bosszhipin.com/beijin/upload/com/logo/20240718/7b5b554d84f9729cadd302dbb4e9c6084ff5c53a46a200c986695a2ce1675ebf8431288eb784f76e.jpg.webp?x-oss-process=image/resize,w_100,limit_0
[2024-08-14T01:19:17.217] [ERROR] error - Response error:  https://static.zhipin.com/zhipin-geek-seo/v5147/web/geek/images/city_101180100.png
[2024-08-14T01:19:17.220] [ERROR] error - Response error:  https://img.bosszhipin.com/beijin/upload/com/logo/20211102/7b5b554d84f9729c4a3fca52ee0e7d9684b97e61f45a6435d0a0ecd59ead2b929360478cc5f18710.png?x-oss-process=image/resize,w_100,limit_0
[2024-08-14T01:19:17.221] [ERROR] error - Response error:  https://img.bosszhipin.com/beijin/mcs/banner/a76bb6388901872528144f5b9da2187ccfcd208495d565ef66e7dff9f98764da.png?x-oss-process=image/resize,w_100,limit_0
[2024-08-14T01:19:17.222] [ERROR] error - Response error:  https://c-res.zhipin.com/jrs/d15aac097868c7c18d6bca11c6632e49.jpg?x-oss-process=image/resize,w_100,limit_0
[2024-08-14T01:19:17.223] [ERROR] error - Response error:  https://static.zhipin.com/zhipin-geek-seo/v5147/web/geek/images/city_101120200.png
[2024-08-14T01:19:17.223] [ERROR] error - Response error:  https://img.bosszhipin.com/beijin/mcs/banner/14276a7505b8550f874e6c11a4f25676cfcd208495d565ef66e7dff9f98764da.jpg?x-oss-process=image/resize,w_100,limit_0
[2024-08-14T01:19:17.223] [ERROR] error - Response error:  https://img.bosszhipin.com/beijin/upload/com/logo/20220818/7b5b554d84f9729cad333e50b646b78e877e9cfc13677bb876dbad474886bffc188c9bab41d07515.png?x-oss-process=image/resize,w_100,limit_0
[2024-08-14T01:19:17.224] [ERROR] error - Response error:  https://img.bosszhipin.com/beijin/mcs/banner/8d57abfcb71d625178c2daec2e53380ecfcd208495d565ef66e7dff9f98764da.png?x-oss-process=image/resize,w_100,limit_0
[2024-08-14T01:19:17.224] [ERROR] error - Response error:  https://img.bosszhipin.com/beijin/mcs/bar/20191129/3cdf5ba2149e309b38868b62ae9c22cabe1bd4a3bd2a63f070bdbdada9aad826.jpg?x-oss-process=image/resize,w_100,limit_0
[2024-08-14T01:19:17.224] [ERROR] error - Response error:  https://img.bosszhipin.com/beijin/mcs/bar/20200916/5b4cf3f31218144ae60e9cdddb4f6abdbe1bd4a3bd2a63f070bdbdada9aad826.png?x-oss-process=image/resize,w_100,limit_0
[2024-08-14T01:19:17.225] [ERROR] error - Response error:  https://static.zhipin.com/zhipin-geek-seo/v5147/web/geek/images/city_101210100.png
[2024-08-14T01:19:17.226] [ERROR] error - Response error:  https://static.zhipin.com/zhipin-geek-seo/v5147/web/geek/images/city_101230200.png
[2024-08-14T01:19:17.228] [ERROR] error - Response error:  https://static.zhipin.com/zhipin-geek-seo/v5147/web/geek/images/city_101250100.png
[2024-08-14T01:19:17.230] [ERROR] error - Response error:  https://static.zhipin.com/zhipin-geek-seo/v5147/web/geek/images/city_101270100.png
[2024-08-14T01:19:17.231] [ERROR] error - Response error:  https://static.zhipin.com/zhipin-geek-seo/v5147/web/geek/images/city_101280100.png
[2024-08-14T01:19:17.232] [ERROR] error - Response error:  https://static.zhipin.com/zhipin-geek-seo/v5147/web/geek/images/city_101280600.png
[2024-08-14T01:19:17.233] [ERROR] error - Response error:  https://img.bosszhipin.com/static/file/2021/dppx09luaq1637052502211.png
[2024-08-14T01:19:17.234] [ERROR] error - Response error:  https://static.zhipin.com/zhipin-geek-seo/v5147/web/geek/images/city_101220100.png
[2024-08-14T01:19:17.235] [ERROR] error - Response error:  https://static.zhipin.com/zhipin-geek-seo/v5147/web/geek/images/city_101040100.png
[2024-08-14T01:19:17.236] [ERROR] error - Response error:  https://static.zhipin.com/zhipin-geek-seo/v5147/web/geek/images/city_101120100.png
[2024-08-14T01:19:17.237] [ERROR] error - Response error:  https://img.bosszhipin.com/static/file/2023/g3f9o7qs9z1679895399114.png
[2024-08-14T01:19:17.237] [ERROR] error - Response error:  https://img.bosszhipin.com/static/file/2023/odhroxegzz1678788090652.png
[2024-08-14T01:19:17.237] [ERROR] error - Response error:  https://img.bosszhipin.com/static/file/2023/umua62pczi1679922532668.png
[2024-08-14T01:19:17.237] [ERROR] error - Response error:  https://img.bosszhipin.com/static/file/2022/01vcskhm8y1652252017628.png
[2024-08-14T01:19:17.237] [ERROR] error - Response error:  https://img.bosszhipin.com/static/file/2023/rnb8fa70bs1675773960493.png
[2024-08-14T01:19:17.238] [ERROR] error - Response error:  https://img.bosszhipin.com/static/file/2022/tfguyqkgkb1651743005056.png
[2024-08-14T01:19:17.239] [ERROR] error - Response error:  https://static.zhipin.com/zhipin-geek-seo/v5147/web/geek/images/city_101280800.png
[2024-08-14T01:19:17.241] [ERROR] error - Response error:  https://static.zhipin.com/zhipin-geek-seo/v5147/web/geek/images/city_101281600.png
[2024-08-14T01:19:17.242] [ERROR] error - Response error:  https://static.zhipin.com/zhipin-geek-seo/v5147/web/geek/images/city_101290100.png
[2024-08-14T01:19:17.244] [ERROR] error - Response error:  https://static.zhipin.com/zhipin-geek-seo/v5147/web/geek/images/city_101240100.png
[2024-08-14T01:19:17.245] [ERROR] error - Response error:  https://static.zhipin.com/zhipin-geek-seo/v5147/web/geek/images/city_101090100.png
[2024-08-14T01:19:17.246] [ERROR] error - Response error:  https://static.zhipin.com/zhipin-geek-seo/v5147/web/geek/images/city_101210400.png
[2024-08-14T01:19:17.248] [ERROR] error - Response error:  https://static.zhipin.com/zhipin-geek-seo/v5147/web/geek/images/city_101230100.png
[2024-08-14T01:19:17.248] [ERROR] error - Response error:  https://static.zhipin.com/v2/web/geek/images/footer-logo.png
[2024-08-14T01:19:17.249] [ERROR] error - Response error:  https://static.zhipin.com/v2/web/geek/images/we_chat_qr.jpg
[2024-08-14T01:19:17.249] [ERROR] error - Response error:  https://static.zhipin.com/v2/web/geek/images/icon-badge-1.png
[2024-08-14T01:19:17.250] [ERROR] error - Response error:  https://static.zhipin.com/v2/web/geek/images/icon-beian.png
[2024-08-14T01:19:17.251] [ERROR] error - Response error:  https://static.zhipin.com/v2/web/geek/images/wechat-qrcode-2.jpg
[2024-08-14T01:19:17.252] [ERROR] error - Response error:  https://static.zhipin.com/zhipin-geek-seo/v5147/web/geek/images/success.png
[2024-08-14T01:19:17.252] [ERROR] error - Response error:  https://static.zhipin.com/v2/web/geek/images/icon-sign-welcome.png
[2024-08-14T01:19:17.252] [ERROR] error - Response error:  https://static.zhipin.com/zhipin-geek-seo/v5147/web/geek/images/icons.png
[2024-08-14T01:19:17.253] [ERROR] error - Response error:  https://img.bosszhipin.com/static/file/2022/9iumhezupm1651820282511.png
[2024-08-14T01:19:17.309] [ERROR] error - Response error:  https://apm-fe.zhipin.com/wapi/zpApm/httpMetrics/getConfig?appKey=ObsSRskiryhn60pf
[2024-08-14T01:19:17.309] [ERROR] error - Response error:  https://img.bosszhipin.com/beijin/activity/img/20240321/488f35070cc7d0b68f7bc6162e775e889bdde955402bcb033f3db859b874674a7b2a7b9348c8a7a1.jpg.webp
[2024-08-14T01:19:17.310] [ERROR] error - Response error:  https://www.zhipin.com/wapi/zppassport/set/zpToken
[2024-08-14T01:19:17.310] [ERROR] error - Response error:  https://static.zhipin.com/library/js/sdk/verify-sdk-v2.3.js
[2024-08-14T01:19:17.310] [ERROR] error - Response error:  https://img.bosszhipin.com/beijin/activity/img/20240730/488f35070cc7d0b6325e3d2020d1e00814c10c5464ba5db93f3db859b874674a7b2a7b9348c8a7a1.jpg.webp
[2024-08-14T01:19:17.310] [ERROR] error - Response error:  https://img.bosszhipin.com/beijin/activity/img/20240808/488f35070cc7d0b62430baeb27da3b8e2199377bbdee3d753f3db859b874674a7b2a7b9348c8a7a1.jpg.webp
[2024-08-14T01:19:17.310] [ERROR] error - Response error:  https://img.bosszhipin.com/beijin/activity/img/20240221/488f35070cc7d0b69dc062f990bbd71bccc41632c9c835a480c0fe17b37418f00945b742138a9e17.png.webp
[2024-08-14T01:19:17.310] [ERROR] error - Response error:  https://www.zhipin.com/wapi/zpgeek/collection/popup/window
[2024-08-14T01:19:17.311] [ERROR] error - Response error:  https://www.zhipin.com/wapi/zpgeek/webtopbanner/query.json
[2024-08-14T01:19:17.311] [ERROR] error - Response error:  https://www.zhipin.com/wapi/zpuser/wap/getSecurityGuideV1
[2024-08-14T01:19:17.311] [ERROR] error - Response error:  https://img.bosszhipin.com/beijin/activity/img/20240222/488f35070cc7d0b64964b50b0e6addabfb3df6182506fd7a80c0fe17b37418f00945b742138a9e17.png.webp
[2024-08-14T01:19:17.311] [ERROR] error - Response error:  https://www.zhipin.com/web/common/header-tools.js
[2024-08-14T01:19:17.311] [ERROR] error - Response error:  https://logapi.zhipin.com/dap/jssdk/warlockdata.min.2.1.0.js
[2024-08-14T01:19:17.385] [ERROR] error - Response error:  https://img.bosszhipin.com/beijin/upload/com/logo/20201215/6b436a45e23da2c641ca4650a2ebcac5f216b61d2f4e8cf3a9c7c31876473fb1.jpg
[2024-08-14T01:19:17.388] [ERROR] error - Response error:  https://img.bosszhipin.com/beijin/icon/311b6ddad6ba9715ed040928842db41a6bb61e3b7bce0931da574d19d1d82c88.jpg
[2024-08-14T01:19:17.388] [ERROR] error - Response error:  https://www.zhipin.com/css/theme.css?t=20240814011917
[2024-08-14T01:19:17.462] [ERROR] error - Response error:  https://www.zhipin.com/shanghai/?seoRefer=index
[2024-08-14T01:19:17.626] [ERROR] error - Response error:  https://img.bosszhipin.com/beijin/upload/com/logo/20200517/9637559e3c2812ebc759f162317ed6ec714d5faae6a36efb4181318a02c51a6a.jpg
[2024-08-14T01:19:17.627] [ERROR] error - Response error:  https://img.bosszhipin.com/beijin/mcs/banner/6ec612c89cc8e2e93363d04176fc783bcfcd208495d565ef66e7dff9f98764da.jpg
[2024-08-14T01:19:17.630] [ERROR] error - Response error:  https://img.bosszhipin.com/beijin/upload/com/logo/20240329/7b5b554d84f9729c5b610a7c6a25d9af204b2ac5e91402f792568e61e3e144e457c3153d5531a6ba.png.webp
[2024-08-14T01:19:17.632] [ERROR] error - Response error:  https://img.bosszhipin.com/beijin/upload/com/workfeel/20220707/7bf6f160950405e99dd6d90be4ca6db5fd101ff06361cd0fd903b0bdf619de14ae93106eb4e10689.jpg
[2024-08-14T01:19:17.635] [ERROR] error - Response error:  https://img.bosszhipin.com/beijin/upload/com/logo/20230516/7b5b554d84f9729c2be3f9c9ca4e2aa6538f07790fc8dcf9ce63d614f93a65ee3b135d2b9a519a7c.png
[2024-08-14T01:19:17.637] [ERROR] error - Response error:  https://img.bosszhipin.com/beijin/upload/com/workfeel/20231228/7bf6f160950405e9b0e375ff921c645b6ec1fcbe863569babf5560b995d7ca4a7d6936e1f329fd56.png.webp
[2024-08-14T01:19:17.637] [ERROR] error - Response error:  https://img.bosszhipin.com/beijin/upload/com/workfeel/20220311/7bf6f160950405e91937049e02cbfa95a5e5ea87bbb92cf406ead2f862d4febf309e5049e54127b3.jpg?x-oss-process=image/resize,w_100,limit_0
[2024-08-14T01:19:17.639] [ERROR] error - Response error:  https://img.bosszhipin.com/beijin/upload/com/workfeel/20220819/7bf6f160950405e98504d5e84072165c2cb7f94cf2e78d81df1db992de9ba604dad8c7135d82bc95.jpg?x-oss-process=image/resize,w_100,limit_0
[2024-08-14T01:19:17.640] [ERROR] error - Response error:  https://img.bosszhipin.com/beijin/upload/com/workfeel/20240530/7bf6f160950405e9a818043c0fb0d59140f04a99f7a600799b0e81c7aeb40f760178dab777bf966f.png.webp?x-oss-process=image/resize,w_100,limit_0
[2024-08-14T01:19:17.640] [ERROR] error - Response error:  https://img.bosszhipin.com/beijin/upload/com/workfeel/20220518/7bf6f160950405e9d414589b770d05b60f3346e5dcc71fc14e5f10961250af4f5fda1bc9a28e11f6.jpg?x-oss-process=image/resize,w_100,limit_0
[2024-08-14T01:19:17.640] [ERROR] error - Response error:  https://img.bosszhipin.com/beijin/mcs/banner/f074178f63c9b52aec4d08baaace477ccfcd208495d565ef66e7dff9f98764da.jpg?x-oss-process=image/resize,w_100,limit_0
[2024-08-14T01:19:17.641] [ERROR] error - Response error:  https://img.bosszhipin.com/beijin/upload/com/workfeel/20220707/7bf6f160950405e99dd6d90be4ca6db5fd101ff06361cd0fd903b0bdf619de14ae93106eb4e10689.jpg?x-oss-process=image/resize,w_100,limit_0
[2024-08-14T01:19:17.641] [ERROR] error - Response error:  https://img.bosszhipin.com/beijin/upload/com/logo/20230921/7b5b554d84f9729c3bb36c898d719813339dc69a0b2204deafa1bb7827379c3d6291a7b1ec3b1f82.jpg.webp?x-oss-process=image/resize,w_100,limit_0
[2024-08-14T01:19:17.641] [ERROR] error - Response error:  https://img.bosszhipin.com/beijin/mcs/bar/20191129/3cdf5ba2149e309b38868b62ae9c22cabe1bd4a3bd2a63f070bdbdada9aad826.jpg?x-oss-process=image/resize,w_100,limit_0
[2024-08-14T01:19:17.642] [ERROR] error - Response error:  https://img.bosszhipin.com/beijin/upload/com/workfeel/20230607/7bf6f160950405e9608de19e18bdf3d105bc4a8b224ee93ea887d8720c975f038e794968e328bfee.jpg?x-oss-process=image/resize,w_100,limit_0
[2024-08-14T01:19:17.644] [ERROR] error - Response error:  https://res.zhipin.com/web/geek/resource/favor-medium-icon-blue@2x.png
[2024-08-14T01:19:17.741] [ERROR] error - Response error:  https://img.bosszhipin.com/beijin/activity/img/20240222/488f35070cc7d0b64964b50b0e6addabfb3df6182506fd7a80c0fe17b37418f00945b742138a9e17.png.webp
[2024-08-14T01:19:17.742] [ERROR] error - Response error:  https://img.bosszhipin.com/beijin/activity/img/20240221/488f35070cc7d0b69dc062f990bbd71bccc41632c9c835a480c0fe17b37418f00945b742138a9e17.png.webp
[2024-08-14T01:19:17.750] [ERROR] error - Response error:  https://img.bosszhipin.com/beijin/activity/img/20240726/488f35070cc7d0b6446ea6c9bdcdf46ec2585bb9cb0bdbf99ba193bde9867e9bd96fb40e1cf56458.png.webp
[2024-08-14T01:19:17.750] [ERROR] error - Response error:  https://img.bosszhipin.com/beijin/activity/img/20240228/488f35070cc7d0b6d0945cbd3f9c51073ac02fecc9479e3780c0fe17b37418f00945b742138a9e17.png.webp
[2024-08-14T01:19:17.750] [ERROR] error - Response error:  https://img.bosszhipin.com/beijin/activity/img/20240222/488f35070cc7d0b6dd987483701c12f274e4b90be00f96d280c0fe17b37418f00945b742138a9e17.png.webp
[2024-08-14T01:19:17.751] [ERROR] error - Response error:  https://t.zhipin.com/_.gif?__a=32323671.1723569556..1723569556.2.1.2.2&__l=l%3D%252Fwww.zhipin.com%252Fweb%252Fuser%252F%26r%3D%26g%3D%26s%3D3%26friend_source%3D0&__g=-&e=410&r=%2Fwww.zhipin.com%2F&_=1723569512&pk=cpc_job_index_shanghai&url=https%3A%2F%2Fwww.zhipin.com%2Fshanghai%2F%3FseoRefer%3Dindex&s=3&friend_source=0&warlock=1
[2024-08-14T01:19:17.754] [ERROR] error - Response error:  https://www.zhipin.com/web/common/header-tools.js
[2024-08-14T01:19:17.756] [ERROR] error - Response error:  https://logapi.zhipin.com/dap/jssdk/warlockdata.min.2.1.0.js
[2024-08-14T01:19:17.758] [ERROR] error - Response error:  https://img.bosszhipin.com/beijin/icon/894ce6fa7e58d64d57e7f22d2f3a9d18afa7fcceaa24b8ea28f56f1bb14732c0.png?x-oss-process=image/resize,w_60,limit_0
[2024-08-14T01:19:17.758] [ERROR] error - Response error:  https://img.bosszhipin.com/beijin/mcs/banner/ebb231b67f63b9a74436b7a32092d501cfcd208495d565ef66e7dff9f98764da.jpg?x-oss-process=image/resize,w_60,limit_0
[2024-08-14T01:19:17.758] [ERROR] error - Response error:  https://img.bosszhipin.com/beijin/upload/com/logo/20230422/7b5b554d84f9729c0d20857f4eb38de2355a2d823442fb60725d26a1fa321333c741c29b1086b65e.png?x-oss-process=image/resize,w_60,limit_0
[2024-08-14T01:19:17.759] [ERROR] error - Response error:  https://img.bosszhipin.com/beijin/upload/com/logo/20230729/7b5b554d84f9729cc16d3d740251c21619c80c5e08f2b31ae87ec330096689afa72e1b25eff33e4c.jpg?x-oss-process=image/resize,w_60,limit_0
[2024-08-14T01:19:17.761] [ERROR] error - Response error:  https://res.zhipin.com/web/geek/resource/header-hi.png
[2024-08-14T01:19:17.826] [ERROR] error - Response error:  https://hm.baidu.com/hm.js?194df3105ad7148dcf2b98a91b5e727a
[2024-08-14T01:19:17.832] [ERROR] error - Response error:  https://www.zhipin.com/web/common/header-tools.css
[2024-08-14T01:19:17.925] [ERROR] error - Response error:  https://hm.baidu.com/hm.gif?hca=01E23DA426B5E28D&cc=1&ck=1&cl=24-bit&ds=1536x960&vl=800&et=0&ja=0&ln=zh-cn&lo=0&rnd=2145306113&si=194df3105ad7148dcf2b98a91b5e727a&su=https%3A%2F%2Fwww.zhipin.com%2F&v=1.3.2&lv=1&sn=64593&r=0&ww=1000&u=https%3A%2F%2Fwww.zhipin.com%2Fshanghai%2F%3FseoRefer%3Dindex&tt=BOSS%E7%9B%B4%E8%81%98-%E6%89%BE%E5%B7%A5%E4%BD%9C%E4%B8%8ABOSS%E7%9B%B4%E8%81%98%E7%9B%B4%E6%8E%A5%E8%B0%88%EF%BC%81%E6%8B%9B%E8%81%98%E6%B1%82%E8%81%8C%E6%89%BE%E5%B7%A5%E4%BD%9C%EF%BC%81
[2024-08-14T01:19:18.768] [ERROR] error - Response error:  https://t.zhipin.com/e.gif?__a=32323671.1723569556..1723569556.2.1.2.2&__l=l%3D%252Fwww.zhipin.com%252Fweb%252Fuser%252F%26r%3D%26g%3D%26s%3D3%26friend_source%3D0&__g=-&e=1101&r=%2Fwww.zhipin.com%2F&_=1723569512&pk=cpc_job_index_shanghai&ca=pc-active&url=https%3A%2F%2Fwww.zhipin.com%2Fshanghai%2F%3FseoRefer%3Dindex&s=3&friend_source=0&warlock=1
[2024-08-14T01:19:19.709] [ERROR] error - Response error:  https://t.zhipin.com/f.gif?__a=32323671.1723569556..1723569556.2.1.2.2&__l=l%3D%252Fwww.zhipin.com%252Fweb%252Fuser%252F%26r%3D%26g%3D%26s%3D3%26friend_source%3D0&__g=-&e=2037&r=%2Fwww.zhipin.com%2F&_=1723569512&pk=cpc_job_index_shanghai&ca=screen_geek_1536_960_avail_1000_800&url=https%3A%2F%2Fwww.zhipin.com%2Fshanghai%2F%3FseoRefer%3Dindex&s=3&friend_source=0&warlock=1
