[2024-08-14T00:52:40.710] [INFO] response - Response url:  https://apm-fe.zhipin.com/wapi/zpApm/httpMetrics/getConfig?appKey=ObsSRskiryhn60pf
[2024-08-14T00:52:40.710] [INFO] response - Response:  {
  code: 0,
  message: 'Success',
  zpData: {
    result: {
      appKey: 'ObsSRskiryhn60pf',
      bucketSize: 10,
      timeSlice: 10,
      reportPeriod: 10,
      metricsSwitch: false,
      pathBlacklist: [],
      hostBlacklist: []
    }
  }
}
[2024-08-14T00:52:40.795] [INFO] response - Response url:  https://www.zhipin.com/wapi/zppassport/set/zpToken
[2024-08-14T00:52:40.795] [INFO] response - Response:  { code: 0, message: 'Success', zpData: true }
[2024-08-14T00:52:40.892] [INFO] response - Response url:  https://logapi.zhipin.com/dap/api/json
[2024-08-14T00:52:40.915] [INFO] response - Response:  { c: 0, d: 724 }
[2024-08-14T00:52:40.995] [INFO] response - Response url:  https://www.zhipin.com/wapi/zpuser/wap/getUserInfo.json
[2024-08-14T00:52:40.995] [INFO] response - Response:  { code: 7, message: '当前登录状态已失效', zpData: {} }
[2024-08-14T00:52:41.018] [INFO] response - Response url:  https://logapi.zhipin.com/dap/api/json
[2024-08-14T00:52:41.018] [INFO] response - Response:  { c: 0, d: 724 }
[2024-08-14T00:52:41.692] [INFO] response - Response url:  https://apm-fe.zhipin.com/wapi/zpApm/httpMetrics/getConfig?appKey=ObsSRskiryhn60pf
[2024-08-14T00:52:41.692] [INFO] response - Response:  {
  code: 0,
  message: 'Success',
  zpData: {
    result: {
      appKey: 'ObsSRskiryhn60pf',
      bucketSize: 10,
      timeSlice: 10,
      reportPeriod: 10,
      metricsSwitch: false,
      pathBlacklist: [],
      hostBlacklist: []
    }
  }
}
[2024-08-14T00:52:42.316] [INFO] response - Response url:  https://apm-fe.zhipin.com/wapi/zpApm/httpMetrics/getConfig?appKey=ObsSRskiryhn60pf
[2024-08-14T00:52:42.316] [INFO] response - Response:  {
  code: 0,
  message: 'Success',
  zpData: {
    result: {
      appKey: 'ObsSRskiryhn60pf',
      bucketSize: 10,
      timeSlice: 10,
      reportPeriod: 10,
      metricsSwitch: false,
      pathBlacklist: [],
      hostBlacklist: []
    }
  }
}
[2024-08-14T00:52:42.323] [INFO] response - Response url:  https://www.zhipin.com/wapi/zppassport/set/zpToken
[2024-08-14T00:52:42.323] [INFO] response - Response:  { code: 0, message: 'Success', zpData: true }
[2024-08-14T00:52:42.328] [INFO] response - Response url:  https://www.zhipin.com/wapi/zpuser/wap/getSecurityGuideV1
[2024-08-14T00:52:42.328] [INFO] response - Response:  { code: 7, message: '当前登录状态已失效', zpData: {} }
[2024-08-14T00:52:42.330] [INFO] response - Response url:  https://www.zhipin.com/wapi/zpgeek/webtopbanner/query.json
[2024-08-14T00:52:42.330] [INFO] response - Response:  { code: 0, message: 'Success', zpData: {} }
[2024-08-14T00:52:42.333] [INFO] response - Response url:  https://www.zhipin.com/wapi/zpgeek/collection/popup/window
[2024-08-14T00:52:42.333] [INFO] response - Response:  {
  code: 0,
  message: 'Success',
  zpData: { userType: 0, cid: '172356796163740376' }
}
[2024-08-14T00:52:42.350] [INFO] response - Response url:  https://www.zhipin.com/wapi/zpgeek/common/data/city/site.json
[2024-08-14T00:52:42.350] [INFO] response - Response:  {
  code: 0,
  message: 'Success',
  zpData: {
    otherCitySites: [
      [Object], [Object], [Object],
      [Object], [Object], [Object],
      [Object], [Object], [Object],
      [Object], [Object], [Object],
      [Object], [Object], [Object],
      [Object], [Object], [Object],
      [Object], [Object], [Object],
      [Object], [Object], [Object],
      [Object]
    ],
    siteGroup: [
      [Object], [Object], [Object],
      [Object], [Object], [Object],
      [Object], [Object], [Object],
      [Object], [Object], [Object],
      [Object], [Object], [Object],
      [Object], [Object], [Object],
      [Object], [Object], [Object],
      [Object]
    ],
    hotCitySites: [
      [Object], [Object], [Object],
      [Object], [Object], [Object],
      [Object], [Object], [Object],
      [Object], [Object], [Object],
      [Object], [Object], [Object],
      [Object], [Object], [Object],
      [Object], [Object], [Object],
      [Object], [Object], [Object],
      [Object], [Object]
    ],
    siteList: [
      [Object], [Object], [Object],
      [Object], [Object], [Object],
      [Object], [Object], [Object],
      [Object], [Object], [Object],
      [Object], [Object], [Object],
      [Object], [Object], [Object],
      [Object], [Object], [Object],
      [Object], [Object], [Object],
      [Object], [Object], [Object],
      [Object], [Object], [Object],
      [Object], [Object], [Object],
      [Object]
    ]
  }
}
[2024-08-14T00:52:42.356] [INFO] response - Response url:  https://www.zhipin.com/wapi/zpCommon/data/industry.json
[2024-08-14T00:52:42.356] [INFO] response - Response:  {
  code: 0,
  message: 'Success',
  zpData: [
    {
      code: 100000,
      name: '互联网/AI',
      tip: null,
      subLevelModelList: [Array],
      firstChar: null,
      pinyin: null,
      rank: 0,
      mark: 0,
      positionType: 0,
      cityType: 0,
      capital: 0,
      color: null,
      recruitmentType: null,
      cityCode: null,
      regionCode: 0,
      value: null
    },
    {
      code: 101400,
      name: '电子/通信/半导体',
      tip: null,
      subLevelModelList: [Array],
      firstChar: null,
      pinyin: null,
      rank: 0,
      mark: 0,
      positionType: 0,
      cityType: 0,
      capital: 0,
      color: null,
      recruitmentType: null,
      cityCode: null,
      regionCode: 0,
      value: null
    },
    {
      code: 101100,
      name: '服务业',
      tip: null,
      subLevelModelList: [Array],
      firstChar: null,
      pinyin: null,
      rank: 0,
      mark: 0,
      positionType: 0,
      cityType: 0,
      capital: 0,
      color: null,
      recruitmentType: null,
      cityCode: null,
      regionCode: 0,
      value: null
    },
    {
      code: 101000,
      name: '消费品/批发/零售',
      tip: null,
      subLevelModelList: [Array],
      firstChar: null,
      pinyin: null,
      rank: 0,
      mark: 0,
      positionType: 0,
      cityType: 0,
      capital: 0,
      color: null,
      recruitmentType: null,
      cityCode: null,
      regionCode: 0,
      value: null
    },
    {
      code: 100700,
      name: '房地产/建筑',
      tip: null,
      subLevelModelList: [Array],
      firstChar: null,
      pinyin: null,
      rank: 0,
      mark: 0,
      positionType: 0,
      cityType: 0,
      capital: 0,
      color: null,
      recruitmentType: null,
      cityCode: null,
      regionCode: 0,
      value: null
    },
    {
      code: 100300,
      name: '教育培训',
      tip: null,
      subLevelModelList: [Array],
      firstChar: null,
      pinyin: null,
      rank: 0,
      mark: 0,
      positionType: 0,
      cityType: 0,
      capital: 0,
      color: null,
      recruitmentType: null,
      cityCode: null,
      regionCode: 0,
      value: null
    },
    {
      code: 100100,
      name: '广告/传媒/文化/体育',
      tip: null,
      subLevelModelList: [Array],
      firstChar: null,
      pinyin: null,
      rank: 0,
      mark: 0,
      positionType: 0,
      cityType: 0,
      capital: 0,
      color: null,
      recruitmentType: null,
      cityCode: null,
      regionCode: 0,
      value: null
    },
    {
      code: 100900,
      name: '制造业',
      tip: null,
      subLevelModelList: [Array],
      firstChar: null,
      pinyin: null,
      rank: 0,
      mark: 0,
      positionType: 0,
      cityType: 0,
      capital: 0,
      color: null,
      recruitmentType: null,
      cityCode: null,
      regionCode: 0,
      value: null
    },
    {
      code: 100600,
      name: '专业服务',
      tip: null,
      subLevelModelList: [Array],
      firstChar: null,
      pinyin: null,
      rank: 0,
      mark: 0,
      positionType: 0,
      cityType: 0,
      capital: 0,
      color: null,
      recruitmentType: null,
      cityCode: null,
      regionCode: 0,
      value: null
    },
    {
      code: 100400,
      name: '制药/医疗',
      tip: null,
      subLevelModelList: [Array],
      firstChar: null,
      pinyin: null,
      rank: 0,
      mark: 0,
      positionType: 0,
      cityType: 0,
      capital: 0,
      color: null,
      recruitmentType: null,
      cityCode: null,
      regionCode: 0,
      value: null
    },
    {
      code: 100800,
      name: '汽车',
      tip: null,
      subLevelModelList: [Array],
      firstChar: null,
      pinyin: null,
      rank: 0,
      mark: 0,
      positionType: 0,
      cityType: 0,
      capital: 0,
      color: null,
      recruitmentType: null,
      cityCode: null,
      regionCode: 0,
      value: null
    },
    {
      code: 100500,
      name: '交通运输/物流',
      tip: null,
      subLevelModelList: [Array],
      firstChar: null,
      pinyin: null,
      rank: 0,
      mark: 0,
      positionType: 0,
      cityType: 0,
      capital: 0,
      color: null,
      recruitmentType: null,
      cityCode: null,
      regionCode: 0,
      value: null
    },
    {
      code: 101200,
      name: '能源/化工/环保',
      tip: null,
      subLevelModelList: [Array],
      firstChar: null,
      pinyin: null,
      rank: 0,
      mark: 0,
      positionType: 0,
      cityType: 0,
      capital: 0,
      color: null,
      recruitmentType: null,
      cityCode: null,
      regionCode: 0,
      value: null
    },
    {
      code: 100200,
      name: '金融',
      tip: null,
      subLevelModelList: [Array],
      firstChar: null,
      pinyin: null,
      rank: 0,
      mark: 0,
      positionType: 0,
      cityType: 0,
      capital: 0,
      color: null,
      recruitmentType: null,
      cityCode: null,
      regionCode: 0,
      value: null
    },
    {
      code: 101300,
      name: '政府/非盈利机构/其他',
      tip: null,
      subLevelModelList: [Array],
      firstChar: null,
      pinyin: null,
      rank: 0,
      mark: 0,
      positionType: 0,
      cityType: 0,
      capital: 0,
      color: null,
      recruitmentType: null,
      cityCode: null,
      regionCode: 0,
      value: null
    }
  ]
}
[2024-08-14T00:52:42.359] [INFO] response - Response url:  https://www.zhipin.com/wapi/zpgeek/agreement/update/tip.json
[2024-08-14T00:52:42.359] [INFO] response - Response:  { code: 7, message: '当前登录状态已失效', zpData: {} }
[2024-08-14T00:52:42.359] [INFO] response - Response url:  https://www.zhipin.com/wapi/zpgeek/resume/parser/querybar.json
[2024-08-14T00:52:42.359] [INFO] response - Response:  { code: 7, message: '当前登录状态已失效', zpData: {} }
[2024-08-14T00:52:42.370] [INFO] response - Response url:  https://www.zhipin.com/wapi/zpCommon/data/getCityShowPosition?cityCode=101020100
[2024-08-14T00:52:42.370] [INFO] response - Response:  {
  code: 0,
  message: 'Success',
  zpData: {
    position: [
      [Object], [Object], [Object],
      [Object], [Object], [Object],
      [Object], [Object], [Object],
      [Object], [Object], [Object],
      [Object], [Object], [Object],
      [Object], [Object], [Object],
      [Object], [Object], [Object],
      [Object], [Object], [Object],
      [Object]
    ]
  }
}
[2024-08-14T00:52:42.420] [INFO] response - Response url:  https://www.zhipin.com/wapi/zpCommon/data/city.json
[2024-08-14T00:52:42.420] [INFO] response - Response:  {
  code: 0,
  message: 'Success',
  zpData: {
    hotCityList: [
      [Object], [Object],
      [Object], [Object],
      [Object], [Object],
      [Object], [Object],
      [Object], [Object],
      [Object], [Object],
      [Object], [Object],
      [Object]
    ],
    cityList: [
      [Object], [Object], [Object],
      [Object], [Object], [Object],
      [Object], [Object], [Object],
      [Object], [Object], [Object],
      [Object], [Object], [Object],
      [Object], [Object], [Object],
      [Object], [Object], [Object],
      [Object], [Object], [Object],
      [Object], [Object], [Object],
      [Object], [Object], [Object],
      [Object], [Object], [Object],
      [Object]
    ],
    locationCity: {
      code: 101020100,
      name: '上海',
      tip: null,
      subLevelModelList: null,
      firstChar: null,
      pinyin: null,
      rank: 0,
      mark: 0,
      positionType: 0,
      cityType: 0,
      capital: 0,
      color: null,
      recruitmentType: null,
      cityCode: null,
      regionCode: 0,
      value: null
    }
  }
}
[2024-08-14T00:52:42.420] [INFO] response - Response url:  https://logapi.zhipin.com/dap/api/json
[2024-08-14T00:52:42.420] [INFO] response - Response:  { c: 0, d: 782 }
[2024-08-14T00:52:42.421] [INFO] response - Response url:  https://www.zhipin.com/wapi/zpke/geek/course/pc/entry?
[2024-08-14T00:52:42.421] [INFO] response - Response:  { code: 7, message: '当前登录状态已失效', zpData: {} }
[2024-08-14T00:52:42.517] [INFO] response - Response url:  https://logapi.zhipin.com/dap/api/json
[2024-08-14T00:52:42.517] [INFO] response - Response:  { c: 0, d: 1129 }
[2024-08-14T00:52:43.337] [INFO] response - Response url:  https://logapi.zhipin.com/dap/api/json
[2024-08-14T00:52:43.337] [INFO] response - Response:  { c: 0, d: 1145 }
[2024-08-14T00:52:44.245] [INFO] response - Response url:  https://logapi.zhipin.com/dap/api/json
[2024-08-14T00:52:44.245] [INFO] response - Response:  { c: 0, d: 1174 }
[2024-08-14T00:52:45.568] [INFO] response - Response url:  https://apm-fe.zhipin.com/wapi/zpApm/actionLog/fe/common.json
[2024-08-14T00:52:45.568] [INFO] response - Response:  { code: 0, message: 'Success', zpData: true }
[2024-08-14T00:52:45.568] [INFO] response - Response url:  https://apm-fe.zhipin.com/wapi/zpApm/actionLog/fe/common.json
[2024-08-14T00:52:45.568] [INFO] response - Response:  { code: 0, message: 'Success', zpData: true }
[2024-08-14T01:16:29.499] [INFO] response - Response url:  https://www.zhipin.com/wapi/zppassport/set/zpToken
[2024-08-14T01:16:29.499] [INFO] response - Response:  { code: 0, message: 'Success', zpData: true }
[2024-08-14T01:16:29.501] [INFO] response - Response url:  https://apm-fe.zhipin.com/wapi/zpApm/httpMetrics/getConfig?appKey=ObsSRskiryhn60pf
[2024-08-14T01:16:29.501] [INFO] response - Response:  {
  code: 0,
  message: 'Success',
  zpData: {
    result: {
      appKey: 'ObsSRskiryhn60pf',
      bucketSize: 10,
      timeSlice: 10,
      reportPeriod: 10,
      metricsSwitch: false,
      pathBlacklist: [],
      hostBlacklist: []
    }
  }
}
[2024-08-14T01:16:29.589] [INFO] response - Response url:  https://logapi.zhipin.com/dap/api/json
[2024-08-14T01:16:29.589] [INFO] response - Response:  { c: 0, d: 724 }
[2024-08-14T01:16:29.681] [INFO] response - Response url:  https://www.zhipin.com/wapi/zpuser/wap/getUserInfo.json
[2024-08-14T01:16:29.682] [INFO] response - Response:  { code: 7, message: '当前登录状态已失效', zpData: {} }
[2024-08-14T01:16:29.719] [INFO] response - Response url:  https://logapi.zhipin.com/dap/api/json
[2024-08-14T01:16:29.720] [INFO] response - Response:  { c: 0, d: 724 }
[2024-08-14T01:16:30.417] [INFO] response - Response url:  https://apm-fe.zhipin.com/wapi/zpApm/httpMetrics/getConfig?appKey=ObsSRskiryhn60pf
[2024-08-14T01:16:30.417] [INFO] response - Response:  {
  code: 0,
  message: 'Success',
  zpData: {
    result: {
      appKey: 'ObsSRskiryhn60pf',
      bucketSize: 10,
      timeSlice: 10,
      reportPeriod: 10,
      metricsSwitch: false,
      pathBlacklist: [],
      hostBlacklist: []
    }
  }
}
[2024-08-14T01:16:30.941] [INFO] response - Response url:  https://apm-fe.zhipin.com/wapi/zpApm/httpMetrics/getConfig?appKey=ObsSRskiryhn60pf
[2024-08-14T01:16:30.941] [INFO] response - Response:  {
  code: 0,
  message: 'Success',
  zpData: {
    result: {
      appKey: 'ObsSRskiryhn60pf',
      bucketSize: 10,
      timeSlice: 10,
      reportPeriod: 10,
      metricsSwitch: false,
      pathBlacklist: [],
      hostBlacklist: []
    }
  }
}
[2024-08-14T01:16:30.962] [INFO] response - Response url:  https://www.zhipin.com/wapi/zppassport/set/zpToken
[2024-08-14T01:16:30.962] [INFO] response - Response:  { code: 0, message: 'Success', zpData: true }
[2024-08-14T01:16:30.962] [INFO] response - Response url:  https://www.zhipin.com/wapi/zpgeek/webtopbanner/query.json
[2024-08-14T01:16:30.962] [INFO] response - Response:  { code: 0, message: 'Success', zpData: {} }
[2024-08-14T01:16:30.962] [INFO] response - Response url:  https://www.zhipin.com/wapi/zpuser/wap/getSecurityGuideV1
[2024-08-14T01:16:30.962] [INFO] response - Response:  { code: 7, message: '当前登录状态已失效', zpData: {} }
[2024-08-14T01:16:30.963] [INFO] response - Response url:  https://www.zhipin.com/wapi/zpgeek/collection/popup/window
[2024-08-14T01:16:30.963] [INFO] response - Response:  {
  code: 0,
  message: 'Success',
  zpData: { userType: 0, cid: '172356938926176262' }
}
[2024-08-14T01:16:30.978] [INFO] response - Response url:  https://www.zhipin.com/wapi/zpCommon/data/industry.json
[2024-08-14T01:16:30.978] [INFO] response - Response:  {
  code: 0,
  message: 'Success',
  zpData: [
    {
      code: 100000,
      name: '互联网/AI',
      tip: null,
      subLevelModelList: [Array],
      firstChar: null,
      pinyin: null,
      rank: 0,
      mark: 0,
      positionType: 0,
      cityType: 0,
      capital: 0,
      color: null,
      recruitmentType: null,
      cityCode: null,
      regionCode: 0,
      value: null
    },
    {
      code: 101400,
      name: '电子/通信/半导体',
      tip: null,
      subLevelModelList: [Array],
      firstChar: null,
      pinyin: null,
      rank: 0,
      mark: 0,
      positionType: 0,
      cityType: 0,
      capital: 0,
      color: null,
      recruitmentType: null,
      cityCode: null,
      regionCode: 0,
      value: null
    },
    {
      code: 101100,
      name: '服务业',
      tip: null,
      subLevelModelList: [Array],
      firstChar: null,
      pinyin: null,
      rank: 0,
      mark: 0,
      positionType: 0,
      cityType: 0,
      capital: 0,
      color: null,
      recruitmentType: null,
      cityCode: null,
      regionCode: 0,
      value: null
    },
    {
      code: 101000,
      name: '消费品/批发/零售',
      tip: null,
      subLevelModelList: [Array],
      firstChar: null,
      pinyin: null,
      rank: 0,
      mark: 0,
      positionType: 0,
      cityType: 0,
      capital: 0,
      color: null,
      recruitmentType: null,
      cityCode: null,
      regionCode: 0,
      value: null
    },
    {
      code: 100700,
      name: '房地产/建筑',
      tip: null,
      subLevelModelList: [Array],
      firstChar: null,
      pinyin: null,
      rank: 0,
      mark: 0,
      positionType: 0,
      cityType: 0,
      capital: 0,
      color: null,
      recruitmentType: null,
      cityCode: null,
      regionCode: 0,
      value: null
    },
    {
      code: 100300,
      name: '教育培训',
      tip: null,
      subLevelModelList: [Array],
      firstChar: null,
      pinyin: null,
      rank: 0,
      mark: 0,
      positionType: 0,
      cityType: 0,
      capital: 0,
      color: null,
      recruitmentType: null,
      cityCode: null,
      regionCode: 0,
      value: null
    },
    {
      code: 100100,
      name: '广告/传媒/文化/体育',
      tip: null,
      subLevelModelList: [Array],
      firstChar: null,
      pinyin: null,
      rank: 0,
      mark: 0,
      positionType: 0,
      cityType: 0,
      capital: 0,
      color: null,
      recruitmentType: null,
      cityCode: null,
      regionCode: 0,
      value: null
    },
    {
      code: 100900,
      name: '制造业',
      tip: null,
      subLevelModelList: [Array],
      firstChar: null,
      pinyin: null,
      rank: 0,
      mark: 0,
      positionType: 0,
      cityType: 0,
      capital: 0,
      color: null,
      recruitmentType: null,
      cityCode: null,
      regionCode: 0,
      value: null
    },
    {
      code: 100600,
      name: '专业服务',
      tip: null,
      subLevelModelList: [Array],
      firstChar: null,
      pinyin: null,
      rank: 0,
      mark: 0,
      positionType: 0,
      cityType: 0,
      capital: 0,
      color: null,
      recruitmentType: null,
      cityCode: null,
      regionCode: 0,
      value: null
    },
    {
      code: 100400,
      name: '制药/医疗',
      tip: null,
      subLevelModelList: [Array],
      firstChar: null,
      pinyin: null,
      rank: 0,
      mark: 0,
      positionType: 0,
      cityType: 0,
      capital: 0,
      color: null,
      recruitmentType: null,
      cityCode: null,
      regionCode: 0,
      value: null
    },
    {
      code: 100800,
      name: '汽车',
      tip: null,
      subLevelModelList: [Array],
      firstChar: null,
      pinyin: null,
      rank: 0,
      mark: 0,
      positionType: 0,
      cityType: 0,
      capital: 0,
      color: null,
      recruitmentType: null,
      cityCode: null,
      regionCode: 0,
      value: null
    },
    {
      code: 100500,
      name: '交通运输/物流',
      tip: null,
      subLevelModelList: [Array],
      firstChar: null,
      pinyin: null,
      rank: 0,
      mark: 0,
      positionType: 0,
      cityType: 0,
      capital: 0,
      color: null,
      recruitmentType: null,
      cityCode: null,
      regionCode: 0,
      value: null
    },
    {
      code: 101200,
      name: '能源/化工/环保',
      tip: null,
      subLevelModelList: [Array],
      firstChar: null,
      pinyin: null,
      rank: 0,
      mark: 0,
      positionType: 0,
      cityType: 0,
      capital: 0,
      color: null,
      recruitmentType: null,
      cityCode: null,
      regionCode: 0,
      value: null
    },
    {
      code: 100200,
      name: '金融',
      tip: null,
      subLevelModelList: [Array],
      firstChar: null,
      pinyin: null,
      rank: 0,
      mark: 0,
      positionType: 0,
      cityType: 0,
      capital: 0,
      color: null,
      recruitmentType: null,
      cityCode: null,
      regionCode: 0,
      value: null
    },
    {
      code: 101300,
      name: '政府/非盈利机构/其他',
      tip: null,
      subLevelModelList: [Array],
      firstChar: null,
      pinyin: null,
      rank: 0,
      mark: 0,
      positionType: 0,
      cityType: 0,
      capital: 0,
      color: null,
      recruitmentType: null,
      cityCode: null,
      regionCode: 0,
      value: null
    }
  ]
}
[2024-08-14T01:16:30.982] [INFO] response - Response url:  https://www.zhipin.com/wapi/zpgeek/common/data/city/site.json
[2024-08-14T01:16:30.982] [INFO] response - Response:  {
  code: 0,
  message: 'Success',
  zpData: {
    otherCitySites: [
      [Object], [Object], [Object],
      [Object], [Object], [Object],
      [Object], [Object], [Object],
      [Object], [Object], [Object],
      [Object], [Object], [Object],
      [Object], [Object], [Object],
      [Object], [Object], [Object],
      [Object], [Object], [Object],
      [Object]
    ],
    siteGroup: [
      [Object], [Object], [Object],
      [Object], [Object], [Object],
      [Object], [Object], [Object],
      [Object], [Object], [Object],
      [Object], [Object], [Object],
      [Object], [Object], [Object],
      [Object], [Object], [Object],
      [Object]
    ],
    hotCitySites: [
      [Object], [Object], [Object],
      [Object], [Object], [Object],
      [Object], [Object], [Object],
      [Object], [Object], [Object],
      [Object], [Object], [Object],
      [Object], [Object], [Object],
      [Object], [Object], [Object],
      [Object], [Object], [Object],
      [Object], [Object]
    ],
    siteList: [
      [Object], [Object], [Object],
      [Object], [Object], [Object],
      [Object], [Object], [Object],
      [Object], [Object], [Object],
      [Object], [Object], [Object],
      [Object], [Object], [Object],
      [Object], [Object], [Object],
      [Object], [Object], [Object],
      [Object], [Object], [Object],
      [Object], [Object], [Object],
      [Object], [Object], [Object],
      [Object]
    ]
  }
}
[2024-08-14T01:16:30.991] [INFO] response - Response url:  https://www.zhipin.com/wapi/zpCommon/data/getCityShowPosition?cityCode=101020100
[2024-08-14T01:16:30.991] [INFO] response - Response:  {
  code: 0,
  message: 'Success',
  zpData: {
    position: [
      [Object], [Object], [Object],
      [Object], [Object], [Object],
      [Object], [Object], [Object],
      [Object], [Object], [Object],
      [Object], [Object], [Object],
      [Object], [Object], [Object],
      [Object], [Object], [Object],
      [Object], [Object], [Object],
      [Object]
    ]
  }
}
[2024-08-14T01:16:30.992] [INFO] response - Response url:  https://logapi.zhipin.com/dap/api/json
[2024-08-14T01:16:30.992] [INFO] response - Response:  { c: 0, d: 782 }
[2024-08-14T01:16:31.018] [INFO] response - Response url:  https://www.zhipin.com/wapi/zpCommon/data/city.json
[2024-08-14T01:16:31.018] [INFO] response - Response:  {
  code: 0,
  message: 'Success',
  zpData: {
    hotCityList: [
      [Object], [Object],
      [Object], [Object],
      [Object], [Object],
      [Object], [Object],
      [Object], [Object],
      [Object], [Object],
      [Object], [Object],
      [Object]
    ],
    cityList: [
      [Object], [Object], [Object],
      [Object], [Object], [Object],
      [Object], [Object], [Object],
      [Object], [Object], [Object],
      [Object], [Object], [Object],
      [Object], [Object], [Object],
      [Object], [Object], [Object],
      [Object], [Object], [Object],
      [Object], [Object], [Object],
      [Object], [Object], [Object],
      [Object], [Object], [Object],
      [Object]
    ],
    locationCity: {
      code: 101020100,
      name: '上海',
      tip: null,
      subLevelModelList: null,
      firstChar: null,
      pinyin: null,
      rank: 0,
      mark: 0,
      positionType: 0,
      cityType: 0,
      capital: 0,
      color: null,
      recruitmentType: null,
      cityCode: null,
      regionCode: 0,
      value: null
    }
  }
}
[2024-08-14T01:16:31.026] [INFO] response - Response url:  https://www.zhipin.com/wapi/zpgeek/agreement/update/tip.json
[2024-08-14T01:16:31.026] [INFO] response - Response:  { code: 7, message: '当前登录状态已失效', zpData: {} }
[2024-08-14T01:16:31.027] [INFO] response - Response url:  https://www.zhipin.com/wapi/zpgeek/resume/parser/querybar.json
[2024-08-14T01:16:31.027] [INFO] response - Response:  { code: 7, message: '当前登录状态已失效', zpData: {} }
[2024-08-14T01:16:31.028] [INFO] response - Response url:  https://www.zhipin.com/wapi/zpke/geek/course/pc/entry?
[2024-08-14T01:16:31.028] [INFO] response - Response:  { code: 7, message: '当前登录状态已失效', zpData: {} }
[2024-08-14T01:16:31.108] [INFO] response - Response url:  https://logapi.zhipin.com/dap/api/json
[2024-08-14T01:16:31.108] [INFO] response - Response:  { c: 0, d: 1132 }
[2024-08-14T01:16:31.939] [INFO] response - Response url:  https://logapi.zhipin.com/dap/api/json
[2024-08-14T01:16:31.939] [INFO] response - Response:  { c: 0, d: 1147 }
[2024-08-14T01:16:32.863] [INFO] response - Response url:  https://logapi.zhipin.com/dap/api/json
[2024-08-14T01:16:32.863] [INFO] response - Response:  { c: 0, d: 1176 }
[2024-08-14T01:16:34.169] [INFO] response - Response url:  https://apm-fe.zhipin.com/wapi/zpApm/actionLog/fe/common.json
[2024-08-14T01:16:34.169] [INFO] response - Response:  { code: 0, message: 'Success', zpData: true }
[2024-08-14T01:16:34.169] [INFO] response - Response url:  https://apm-fe.zhipin.com/wapi/zpApm/actionLog/fe/common.json
[2024-08-14T01:16:34.169] [INFO] response - Response:  { code: 0, message: 'Success', zpData: true }
[2024-08-14T01:19:16.331] [INFO] response - Response url:  https://apm-fe.zhipin.com/wapi/zpApm/httpMetrics/getConfig?appKey=ObsSRskiryhn60pf
[2024-08-14T01:19:16.331] [INFO] response - Response:  {
  code: 0,
  message: 'Success',
  zpData: {
    result: {
      appKey: 'ObsSRskiryhn60pf',
      bucketSize: 10,
      timeSlice: 10,
      reportPeriod: 10,
      metricsSwitch: false,
      pathBlacklist: [],
      hostBlacklist: []
    }
  }
}
[2024-08-14T01:19:16.333] [INFO] response - Response url:  https://www.zhipin.com/wapi/zppassport/set/zpToken
[2024-08-14T01:19:16.333] [INFO] response - Response:  { code: 0, message: 'Success', zpData: true }
[2024-08-14T01:19:16.480] [INFO] response - Response url:  https://www.zhipin.com/wapi/zpuser/wap/getUserInfo.json
[2024-08-14T01:19:16.480] [INFO] response - Response:  { code: 7, message: '当前登录状态已失效', zpData: {} }
[2024-08-14T01:19:16.487] [INFO] response - Response url:  https://logapi.zhipin.com/dap/api/json
[2024-08-14T01:19:16.490] [INFO] response - Response:  { c: 0, d: 724 }
[2024-08-14T01:19:16.517] [INFO] response - Response url:  https://logapi.zhipin.com/dap/api/json
[2024-08-14T01:19:16.517] [INFO] response - Response:  { c: 0, d: 724 }
[2024-08-14T01:19:17.730] [INFO] response - Response url:  https://apm-fe.zhipin.com/wapi/zpApm/httpMetrics/getConfig?appKey=ObsSRskiryhn60pf
[2024-08-14T01:19:17.730] [INFO] response - Response:  {
  code: 0,
  message: 'Success',
  zpData: {
    result: {
      appKey: 'ObsSRskiryhn60pf',
      bucketSize: 10,
      timeSlice: 10,
      reportPeriod: 10,
      metricsSwitch: false,
      pathBlacklist: [],
      hostBlacklist: []
    }
  }
}
[2024-08-14T01:19:17.750] [INFO] response - Response url:  https://www.zhipin.com/wapi/zppassport/set/zpToken
[2024-08-14T01:19:17.751] [INFO] response - Response:  { code: 0, message: 'Success', zpData: true }
[2024-08-14T01:19:17.751] [INFO] response - Response url:  https://www.zhipin.com/wapi/zpgeek/webtopbanner/query.json
[2024-08-14T01:19:17.751] [INFO] response - Response:  { code: 0, message: 'Success', zpData: {} }
[2024-08-14T01:19:17.752] [INFO] response - Response url:  https://www.zhipin.com/wapi/zpuser/wap/getSecurityGuideV1
[2024-08-14T01:19:17.752] [INFO] response - Response:  { code: 7, message: '当前登录状态已失效', zpData: {} }
[2024-08-14T01:19:17.753] [INFO] response - Response url:  https://www.zhipin.com/wapi/zpgeek/collection/popup/window
[2024-08-14T01:19:17.753] [INFO] response - Response:  {
  code: 0,
  message: 'Success',
  zpData: { userType: 0, cid: '172356955632323671' }
}
[2024-08-14T01:19:17.757] [INFO] response - Response url:  https://logapi.zhipin.com/dap/api/json
[2024-08-14T01:19:17.757] [INFO] response - Response:  { c: 0, d: 781 }
[2024-08-14T01:19:17.763] [INFO] response - Response url:  https://www.zhipin.com/wapi/zpCommon/data/industry.json
[2024-08-14T01:19:17.763] [INFO] response - Response:  {
  code: 0,
  message: 'Success',
  zpData: [
    {
      code: 100000,
      name: '互联网/AI',
      tip: null,
      subLevelModelList: [Array],
      firstChar: null,
      pinyin: null,
      rank: 0,
      mark: 0,
      positionType: 0,
      cityType: 0,
      capital: 0,
      color: null,
      recruitmentType: null,
      cityCode: null,
      regionCode: 0,
      value: null
    },
    {
      code: 101400,
      name: '电子/通信/半导体',
      tip: null,
      subLevelModelList: [Array],
      firstChar: null,
      pinyin: null,
      rank: 0,
      mark: 0,
      positionType: 0,
      cityType: 0,
      capital: 0,
      color: null,
      recruitmentType: null,
      cityCode: null,
      regionCode: 0,
      value: null
    },
    {
      code: 101100,
      name: '服务业',
      tip: null,
      subLevelModelList: [Array],
      firstChar: null,
      pinyin: null,
      rank: 0,
      mark: 0,
      positionType: 0,
      cityType: 0,
      capital: 0,
      color: null,
      recruitmentType: null,
      cityCode: null,
      regionCode: 0,
      value: null
    },
    {
      code: 101000,
      name: '消费品/批发/零售',
      tip: null,
      subLevelModelList: [Array],
      firstChar: null,
      pinyin: null,
      rank: 0,
      mark: 0,
      positionType: 0,
      cityType: 0,
      capital: 0,
      color: null,
      recruitmentType: null,
      cityCode: null,
      regionCode: 0,
      value: null
    },
    {
      code: 100700,
      name: '房地产/建筑',
      tip: null,
      subLevelModelList: [Array],
      firstChar: null,
      pinyin: null,
      rank: 0,
      mark: 0,
      positionType: 0,
      cityType: 0,
      capital: 0,
      color: null,
      recruitmentType: null,
      cityCode: null,
      regionCode: 0,
      value: null
    },
    {
      code: 100300,
      name: '教育培训',
      tip: null,
      subLevelModelList: [Array],
      firstChar: null,
      pinyin: null,
      rank: 0,
      mark: 0,
      positionType: 0,
      cityType: 0,
      capital: 0,
      color: null,
      recruitmentType: null,
      cityCode: null,
      regionCode: 0,
      value: null
    },
    {
      code: 100100,
      name: '广告/传媒/文化/体育',
      tip: null,
      subLevelModelList: [Array],
      firstChar: null,
      pinyin: null,
      rank: 0,
      mark: 0,
      positionType: 0,
      cityType: 0,
      capital: 0,
      color: null,
      recruitmentType: null,
      cityCode: null,
      regionCode: 0,
      value: null
    },
    {
      code: 100900,
      name: '制造业',
      tip: null,
      subLevelModelList: [Array],
      firstChar: null,
      pinyin: null,
      rank: 0,
      mark: 0,
      positionType: 0,
      cityType: 0,
      capital: 0,
      color: null,
      recruitmentType: null,
      cityCode: null,
      regionCode: 0,
      value: null
    },
    {
      code: 100600,
      name: '专业服务',
      tip: null,
      subLevelModelList: [Array],
      firstChar: null,
      pinyin: null,
      rank: 0,
      mark: 0,
      positionType: 0,
      cityType: 0,
      capital: 0,
      color: null,
      recruitmentType: null,
      cityCode: null,
      regionCode: 0,
      value: null
    },
    {
      code: 100400,
      name: '制药/医疗',
      tip: null,
      subLevelModelList: [Array],
      firstChar: null,
      pinyin: null,
      rank: 0,
      mark: 0,
      positionType: 0,
      cityType: 0,
      capital: 0,
      color: null,
      recruitmentType: null,
      cityCode: null,
      regionCode: 0,
      value: null
    },
    {
      code: 100800,
      name: '汽车',
      tip: null,
      subLevelModelList: [Array],
      firstChar: null,
      pinyin: null,
      rank: 0,
      mark: 0,
      positionType: 0,
      cityType: 0,
      capital: 0,
      color: null,
      recruitmentType: null,
      cityCode: null,
      regionCode: 0,
      value: null
    },
    {
      code: 100500,
      name: '交通运输/物流',
      tip: null,
      subLevelModelList: [Array],
      firstChar: null,
      pinyin: null,
      rank: 0,
      mark: 0,
      positionType: 0,
      cityType: 0,
      capital: 0,
      color: null,
      recruitmentType: null,
      cityCode: null,
      regionCode: 0,
      value: null
    },
    {
      code: 101200,
      name: '能源/化工/环保',
      tip: null,
      subLevelModelList: [Array],
      firstChar: null,
      pinyin: null,
      rank: 0,
      mark: 0,
      positionType: 0,
      cityType: 0,
      capital: 0,
      color: null,
      recruitmentType: null,
      cityCode: null,
      regionCode: 0,
      value: null
    },
    {
      code: 100200,
      name: '金融',
      tip: null,
      subLevelModelList: [Array],
      firstChar: null,
      pinyin: null,
      rank: 0,
      mark: 0,
      positionType: 0,
      cityType: 0,
      capital: 0,
      color: null,
      recruitmentType: null,
      cityCode: null,
      regionCode: 0,
      value: null
    },
    {
      code: 101300,
      name: '政府/非盈利机构/其他',
      tip: null,
      subLevelModelList: [Array],
      firstChar: null,
      pinyin: null,
      rank: 0,
      mark: 0,
      positionType: 0,
      cityType: 0,
      capital: 0,
      color: null,
      recruitmentType: null,
      cityCode: null,
      regionCode: 0,
      value: null
    }
  ]
}
[2024-08-14T01:19:17.767] [INFO] response - Response url:  https://www.zhipin.com/wapi/zpgeek/common/data/city/site.json
[2024-08-14T01:19:17.767] [INFO] response - Response:  {
  code: 0,
  message: 'Success',
  zpData: {
    otherCitySites: [
      [Object], [Object], [Object],
      [Object], [Object], [Object],
      [Object], [Object], [Object],
      [Object], [Object], [Object],
      [Object], [Object], [Object],
      [Object], [Object], [Object],
      [Object], [Object], [Object],
      [Object], [Object], [Object],
      [Object]
    ],
    siteGroup: [
      [Object], [Object], [Object],
      [Object], [Object], [Object],
      [Object], [Object], [Object],
      [Object], [Object], [Object],
      [Object], [Object], [Object],
      [Object], [Object], [Object],
      [Object], [Object], [Object],
      [Object]
    ],
    hotCitySites: [
      [Object], [Object], [Object],
      [Object], [Object], [Object],
      [Object], [Object], [Object],
      [Object], [Object], [Object],
      [Object], [Object], [Object],
      [Object], [Object], [Object],
      [Object], [Object], [Object],
      [Object], [Object], [Object],
      [Object], [Object]
    ],
    siteList: [
      [Object], [Object], [Object],
      [Object], [Object], [Object],
      [Object], [Object], [Object],
      [Object], [Object], [Object],
      [Object], [Object], [Object],
      [Object], [Object], [Object],
      [Object], [Object], [Object],
      [Object], [Object], [Object],
      [Object], [Object], [Object],
      [Object], [Object], [Object],
      [Object], [Object], [Object],
      [Object]
    ]
  }
}
[2024-08-14T01:19:17.791] [INFO] response - Response url:  https://www.zhipin.com/wapi/zpgeek/agreement/update/tip.json
[2024-08-14T01:19:17.791] [INFO] response - Response:  { code: 7, message: '当前登录状态已失效', zpData: {} }
[2024-08-14T01:19:17.812] [INFO] response - Response url:  https://www.zhipin.com/wapi/zpCommon/data/getCityShowPosition?cityCode=101020100
[2024-08-14T01:19:17.812] [INFO] response - Response:  {
  code: 0,
  message: 'Success',
  zpData: {
    position: [
      [Object], [Object], [Object],
      [Object], [Object], [Object],
      [Object], [Object], [Object],
      [Object], [Object], [Object],
      [Object], [Object], [Object],
      [Object], [Object], [Object],
      [Object], [Object], [Object],
      [Object], [Object], [Object],
      [Object]
    ]
  }
}
[2024-08-14T01:19:17.813] [INFO] response - Response url:  https://www.zhipin.com/wapi/zpgeek/resume/parser/querybar.json
[2024-08-14T01:19:17.813] [INFO] response - Response:  { code: 7, message: '当前登录状态已失效', zpData: {} }
[2024-08-14T01:19:17.833] [INFO] response - Response url:  https://www.zhipin.com/wapi/zpke/geek/course/pc/entry?
[2024-08-14T01:19:17.833] [INFO] response - Response:  { code: 7, message: '当前登录状态已失效', zpData: {} }
[2024-08-14T01:19:17.870] [INFO] response - Response url:  https://www.zhipin.com/wapi/zpCommon/data/city.json
[2024-08-14T01:19:17.870] [INFO] response - Response:  {
  code: 0,
  message: 'Success',
  zpData: {
    hotCityList: [
      [Object], [Object],
      [Object], [Object],
      [Object], [Object],
      [Object], [Object],
      [Object], [Object],
      [Object], [Object],
      [Object], [Object],
      [Object]
    ],
    cityList: [
      [Object], [Object], [Object],
      [Object], [Object], [Object],
      [Object], [Object], [Object],
      [Object], [Object], [Object],
      [Object], [Object], [Object],
      [Object], [Object], [Object],
      [Object], [Object], [Object],
      [Object], [Object], [Object],
      [Object], [Object], [Object],
      [Object], [Object], [Object],
      [Object], [Object], [Object],
      [Object]
    ],
    locationCity: {
      code: 101020100,
      name: '上海',
      tip: null,
      subLevelModelList: null,
      firstChar: null,
      pinyin: null,
      rank: 0,
      mark: 0,
      positionType: 0,
      cityType: 0,
      capital: 0,
      color: null,
      recruitmentType: null,
      cityCode: null,
      regionCode: 0,
      value: null
    }
  }
}
[2024-08-14T01:19:17.969] [INFO] response - Response url:  https://logapi.zhipin.com/dap/api/json
[2024-08-14T01:19:17.970] [INFO] response - Response:  { c: 0, d: 1131 }
[2024-08-14T01:19:18.769] [INFO] response - Response url:  https://logapi.zhipin.com/dap/api/json
[2024-08-14T01:19:18.769] [INFO] response - Response:  { c: 0, d: 1146 }
[2024-08-14T01:19:19.698] [INFO] response - Response url:  https://logapi.zhipin.com/dap/api/json
[2024-08-14T01:19:19.699] [INFO] response - Response:  { c: 0, d: 1174 }
[2024-08-14T01:19:21.028] [INFO] response - Response url:  https://apm-fe.zhipin.com/wapi/zpApm/actionLog/fe/common.json
[2024-08-14T01:19:21.028] [INFO] response - Response:  { code: 0, message: 'Success', zpData: true }
[2024-08-14T01:19:21.028] [INFO] response - Response url:  https://apm-fe.zhipin.com/wapi/zpApm/actionLog/fe/common.json
[2024-08-14T01:19:21.028] [INFO] response - Response:  { code: 0, message: 'Success', zpData: true }
